This file contains any messages produced by compilers while
running configure, to aid debugging if configure makes a mistake.

It was created by gtk+ configure 3.24.0, which was
generated by GNU Autoconf 2.69.  Invocation command line was

  $ ./configure 

## --------- ##
## Platform. ##
## --------- ##

hostname = localhost
uname -m = aarch64
uname -r = 5.10.101-14962-gede4ccb2bf53
uname -s = Linux
uname -v = #1 SMP PREEMPT Wed Apr 13 19:47:19 PDT 2022

/usr/bin/uname -p = unknown
/bin/uname -X     = 

/bin/arch              = aarch64
/usr/bin/arch -k       = unknown
/usr/convex/getsysinfo = unknown
/usr/bin/hostinfo      = unknown
/bin/machine           = unknown
/usr/bin/oslevel       = unknown
/bin/universe          = unknown

PATH: /home/rb/.local/bin
PATH: /usr/local/bin
PATH: /usr/bin
PATH: /bin
PATH: /usr/local/games
PATH: /usr/games
PATH: /home/rb/.local/bin
PATH: /sbin
PATH: /usr/local/bin
PATH: .
PATH: /home/rb/.local/bin
PATH: /sbin
PATH: /usr/local/bin
PATH: /usr/local/bin/ninja


## ----------- ##
## Core tests. ##
## ----------- ##

configure:3194: checking build system type
configure:3208: result: aarch64-unknown-linux-gnu
configure:3228: checking host system type
configure:3241: result: aarch64-unknown-linux-gnu
configure:3326: checking for a BSD-compatible install
configure:3394: result: /usr/bin/install -c
configure:3405: checking whether build environment is sane
configure:3460: result: yes
configure:3611: checking for a thread-safe mkdir -p
configure:3650: result: /usr/bin/mkdir -p
configure:3657: checking for gawk
configure:3687: result: no
configure:3657: checking for mawk
configure:3673: found /usr/bin/mawk
configure:3684: result: mawk
configure:3695: checking whether make sets $(MAKE)
configure:3717: result: yes
configure:3746: checking whether make supports nested variables
configure:3763: result: yes
configure:3843: checking whether UID '1000' is supported by ustar format
configure:3846: result: yes
configure:3853: checking whether GID '1000' is supported by ustar format
configure:3856: result: yes
configure:3864: checking how to create a ustar tar archive
configure:3875: tar --version
tar (GNU tar) 1.34
Copyright (C) 2021 Free Software Foundation, Inc.
License GPLv3+: GNU GPL version 3 or later <https://gnu.org/licenses/gpl.html>.
This is free software: you are free to change and redistribute it.
There is NO WARRANTY, to the extent permitted by law.

Written by John Gilmore and Jay Fenlason.
configure:3878: $? = 0
configure:3918: tardir=conftest.dir && eval tar --format=ustar -chf - "$tardir" >conftest.tar
configure:3921: $? = 0
configure:3925: tar -xf - <conftest.tar
configure:3928: $? = 0
configure:3930: cat conftest.dir/file
GrepMe
configure:3933: $? = 0
configure:3946: result: gnutar
configure:3997: checking whether to enable maintainer-specific portions of Makefiles
configure:4006: result: yes
configure:4034: checking whether make supports nested variables
configure:4051: result: yes
configure:4178: checking for gcc
configure:4194: found /usr/bin/gcc
configure:4205: result: gcc
configure:4434: checking for C compiler version
configure:4443: gcc --version >&5
gcc (Debian 10.2.1-6) 10.2.1 20210110
Copyright (C) 2020 Free Software Foundation, Inc.
This is free software; see the source for copying conditions.  There is NO
warranty; not even for MERCHANTABILITY or FITNESS FOR A PARTICULAR PURPOSE.

configure:4454: $? = 0
configure:4443: gcc -v >&5
Using built-in specs.
COLLECT_GCC=gcc
COLLECT_LTO_WRAPPER=/usr/lib/gcc/aarch64-linux-gnu/10/lto-wrapper
Target: aarch64-linux-gnu
Configured with: ../src/configure -v --with-pkgversion='Debian 10.2.1-6' --with-bugurl=file:///usr/share/doc/gcc-10/README.Bugs --enable-languages=c,ada,c++,go,d,fortran,objc,obj-c++,m2 --prefix=/usr --with-gcc-major-version-only --program-suffix=-10 --program-prefix=aarch64-linux-gnu- --enable-shared --enable-linker-build-id --libexecdir=/usr/lib --without-included-gettext --enable-threads=posix --libdir=/usr/lib --enable-nls --enable-bootstrap --enable-clocale=gnu --enable-libstdcxx-debug --enable-libstdcxx-time=yes --with-default-libstdcxx-abi=new --enable-gnu-unique-object --disable-libquadmath --disable-libquadmath-support --enable-plugin --enable-default-pie --with-system-zlib --enable-libphobos-checking=release --with-target-system-zlib=auto --enable-objc-gc=auto --enable-multiarch --enable-fix-cortex-a53-843419 --disable-werror --enable-checking=release --build=aarch64-linux-gnu --host=aarch64-linux-gnu --target=aarch64-linux-gnu --with-build-config=bootstrap-lto-lean --enable-link-mutex
Thread model: posix
Supported LTO compression algorithms: zlib zstd
gcc version 10.2.1 20210110 (Debian 10.2.1-6) 
configure:4454: $? = 0
configure:4443: gcc -V >&5
gcc: error: unrecognized command-line option '-V'
gcc: fatal error: no input files
compilation terminated.
configure:4454: $? = 1
configure:4443: gcc -qversion >&5
gcc: error: unrecognized command-line option '-qversion'; did you mean '--version'?
gcc: fatal error: no input files
compilation terminated.
configure:4454: $? = 1
configure:4474: checking whether the C compiler works
configure:4496: gcc    conftest.c  >&5
configure:4500: $? = 0
configure:4548: result: yes
configure:4551: checking for C compiler default output file name
configure:4553: result: a.out
configure:4559: checking for suffix of executables
configure:4566: gcc -o conftest    conftest.c  >&5
configure:4570: $? = 0
configure:4592: result: 
configure:4614: checking whether we are cross compiling
configure:4622: gcc -o conftest    conftest.c  >&5
configure:4626: $? = 0
configure:4633: ./conftest
configure:4637: $? = 0
configure:4652: result: no
configure:4657: checking for suffix of object files
configure:4679: gcc -c   conftest.c >&5
configure:4683: $? = 0
configure:4704: result: o
configure:4708: checking whether we are using the GNU C compiler
configure:4727: gcc -c   conftest.c >&5
configure:4727: $? = 0
configure:4736: result: yes
configure:4745: checking whether gcc accepts -g
configure:4765: gcc -c -g  conftest.c >&5
configure:4765: $? = 0
configure:4806: result: yes
configure:4823: checking for gcc option to accept ISO C89
configure:4886: gcc  -c -g -O2  conftest.c >&5
configure:4886: $? = 0
configure:4899: result: none needed
configure:4924: checking whether gcc understands -c and -o together
configure:4946: gcc -c conftest.c -o conftest2.o
configure:4949: $? = 0
configure:4946: gcc -c conftest.c -o conftest2.o
configure:4949: $? = 0
configure:4961: result: yes
configure:4981: checking whether make supports the include directive
configure:4996: make -f confmf.GNU && cat confinc.out
this is the am__doit target
configure:4999: $? = 0
configure:5018: result: yes (GNU style)
configure:5043: checking dependency style of gcc
configure:5154: result: gcc3
configure:5174: checking how to run the C preprocessor
configure:5205: gcc -E  conftest.c
configure:5205: $? = 0
configure:5219: gcc -E  conftest.c
conftest.c:9:10: fatal error: ac_nonexistent.h: No such file or directory
    9 | #include <ac_nonexistent.h>
      |          ^~~~~~~~~~~~~~~~~~
compilation terminated.
configure:5219: $? = 1
configure: failed program was:
| /* confdefs.h */
| #define PACKAGE_NAME "gtk+"
| #define PACKAGE_TARNAME "gtk+"
| #define PACKAGE_VERSION "3.24.0"
| #define PACKAGE_STRING "gtk+ 3.24.0"
| #define PACKAGE_BUGREPORT "http://bugzilla.gnome.org/enter_bug.cgi?product=gtk%2B"
| #define PACKAGE_URL ""
| /* end confdefs.h.  */
| #include <ac_nonexistent.h>
configure:5244: result: gcc -E
configure:5264: gcc -E  conftest.c
configure:5264: $? = 0
configure:5278: gcc -E  conftest.c
conftest.c:9:10: fatal error: ac_nonexistent.h: No such file or directory
    9 | #include <ac_nonexistent.h>
      |          ^~~~~~~~~~~~~~~~~~
compilation terminated.
configure:5278: $? = 1
configure: failed program was:
| /* confdefs.h */
| #define PACKAGE_NAME "gtk+"
| #define PACKAGE_TARNAME "gtk+"
| #define PACKAGE_VERSION "3.24.0"
| #define PACKAGE_STRING "gtk+ 3.24.0"
| #define PACKAGE_BUGREPORT "http://bugzilla.gnome.org/enter_bug.cgi?product=gtk%2B"
| #define PACKAGE_URL ""
| /* end confdefs.h.  */
| #include <ac_nonexistent.h>
configure:5362: checking for gcc
configure:5378: found /usr/bin/gcc
configure:5389: result: gcc
configure:5618: checking for C compiler version
configure:5627: gcc --version >&5
gcc (Debian 10.2.1-6) 10.2.1 20210110
Copyright (C) 2020 Free Software Foundation, Inc.
This is free software; see the source for copying conditions.  There is NO
warranty; not even for MERCHANTABILITY or FITNESS FOR A PARTICULAR PURPOSE.

configure:5638: $? = 0
configure:5627: gcc -v >&5
Using built-in specs.
COLLECT_GCC=gcc
COLLECT_LTO_WRAPPER=/usr/lib/gcc/aarch64-linux-gnu/10/lto-wrapper
Target: aarch64-linux-gnu
Configured with: ../src/configure -v --with-pkgversion='Debian 10.2.1-6' --with-bugurl=file:///usr/share/doc/gcc-10/README.Bugs --enable-languages=c,ada,c++,go,d,fortran,objc,obj-c++,m2 --prefix=/usr --with-gcc-major-version-only --program-suffix=-10 --program-prefix=aarch64-linux-gnu- --enable-shared --enable-linker-build-id --libexecdir=/usr/lib --without-included-gettext --enable-threads=posix --libdir=/usr/lib --enable-nls --enable-bootstrap --enable-clocale=gnu --enable-libstdcxx-debug --enable-libstdcxx-time=yes --with-default-libstdcxx-abi=new --enable-gnu-unique-object --disable-libquadmath --disable-libquadmath-support --enable-plugin --enable-default-pie --with-system-zlib --enable-libphobos-checking=release --with-target-system-zlib=auto --enable-objc-gc=auto --enable-multiarch --enable-fix-cortex-a53-843419 --disable-werror --enable-checking=release --build=aarch64-linux-gnu --host=aarch64-linux-gnu --target=aarch64-linux-gnu --with-build-config=bootstrap-lto-lean --enable-link-mutex
Thread model: posix
Supported LTO compression algorithms: zlib zstd
gcc version 10.2.1 20210110 (Debian 10.2.1-6) 
configure:5638: $? = 0
configure:5627: gcc -V >&5
gcc: error: unrecognized command-line option '-V'
gcc: fatal error: no input files
compilation terminated.
configure:5638: $? = 1
configure:5627: gcc -qversion >&5
gcc: error: unrecognized command-line option '-qversion'; did you mean '--version'?
gcc: fatal error: no input files
compilation terminated.
configure:5638: $? = 1
configure:5642: checking whether we are using the GNU C compiler
configure:5670: result: yes
configure:5679: checking whether gcc accepts -g
configure:5699: gcc -c -g -O2  conftest.c >&5
configure:5699: $? = 0
configure:5740: result: yes
configure:5757: checking for gcc option to accept ISO C89
configure:5833: result: none needed
configure:5858: checking whether gcc understands -c and -o together
configure:5895: result: yes
configure:5914: checking dependency style of gcc
configure:6025: result: gcc3
configure:6045: checking how to run the C preprocessor
configure:6076: gcc -E  conftest.c
configure:6076: $? = 0
configure:6090: gcc -E  conftest.c
conftest.c:9:10: fatal error: ac_nonexistent.h: No such file or directory
    9 | #include <ac_nonexistent.h>
      |          ^~~~~~~~~~~~~~~~~~
compilation terminated.
configure:6090: $? = 1
configure: failed program was:
| /* confdefs.h */
| #define PACKAGE_NAME "gtk+"
| #define PACKAGE_TARNAME "gtk+"
| #define PACKAGE_VERSION "3.24.0"
| #define PACKAGE_STRING "gtk+ 3.24.0"
| #define PACKAGE_BUGREPORT "http://bugzilla.gnome.org/enter_bug.cgi?product=gtk%2B"
| #define PACKAGE_URL ""
| /* end confdefs.h.  */
| #include <ac_nonexistent.h>
configure:6115: result: gcc -E
configure:6135: gcc -E  conftest.c
configure:6135: $? = 0
configure:6149: gcc -E  conftest.c
conftest.c:9:10: fatal error: ac_nonexistent.h: No such file or directory
    9 | #include <ac_nonexistent.h>
      |          ^~~~~~~~~~~~~~~~~~
compilation terminated.
configure:6149: $? = 1
configure: failed program was:
| /* confdefs.h */
| #define PACKAGE_NAME "gtk+"
| #define PACKAGE_TARNAME "gtk+"
| #define PACKAGE_VERSION "3.24.0"
| #define PACKAGE_STRING "gtk+ 3.24.0"
| #define PACKAGE_BUGREPORT "http://bugzilla.gnome.org/enter_bug.cgi?product=gtk%2B"
| #define PACKAGE_URL ""
| /* end confdefs.h.  */
| #include <ac_nonexistent.h>
configure:6187: checking whether gcc and cc understand -c and -o together
configure:6218: gcc -c conftest.c -o conftest2.o >&5
configure:6222: $? = 0
configure:6228: gcc -c conftest.c -o conftest2.o >&5
configure:6232: $? = 0
configure:6243: cc -c conftest.c >&5
configure:6247: $? = 0
configure:6255: cc -c conftest.c -o conftest2.o >&5
configure:6259: $? = 0
configure:6265: cc -c conftest.c -o conftest2.o >&5
configure:6269: $? = 0
configure:6287: result: yes
configure:6299: checking whether make sets $(MAKE)
configure:6321: result: yes
configure:6334: checking for grep that handles long lines and -e
configure:6392: result: /usr/bin/grep
configure:6397: checking for egrep
configure:6459: result: /usr/bin/grep -E
configure:6464: checking for ANSI C header files
configure:6484: gcc -c -g -O2  conftest.c >&5
configure:6484: $? = 0
configure:6557: gcc -o conftest -g -O2   conftest.c  >&5
configure:6557: $? = 0
configure:6557: ./conftest
configure:6557: $? = 0
configure:6568: result: yes
configure:6581: checking for sys/types.h
configure:6581: gcc -c -g -O2  conftest.c >&5
configure:6581: $? = 0
configure:6581: result: yes
configure:6581: checking for sys/stat.h
configure:6581: gcc -c -g -O2  conftest.c >&5
configure:6581: $? = 0
configure:6581: result: yes
configure:6581: checking for stdlib.h
configure:6581: gcc -c -g -O2  conftest.c >&5
configure:6581: $? = 0
configure:6581: result: yes
configure:6581: checking for string.h
configure:6581: gcc -c -g -O2  conftest.c >&5
configure:6581: $? = 0
configure:6581: result: yes
configure:6581: checking for memory.h
configure:6581: gcc -c -g -O2  conftest.c >&5
configure:6581: $? = 0
configure:6581: result: yes
configure:6581: checking for strings.h
configure:6581: gcc -c -g -O2  conftest.c >&5
configure:6581: $? = 0
configure:6581: result: yes
configure:6581: checking for inttypes.h
configure:6581: gcc -c -g -O2  conftest.c >&5
configure:6581: $? = 0
configure:6581: result: yes
configure:6581: checking for stdint.h
configure:6581: gcc -c -g -O2  conftest.c >&5
configure:6581: $? = 0
configure:6581: result: yes
configure:6581: checking for unistd.h
configure:6581: gcc -c -g -O2  conftest.c >&5
configure:6581: $? = 0
configure:6581: result: yes
configure:6594: checking minix/config.h usability
configure:6594: gcc -c -g -O2  conftest.c >&5
conftest.c:52:10: fatal error: minix/config.h: No such file or directory
   52 | #include <minix/config.h>
      |          ^~~~~~~~~~~~~~~~
compilation terminated.
configure:6594: $? = 1
configure: failed program was:
| /* confdefs.h */
| #define PACKAGE_NAME "gtk+"
| #define PACKAGE_TARNAME "gtk+"
| #define PACKAGE_VERSION "3.24.0"
| #define PACKAGE_STRING "gtk+ 3.24.0"
| #define PACKAGE_BUGREPORT "http://bugzilla.gnome.org/enter_bug.cgi?product=gtk%2B"
| #define PACKAGE_URL ""
| #define STDC_HEADERS 1
| #define HAVE_SYS_TYPES_H 1
| #define HAVE_SYS_STAT_H 1
| #define HAVE_STDLIB_H 1
| #define HAVE_STRING_H 1
| #define HAVE_MEMORY_H 1
| #define HAVE_STRINGS_H 1
| #define HAVE_INTTYPES_H 1
| #define HAVE_STDINT_H 1
| #define HAVE_UNISTD_H 1
| /* end confdefs.h.  */
| #include <stdio.h>
| #ifdef HAVE_SYS_TYPES_H
| # include <sys/types.h>
| #endif
| #ifdef HAVE_SYS_STAT_H
| # include <sys/stat.h>
| #endif
| #ifdef STDC_HEADERS
| # include <stdlib.h>
| # include <stddef.h>
| #else
| # ifdef HAVE_STDLIB_H
| #  include <stdlib.h>
| # endif
| #endif
| #ifdef HAVE_STRING_H
| # if !defined STDC_HEADERS && defined HAVE_MEMORY_H
| #  include <memory.h>
| # endif
| # include <string.h>
| #endif
| #ifdef HAVE_STRINGS_H
| # include <strings.h>
| #endif
| #ifdef HAVE_INTTYPES_H
| # include <inttypes.h>
| #endif
| #ifdef HAVE_STDINT_H
| # include <stdint.h>
| #endif
| #ifdef HAVE_UNISTD_H
| # include <unistd.h>
| #endif
| #include <minix/config.h>
configure:6594: result: no
configure:6594: checking minix/config.h presence
configure:6594: gcc -E  conftest.c
conftest.c:19:10: fatal error: minix/config.h: No such file or directory
   19 | #include <minix/config.h>
      |          ^~~~~~~~~~~~~~~~
compilation terminated.
configure:6594: $? = 1
configure: failed program was:
| /* confdefs.h */
| #define PACKAGE_NAME "gtk+"
| #define PACKAGE_TARNAME "gtk+"
| #define PACKAGE_VERSION "3.24.0"
| #define PACKAGE_STRING "gtk+ 3.24.0"
| #define PACKAGE_BUGREPORT "http://bugzilla.gnome.org/enter_bug.cgi?product=gtk%2B"
| #define PACKAGE_URL ""
| #define STDC_HEADERS 1
| #define HAVE_SYS_TYPES_H 1
| #define HAVE_SYS_STAT_H 1
| #define HAVE_STDLIB_H 1
| #define HAVE_STRING_H 1
| #define HAVE_MEMORY_H 1
| #define HAVE_STRINGS_H 1
| #define HAVE_INTTYPES_H 1
| #define HAVE_STDINT_H 1
| #define HAVE_UNISTD_H 1
| /* end confdefs.h.  */
| #include <minix/config.h>
configure:6594: result: no
configure:6594: checking for minix/config.h
configure:6594: result: no
configure:6615: checking whether it is safe to define __EXTENSIONS__
configure:6633: gcc -c -g -O2  conftest.c >&5
configure:6633: $? = 0
configure:6640: result: yes
configure:6656: checking for a sed that does not truncate output
configure:6720: result: /usr/bin/sed
configure:6726: checking whether NLS is requested
configure:6735: result: yes
configure:6775: checking for msgfmt
configure: trying /usr/bin/msgfmt...
0 translated messages.
configure:6807: result: /usr/bin/msgfmt
configure:6816: checking for gmsgfmt
configure:6847: result: /usr/bin/msgfmt
configure:6897: checking for xgettext
configure: trying /usr/bin/xgettext...
/usr/bin/xgettext: warning: file '/dev/null' extension '' is unknown; will try C
configure:6929: result: /usr/bin/xgettext
configure:6974: checking for msgmerge
configure: trying /usr/bin/msgmerge...
configure:7005: result: /usr/bin/msgmerge
configure:7063: checking for ld used by gcc
configure:7130: result: /usr/bin/ld
configure:7137: checking if the linker (/usr/bin/ld) is GNU ld
configure:7152: result: yes
configure:7159: checking for shared library run path origin
configure:7172: result: done
configure:7744: checking for CFPreferencesCopyAppValue
configure:7762: gcc -o conftest -g -O2   conftest.c  -Wl,-framework -Wl,CoreFoundation >&5
conftest.c:24:10: fatal error: CoreFoundation/CFPreferences.h: No such file or directory
   24 | #include <CoreFoundation/CFPreferences.h>
      |          ^~~~~~~~~~~~~~~~~~~~~~~~~~~~~~~~
compilation terminated.
configure:7762: $? = 1
configure: failed program was:
| /* confdefs.h */
| #define PACKAGE_NAME "gtk+"
| #define PACKAGE_TARNAME "gtk+"
| #define PACKAGE_VERSION "3.24.0"
| #define PACKAGE_STRING "gtk+ 3.24.0"
| #define PACKAGE_BUGREPORT "http://bugzilla.gnome.org/enter_bug.cgi?product=gtk%2B"
| #define PACKAGE_URL ""
| #define STDC_HEADERS 1
| #define HAVE_SYS_TYPES_H 1
| #define HAVE_SYS_STAT_H 1
| #define HAVE_STDLIB_H 1
| #define HAVE_STRING_H 1
| #define HAVE_MEMORY_H 1
| #define HAVE_STRINGS_H 1
| #define HAVE_INTTYPES_H 1
| #define HAVE_STDINT_H 1
| #define HAVE_UNISTD_H 1
| #define __EXTENSIONS__ 1
| #define _ALL_SOURCE 1
| #define _GNU_SOURCE 1
| #define _POSIX_PTHREAD_SEMANTICS 1
| #define _TANDEM_SOURCE 1
| /* end confdefs.h.  */
| #include <CoreFoundation/CFPreferences.h>
| int
| main ()
| {
| CFPreferencesCopyAppValue(NULL, NULL)
|   ;
|   return 0;
| }
configure:7771: result: no
configure:7778: checking for CFLocaleCopyCurrent
configure:7796: gcc -o conftest -g -O2   conftest.c  -Wl,-framework -Wl,CoreFoundation >&5
conftest.c:24:10: fatal error: CoreFoundation/CFLocale.h: No such file or directory
   24 | #include <CoreFoundation/CFLocale.h>
      |          ^~~~~~~~~~~~~~~~~~~~~~~~~~~
compilation terminated.
configure:7796: $? = 1
configure: failed program was:
| /* confdefs.h */
| #define PACKAGE_NAME "gtk+"
| #define PACKAGE_TARNAME "gtk+"
| #define PACKAGE_VERSION "3.24.0"
| #define PACKAGE_STRING "gtk+ 3.24.0"
| #define PACKAGE_BUGREPORT "http://bugzilla.gnome.org/enter_bug.cgi?product=gtk%2B"
| #define PACKAGE_URL ""
| #define STDC_HEADERS 1
| #define HAVE_SYS_TYPES_H 1
| #define HAVE_SYS_STAT_H 1
| #define HAVE_STDLIB_H 1
| #define HAVE_STRING_H 1
| #define HAVE_MEMORY_H 1
| #define HAVE_STRINGS_H 1
| #define HAVE_INTTYPES_H 1
| #define HAVE_STDINT_H 1
| #define HAVE_UNISTD_H 1
| #define __EXTENSIONS__ 1
| #define _ALL_SOURCE 1
| #define _GNU_SOURCE 1
| #define _POSIX_PTHREAD_SEMANTICS 1
| #define _TANDEM_SOURCE 1
| /* end confdefs.h.  */
| #include <CoreFoundation/CFLocale.h>
| int
| main ()
| {
| CFLocaleCopyCurrent();
|   ;
|   return 0;
| }
configure:7805: result: no
configure:7854: checking for GNU gettext in libc
configure:7878: gcc -o conftest -g -O2   conftest.c  >&5
configure:7878: $? = 0
configure:7887: result: yes
configure:8724: checking whether to use NLS
configure:8726: result: yes
configure:8729: checking where the gettext function comes from
configure:8740: result: libc
configure:8808: checking for native Win32
configure:8830: result: no
configure:8895: checking for c++
configure:8911: found /usr/bin/c++
configure:8922: result: c++
configure:9065: checking for C++ compiler version
configure:9074: c++ --version >&5
c++ (Debian 10.2.1-6) 10.2.1 20210110
Copyright (C) 2020 Free Software Foundation, Inc.
This is free software; see the source for copying conditions.  There is NO
warranty; not even for MERCHANTABILITY or FITNESS FOR A PARTICULAR PURPOSE.

configure:9085: $? = 0
configure:9074: c++ -v >&5
Using built-in specs.
COLLECT_GCC=c++
COLLECT_LTO_WRAPPER=/usr/lib/gcc/aarch64-linux-gnu/10/lto-wrapper
Target: aarch64-linux-gnu
Configured with: ../src/configure -v --with-pkgversion='Debian 10.2.1-6' --with-bugurl=file:///usr/share/doc/gcc-10/README.Bugs --enable-languages=c,ada,c++,go,d,fortran,objc,obj-c++,m2 --prefix=/usr --with-gcc-major-version-only --program-suffix=-10 --program-prefix=aarch64-linux-gnu- --enable-shared --enable-linker-build-id --libexecdir=/usr/lib --without-included-gettext --enable-threads=posix --libdir=/usr/lib --enable-nls --enable-bootstrap --enable-clocale=gnu --enable-libstdcxx-debug --enable-libstdcxx-time=yes --with-default-libstdcxx-abi=new --enable-gnu-unique-object --disable-libquadmath --disable-libquadmath-support --enable-plugin --enable-default-pie --with-system-zlib --enable-libphobos-checking=release --with-target-system-zlib=auto --enable-objc-gc=auto --enable-multiarch --enable-fix-cortex-a53-843419 --disable-werror --enable-checking=release --build=aarch64-linux-gnu --host=aarch64-linux-gnu --target=aarch64-linux-gnu --with-build-config=bootstrap-lto-lean --enable-link-mutex
Thread model: posix
Supported LTO compression algorithms: zlib zstd
gcc version 10.2.1 20210110 (Debian 10.2.1-6) 
configure:9085: $? = 0
configure:9074: c++ -V >&5
c++: error: unrecognized command-line option '-V'
c++: fatal error: no input files
compilation terminated.
configure:9085: $? = 1
configure:9074: c++ -qversion >&5
c++: error: unrecognized command-line option '-qversion'; did you mean '--version'?
c++: fatal error: no input files
compilation terminated.
configure:9085: $? = 1
configure:9089: checking whether we are using the GNU C++ compiler
configure:9108: c++ -c   conftest.cpp >&5
configure:9108: $? = 0
configure:9117: result: yes
configure:9126: checking whether c++ accepts -g
configure:9146: c++ -c -g  conftest.cpp >&5
configure:9146: $? = 0
configure:9187: result: yes
configure:9212: checking dependency style of c++
configure:9323: result: gcc3
configure:9350: c++ -c -g -O2  conftest.cpp >&5
configure:9350: $? = 0
configure:9378: c++ -c -g -O2 -x objective-c++  conftest.cpp >&5
c++: fatal error: cannot execute 'cc1objplus': execvp: Not a directory
compilation terminated.
configure:9378: $? = 1
configure: failed program was:
| /* confdefs.h */
| #define PACKAGE_NAME "gtk+"
| #define PACKAGE_TARNAME "gtk+"
| #define PACKAGE_VERSION "3.24.0"
| #define PACKAGE_STRING "gtk+ 3.24.0"
| #define PACKAGE_BUGREPORT "http://bugzilla.gnome.org/enter_bug.cgi?product=gtk%2B"
| #define PACKAGE_URL ""
| #define STDC_HEADERS 1
| #define HAVE_SYS_TYPES_H 1
| #define HAVE_SYS_STAT_H 1
| #define HAVE_STDLIB_H 1
| #define HAVE_STRING_H 1
| #define HAVE_MEMORY_H 1
| #define HAVE_STRINGS_H 1
| #define HAVE_INTTYPES_H 1
| #define HAVE_STDINT_H 1
| #define HAVE_UNISTD_H 1
| #define __EXTENSIONS__ 1
| #define _ALL_SOURCE 1
| #define _GNU_SOURCE 1
| #define _POSIX_PTHREAD_SEMANTICS 1
| #define _TANDEM_SOURCE 1
| #define ENABLE_NLS 1
| #define HAVE_GETTEXT 1
| #define HAVE_DCGETTEXT 1
| #define GETTEXT_PACKAGE "gtk30"
| /* end confdefs.h.  */
| @interface Foo @end
| int
| main ()
| {
| 
|   ;
|   return 0;
| }
configure:9460: checking how to print strings
configure:9487: result: printf
configure:9508: checking for a sed that does not truncate output
configure:9572: result: /usr/bin/sed
configure:9590: checking for fgrep
configure:9652: result: /usr/bin/grep -F
configure:9687: checking for ld used by gcc
configure:9754: result: /usr/bin/ld
configure:9761: checking if the linker (/usr/bin/ld) is GNU ld
configure:9776: result: yes
configure:9788: checking for BSD- or MS-compatible name lister (nm)
configure:9842: result: /usr/bin/nm -B
configure:9972: checking the name lister (/usr/bin/nm -B) interface
configure:9979: gcc -c -g -O2  conftest.c >&5
configure:9982: /usr/bin/nm -B "conftest.o"
configure:9985: output
0000000000000000 B some_variable
configure:9992: result: BSD nm
configure:9995: checking whether ln -s works
configure:9999: result: yes
configure:10007: checking the maximum length of command line arguments
configure:10138: result: 1572864
configure:10186: checking how to convert aarch64-unknown-linux-gnu file names to aarch64-unknown-linux-gnu format
configure:10226: result: func_convert_file_noop
configure:10233: checking how to convert aarch64-unknown-linux-gnu file names to toolchain format
configure:10253: result: func_convert_file_noop
configure:10260: checking for /usr/bin/ld option to reload object files
configure:10267: result: -r
configure:10341: checking for objdump
configure:10357: found /usr/bin/objdump
configure:10368: result: objdump
configure:10397: checking how to recognize dependent libraries
configure:10597: result: pass_all
configure:10682: checking for dlltool
configure:10712: result: no
configure:10739: checking how to associate runtime and link libraries
configure:10766: result: printf %s\n
configure:10826: checking for ar
configure:10842: found /usr/bin/ar
configure:10853: result: ar
configure:10890: checking for archiver @FILE support
configure:10907: gcc -c -g -O2  conftest.c >&5
configure:10907: $? = 0
configure:10910: ar cru libconftest.a @conftest.lst >&5
ar: `u' modifier ignored since `D' is the default (see `U')
configure:10913: $? = 0
configure:10918: ar cru libconftest.a @conftest.lst >&5
ar: `u' modifier ignored since `D' is the default (see `U')
ar: conftest.o: No such file or directory
configure:10921: $? = 1
configure:10933: result: @
configure:10991: checking for strip
configure:11007: found /usr/bin/strip
configure:11018: result: strip
configure:11090: checking for ranlib
configure:11106: found /usr/bin/ranlib
configure:11117: result: ranlib
configure:11219: checking command to parse /usr/bin/nm -B output from gcc object
configure:11372: gcc -c -g -O2  conftest.c >&5
configure:11375: $? = 0
configure:11379: /usr/bin/nm -B conftest.o \| sed -n -e 's/^.*[ ]\([ABCDGIRSTW][ABCDGIRSTW]*\)[ ][ ]*\([_A-Za-z][_A-Za-z0-9]*\)$/\1 \2 \2/p' | sed '/ __gnu_lto/d' \> conftest.nm
configure:11382: $? = 0
configure:11448: gcc -o conftest -g -O2   conftest.c conftstm.o >&5
configure:11451: $? = 0
configure:11489: result: ok
configure:11536: checking for sysroot
configure:11566: result: no
configure:11573: checking for a working dd
configure:11611: result: /usr/bin/dd
configure:11615: checking how to truncate binary pipes
configure:11630: result: /usr/bin/dd bs=4096 count=1
configure:11959: checking for mt
configure:11975: found /usr/bin/mt
configure:11986: result: mt
configure:12009: checking if mt is a manifest tool
configure:12015: mt '-?'
configure:12023: result: no
configure:12697: checking for dlfcn.h
configure:12697: gcc -c -g -O2  conftest.c >&5
configure:12697: $? = 0
configure:12697: result: yes
configure:13260: checking for objdir
configure:13275: result: .libs
configure:13539: checking if gcc supports -fno-rtti -fno-exceptions
configure:13557: gcc -c -g -O2  -fno-rtti -fno-exceptions conftest.c >&5
cc1: warning: command-line option '-fno-rtti' is valid for C++/D/ObjC++ but not for C
configure:13561: $? = 0
configure:13574: result: no
configure:13932: checking for gcc option to produce PIC
configure:13939: result: -fPIC -DPIC
configure:13947: checking if gcc PIC flag -fPIC -DPIC works
configure:13965: gcc -c -g -O2  -fPIC -DPIC -DPIC conftest.c >&5
configure:13969: $? = 0
configure:13982: result: yes
configure:14011: checking if gcc static flag -static works
configure:14039: result: yes
configure:14054: checking if gcc supports -c -o file.o
configure:14075: gcc -c -g -O2  -o out/conftest2.o conftest.c >&5
configure:14079: $? = 0
configure:14101: result: yes
configure:14109: checking if gcc supports -c -o file.o
configure:14156: result: yes
configure:14189: checking whether the gcc linker (/usr/bin/ld) supports shared libraries
configure:15448: result: yes
configure:15485: checking whether -lc should be explicitly linked in
configure:15493: gcc -c -g -O2  conftest.c >&5
configure:15496: $? = 0
configure:15511: gcc -shared  -fPIC -DPIC conftest.o  -v -Wl,-soname -Wl,conftest -o conftest 2\>\&1 \| /usr/bin/grep  -lc  \>/dev/null 2\>\&1
configure:15514: $? = 0
configure:15528: result: no
configure:15688: checking dynamic linker characteristics
configure:16269: gcc -o conftest -g -O2   -Wl,-rpath -Wl,/foo conftest.c  >&5
configure:16269: $? = 0
configure:16509: result: GNU/Linux ld.so
configure:16631: checking how to hardcode library paths into programs
configure:16656: result: immediate
configure:17204: checking whether stripping libraries is possible
configure:17209: result: yes
configure:17244: checking if libtool supports shared libraries
configure:17246: result: yes
configure:17249: checking whether to build shared libraries
configure:17274: result: yes
configure:17277: checking whether to build static libraries
configure:17281: result: no
configure:17304: checking how to run the C++ preprocessor
configure:17331: c++ -E  conftest.cpp
configure:17331: $? = 0
configure:17345: c++ -E  conftest.cpp
conftest.cpp:30:10: fatal error: ac_nonexistent.h: No such file or directory
   30 | #include <ac_nonexistent.h>
      |          ^~~~~~~~~~~~~~~~~~
compilation terminated.
configure:17345: $? = 1
configure: failed program was:
| /* confdefs.h */
| #define PACKAGE_NAME "gtk+"
| #define PACKAGE_TARNAME "gtk+"
| #define PACKAGE_VERSION "3.24.0"
| #define PACKAGE_STRING "gtk+ 3.24.0"
| #define PACKAGE_BUGREPORT "http://bugzilla.gnome.org/enter_bug.cgi?product=gtk%2B"
| #define PACKAGE_URL ""
| #define STDC_HEADERS 1
| #define HAVE_SYS_TYPES_H 1
| #define HAVE_SYS_STAT_H 1
| #define HAVE_STDLIB_H 1
| #define HAVE_STRING_H 1
| #define HAVE_MEMORY_H 1
| #define HAVE_STRINGS_H 1
| #define HAVE_INTTYPES_H 1
| #define HAVE_STDINT_H 1
| #define HAVE_UNISTD_H 1
| #define __EXTENSIONS__ 1
| #define _ALL_SOURCE 1
| #define _GNU_SOURCE 1
| #define _POSIX_PTHREAD_SEMANTICS 1
| #define _TANDEM_SOURCE 1
| #define ENABLE_NLS 1
| #define HAVE_GETTEXT 1
| #define HAVE_DCGETTEXT 1
| #define GETTEXT_PACKAGE "gtk30"
| #define HAVE_DLFCN_H 1
| #define LT_OBJDIR ".libs/"
| /* end confdefs.h.  */
| #include <ac_nonexistent.h>
configure:17370: result: c++ -E
configure:17390: c++ -E  conftest.cpp
configure:17390: $? = 0
configure:17404: c++ -E  conftest.cpp
conftest.cpp:30:10: fatal error: ac_nonexistent.h: No such file or directory
   30 | #include <ac_nonexistent.h>
      |          ^~~~~~~~~~~~~~~~~~
compilation terminated.
configure:17404: $? = 1
configure: failed program was:
| /* confdefs.h */
| #define PACKAGE_NAME "gtk+"
| #define PACKAGE_TARNAME "gtk+"
| #define PACKAGE_VERSION "3.24.0"
| #define PACKAGE_STRING "gtk+ 3.24.0"
| #define PACKAGE_BUGREPORT "http://bugzilla.gnome.org/enter_bug.cgi?product=gtk%2B"
| #define PACKAGE_URL ""
| #define STDC_HEADERS 1
| #define HAVE_SYS_TYPES_H 1
| #define HAVE_SYS_STAT_H 1
| #define HAVE_STDLIB_H 1
| #define HAVE_STRING_H 1
| #define HAVE_MEMORY_H 1
| #define HAVE_STRINGS_H 1
| #define HAVE_INTTYPES_H 1
| #define HAVE_STDINT_H 1
| #define HAVE_UNISTD_H 1
| #define __EXTENSIONS__ 1
| #define _ALL_SOURCE 1
| #define _GNU_SOURCE 1
| #define _POSIX_PTHREAD_SEMANTICS 1
| #define _TANDEM_SOURCE 1
| #define ENABLE_NLS 1
| #define HAVE_GETTEXT 1
| #define HAVE_DCGETTEXT 1
| #define GETTEXT_PACKAGE "gtk30"
| #define HAVE_DLFCN_H 1
| #define LT_OBJDIR ".libs/"
| /* end confdefs.h.  */
| #include <ac_nonexistent.h>
configure:17566: checking for ld used by c++
configure:17633: result: /usr/bin/ld
configure:17640: checking if the linker (/usr/bin/ld) is GNU ld
configure:17655: result: yes
configure:17710: checking whether the c++ linker (/usr/bin/ld) supports shared libraries
configure:18783: result: yes
configure:18819: c++ -c -g -O2  conftest.cpp >&5
configure:18822: $? = 0
configure:19303: checking for c++ option to produce PIC
configure:19310: result: -fPIC -DPIC
configure:19318: checking if c++ PIC flag -fPIC -DPIC works
configure:19336: c++ -c -g -O2  -fPIC -DPIC -DPIC conftest.cpp >&5
configure:19340: $? = 0
configure:19353: result: yes
configure:19376: checking if c++ static flag -static works
configure:19404: result: yes
configure:19416: checking if c++ supports -c -o file.o
configure:19437: c++ -c -g -O2  -o out/conftest2.o conftest.cpp >&5
configure:19441: $? = 0
configure:19463: result: yes
configure:19468: checking if c++ supports -c -o file.o
configure:19515: result: yes
configure:19545: checking whether the c++ linker (/usr/bin/ld) supports shared libraries
configure:19585: result: yes
configure:19726: checking dynamic linker characteristics
configure:20474: result: GNU/Linux ld.so
configure:20539: checking how to hardcode library paths into programs
configure:20564: result: immediate
configure:20627: creating ./config.lt

## ------------------ ##
## Running config.lt. ##
## ------------------ ##
config.lt:684: creating libtool
configure:22192: checking for special C compiler options needed for large files
configure:22237: result: no
configure:22243: checking for _FILE_OFFSET_BITS value needed for large files
configure:22268: gcc -c -g -O2  conftest.c >&5
configure:22268: $? = 0
configure:22300: result: no
configure:22395: checking dependency style of gcc
configure:22504: result: gcc3
configure:22565: checking for nm
configure:22595: result: /usr/bin/nm -B
configure:22618: checking for some Win32 platform
configure:22628: result: no
configure:23021: checking for shm_open in -lrt
configure:23046: gcc -o conftest -g -O2   conftest.c -lrt   >&5
configure:23046: $? = 0
configure:23055: result: yes
configure:23068: checking for posix_fallocate
configure:23068: gcc -o conftest -g -O2   conftest.c  >&5
configure:23068: $? = 0
configure:23068: result: yes
configure:23068: checking for flockfile
configure:23068: gcc -o conftest -g -O2   conftest.c  >&5
configure:23068: $? = 0
configure:23068: result: yes
configure:23068: checking for _lock_file
configure:23068: gcc -o conftest -g -O2   conftest.c  >&5
/usr/bin/ld: /tmp/ccffdbTz.o: in function `main':
/home/rb/gtk+-3.24.0/conftest.c:66: undefined reference to `_lock_file'
collect2: error: ld returned 1 exit status
configure:23068: $? = 1
configure: failed program was:
| /* confdefs.h */
| #define PACKAGE_NAME "gtk+"
| #define PACKAGE_TARNAME "gtk+"
| #define PACKAGE_VERSION "3.24.0"
| #define PACKAGE_STRING "gtk+ 3.24.0"
| #define PACKAGE_BUGREPORT "http://bugzilla.gnome.org/enter_bug.cgi?product=gtk%2B"
| #define PACKAGE_URL ""
| #define STDC_HEADERS 1
| #define HAVE_SYS_TYPES_H 1
| #define HAVE_SYS_STAT_H 1
| #define HAVE_STDLIB_H 1
| #define HAVE_STRING_H 1
| #define HAVE_MEMORY_H 1
| #define HAVE_STRINGS_H 1
| #define HAVE_INTTYPES_H 1
| #define HAVE_STDINT_H 1
| #define HAVE_UNISTD_H 1
| #define __EXTENSIONS__ 1
| #define _ALL_SOURCE 1
| #define _GNU_SOURCE 1
| #define _POSIX_PTHREAD_SEMANTICS 1
| #define _TANDEM_SOURCE 1
| #define ENABLE_NLS 1
| #define HAVE_GETTEXT 1
| #define HAVE_DCGETTEXT 1
| #define GETTEXT_PACKAGE "gtk30"
| #define HAVE_DLFCN_H 1
| #define LT_OBJDIR ".libs/"
| #define HAVE_POSIX_FALLOCATE 1
| #define HAVE_FLOCKFILE 1
| /* end confdefs.h.  */
| /* Define _lock_file to an innocuous variant, in case <limits.h> declares _lock_file.
|    For example, HP-UX 11i <limits.h> declares gettimeofday.  */
| #define _lock_file innocuous__lock_file
| 
| /* System header to define __stub macros and hopefully few prototypes,
|     which can conflict with char _lock_file (); below.
|     Prefer <limits.h> to <assert.h> if __STDC__ is defined, since
|     <limits.h> exists even on freestanding compilers.  */
| 
| #ifdef __STDC__
| # include <limits.h>
| #else
| # include <assert.h>
| #endif
| 
| #undef _lock_file
| 
| /* Override any GCC internal prototype to avoid an error.
|    Use char because int might match the return type of a GCC
|    builtin and then its argument prototype would still apply.  */
| #ifdef __cplusplus
| extern "C"
| #endif
| char _lock_file ();
| /* The GNU C library defines this for functions which it implements
|     to always fail with ENOSYS.  Some functions are actually named
|     something starting with __ and the normal name is an alias.  */
| #if defined __stub__lock_file || defined __stub____lock_file
| choke me
| #endif
| 
| int
| main ()
| {
| return _lock_file ();
|   ;
|   return 0;
| }
configure:23068: result: no
configure:23158: checking for pkg-config
configure:23176: found /usr/bin/pkg-config
configure:23188: result: /usr/bin/pkg-config
configure:23213: checking pkg-config is at least version 0.9.0
configure:23216: result: yes
configure:23229: checking for wayland-scanner
configure:23247: found /usr/bin/wayland-scanner
configure:23260: result: /usr/bin/wayland-scanner
configure:23269: $PKG_CONFIG --exists --print-errors "$WAYLAND_DEPENDENCIES"
Package wayland-protocols was not found in the pkg-config search path.
Perhaps you should add the directory containing `wayland-protocols.pc'
to the PKG_CONFIG_PATH environment variable
No package 'wayland-protocols' found
Package xkbcommon was not found in the pkg-config search path.
Perhaps you should add the directory containing `xkbcommon.pc'
to the PKG_CONFIG_PATH environment variable
No package 'xkbcommon' found
configure:23272: $? = 1
configure:23278: checking for WAYLAND_DEPENDENCIES
configure:23285: result: no
configure:23435: checking whether build environment is sane
configure:23490: result: yes
configure:23569: checking for BASE_DEPENDENCIES
configure:23576: $PKG_CONFIG --exists --print-errors "glib-2.0 >= 2.49.4    atk >= 2.15.1    pango >= 1.41.0    cairo >= 1.14.0    cairo-gobject >= 1.14.0    gdk-pixbuf-2.0 >= 2.30.0"
Package glib-2.0 was not found in the pkg-config search path.
Perhaps you should add the directory containing `glib-2.0.pc'
to the PKG_CONFIG_PATH environment variable
No package 'glib-2.0' found
Package atk was not found in the pkg-config search path.
Perhaps you should add the directory containing `atk.pc'
to the PKG_CONFIG_PATH environment variable
No package 'atk' found
Package pango was not found in the pkg-config search path.
Perhaps you should add the directory containing `pango.pc'
to the PKG_CONFIG_PATH environment variable
No package 'pango' found
Package cairo was not found in the pkg-config search path.
Perhaps you should add the directory containing `cairo.pc'
to the PKG_CONFIG_PATH environment variable
No package 'cairo' found
Package cairo-gobject was not found in the pkg-config search path.
Perhaps you should add the directory containing `cairo-gobject.pc'
to the PKG_CONFIG_PATH environment variable
No package 'cairo-gobject' found
Package gdk-pixbuf-2.0 was not found in the pkg-config search path.
Perhaps you should add the directory containing `gdk-pixbuf-2.0.pc'
to the PKG_CONFIG_PATH environment variable
No package 'gdk-pixbuf-2.0' found
configure:23579: $? = 1
configure:23593: $PKG_CONFIG --exists --print-errors "glib-2.0 >= 2.49.4    atk >= 2.15.1    pango >= 1.41.0    cairo >= 1.14.0    cairo-gobject >= 1.14.0    gdk-pixbuf-2.0 >= 2.30.0"
Package glib-2.0 was not found in the pkg-config search path.
Perhaps you should add the directory containing `glib-2.0.pc'
to the PKG_CONFIG_PATH environment variable
No package 'glib-2.0' found
Package atk was not found in the pkg-config search path.
Perhaps you should add the directory containing `atk.pc'
to the PKG_CONFIG_PATH environment variable
No package 'atk' found
Package pango was not found in the pkg-config search path.
Perhaps you should add the directory containing `pango.pc'
to the PKG_CONFIG_PATH environment variable
No package 'pango' found
Package cairo was not found in the pkg-config search path.
Perhaps you should add the directory containing `cairo.pc'
to the PKG_CONFIG_PATH environment variable
No package 'cairo' found
Package cairo-gobject was not found in the pkg-config search path.
Perhaps you should add the directory containing `cairo-gobject.pc'
to the PKG_CONFIG_PATH environment variable
No package 'cairo-gobject' found
Package gdk-pixbuf-2.0 was not found in the pkg-config search path.
Perhaps you should add the directory containing `gdk-pixbuf-2.0.pc'
to the PKG_CONFIG_PATH environment variable
No package 'gdk-pixbuf-2.0' found
configure:23596: $? = 1
configure:23610: result: no
No package 'glib-2.0' found
No package 'atk' found
No package 'pango' found
No package 'cairo' found
No package 'cairo-gobject' found
No package 'gdk-pixbuf-2.0' found
configure:23626: error: Package requirements (glib-2.0 >= 2.49.4    atk >= 2.15.1    pango >= 1.41.0    cairo >= 1.14.0    cairo-gobject >= 1.14.0    gdk-pixbuf-2.0 >= 2.30.0) were not met:

No package 'glib-2.0' found
No package 'atk' found
No package 'pango' found
No package 'cairo' found
No package 'cairo-gobject' found
No package 'gdk-pixbuf-2.0' found

Consider adjusting the PKG_CONFIG_PATH environment variable if you
installed software in a non-standard prefix.

Alternatively, you may set the environment variables BASE_DEPENDENCIES_CFLAGS
and BASE_DEPENDENCIES_LIBS to avoid the need to call pkg-config.
See the pkg-config man page for more details.

## ---------------- ##
## Cache variables. ##
## ---------------- ##

ac_cv_build=aarch64-unknown-linux-gnu
ac_cv_build_prog_CPP='gcc -E'
ac_cv_build_prog_cc_g=yes
ac_cv_c_compiler_gnu=yes
ac_cv_cxx_compiler_gnu=yes
ac_cv_env_ATK_CFLAGS_set=
ac_cv_env_ATK_CFLAGS_value=
ac_cv_env_ATK_LIBS_set=
ac_cv_env_ATK_LIBS_value=
ac_cv_env_BASE_DEPENDENCIES_CFLAGS_set=
ac_cv_env_BASE_DEPENDENCIES_CFLAGS_value=
ac_cv_env_BASE_DEPENDENCIES_LIBS_set=
ac_cv_env_BASE_DEPENDENCIES_LIBS_value=
ac_cv_env_CAIRO_BACKEND_CFLAGS_set=
ac_cv_env_CAIRO_BACKEND_CFLAGS_value=
ac_cv_env_CAIRO_BACKEND_LIBS_set=
ac_cv_env_CAIRO_BACKEND_LIBS_value=
ac_cv_env_CAIRO_CFLAGS_set=
ac_cv_env_CAIRO_CFLAGS_value=
ac_cv_env_CAIRO_LIBS_set=
ac_cv_env_CAIRO_LIBS_value=
ac_cv_env_CCASFLAGS_set=
ac_cv_env_CCASFLAGS_value=
ac_cv_env_CCAS_set=
ac_cv_env_CCAS_value=
ac_cv_env_CCC_set=
ac_cv_env_CCC_value=
ac_cv_env_CC_set=
ac_cv_env_CC_value=
ac_cv_env_CFLAGS_set=
ac_cv_env_CFLAGS_value=
ac_cv_env_COLORD_CFLAGS_set=
ac_cv_env_COLORD_CFLAGS_value=
ac_cv_env_COLORD_LIBS_set=
ac_cv_env_COLORD_LIBS_value=
ac_cv_env_CPPFLAGS_set=
ac_cv_env_CPPFLAGS_value=
ac_cv_env_CPP_set=
ac_cv_env_CPP_value=
ac_cv_env_CXXCPP_set=
ac_cv_env_CXXCPP_value=
ac_cv_env_CXXFLAGS_set=
ac_cv_env_CXXFLAGS_value=
ac_cv_env_CXX_set=
ac_cv_env_CXX_value=
ac_cv_env_GDK_DEP_CFLAGS_set=
ac_cv_env_GDK_DEP_CFLAGS_value=
ac_cv_env_GDK_DEP_LIBS_set=
ac_cv_env_GDK_DEP_LIBS_value=
ac_cv_env_GMODULE_CFLAGS_set=
ac_cv_env_GMODULE_CFLAGS_value=
ac_cv_env_GMODULE_LIBS_set=
ac_cv_env_GMODULE_LIBS_value=
ac_cv_env_GTKDOC_DEPS_CFLAGS_set=
ac_cv_env_GTKDOC_DEPS_CFLAGS_value=
ac_cv_env_GTKDOC_DEPS_LIBS_set=
ac_cv_env_GTKDOC_DEPS_LIBS_value=
ac_cv_env_GTK_DEP_CFLAGS_set=
ac_cv_env_GTK_DEP_CFLAGS_value=
ac_cv_env_GTK_DEP_LIBS_set=
ac_cv_env_GTK_DEP_LIBS_value=
ac_cv_env_GTK_FONT_CHOOSER_WIDGET_CFLAGS_set=
ac_cv_env_GTK_FONT_CHOOSER_WIDGET_CFLAGS_value=
ac_cv_env_GTK_FONT_CHOOSER_WIDGET_LIBS_set=
ac_cv_env_GTK_FONT_CHOOSER_WIDGET_LIBS_value=
ac_cv_env_JSON_GLIB_CFLAGS_set=
ac_cv_env_JSON_GLIB_CFLAGS_value=
ac_cv_env_JSON_GLIB_LIBS_set=
ac_cv_env_JSON_GLIB_LIBS_value=
ac_cv_env_LDFLAGS_set=
ac_cv_env_LDFLAGS_value=
ac_cv_env_LIBS_set=
ac_cv_env_LIBS_value=
ac_cv_env_LT_SYS_LIBRARY_PATH_set=
ac_cv_env_LT_SYS_LIBRARY_PATH_value=
ac_cv_env_PKG_CONFIG_FOR_BUILD_set=
ac_cv_env_PKG_CONFIG_FOR_BUILD_value=
ac_cv_env_PKG_CONFIG_LIBDIR_set=
ac_cv_env_PKG_CONFIG_LIBDIR_value=
ac_cv_env_PKG_CONFIG_PATH_set=
ac_cv_env_PKG_CONFIG_PATH_value=
ac_cv_env_PKG_CONFIG_set=
ac_cv_env_PKG_CONFIG_value=
ac_cv_env_REST_CFLAGS_set=
ac_cv_env_REST_CFLAGS_value=
ac_cv_env_REST_LIBS_set=
ac_cv_env_REST_LIBS_value=
ac_cv_env_SASSC_set=
ac_cv_env_SASSC_value=
ac_cv_env_XMKMF_set=
ac_cv_env_XMKMF_value=
ac_cv_env_build_alias_set=
ac_cv_env_build_alias_value=
ac_cv_env_host_alias_set=
ac_cv_env_host_alias_value=
ac_cv_env_target_alias_set=
ac_cv_env_target_alias_value=
ac_cv_func__lock_file=no
ac_cv_func_flockfile=yes
ac_cv_func_posix_fallocate=yes
ac_cv_header_dlfcn_h=yes
ac_cv_header_inttypes_h=yes
ac_cv_header_memory_h=yes
ac_cv_header_minix_config_h=no
ac_cv_header_stdc=yes
ac_cv_header_stdint_h=yes
ac_cv_header_stdlib_h=yes
ac_cv_header_string_h=yes
ac_cv_header_strings_h=yes
ac_cv_header_sys_stat_h=yes
ac_cv_header_sys_types_h=yes
ac_cv_header_unistd_h=yes
ac_cv_host=aarch64-unknown-linux-gnu
ac_cv_lib_rt_shm_open=yes
ac_cv_objext=o
ac_cv_path_EGREP='/usr/bin/grep -E'
ac_cv_path_FGREP='/usr/bin/grep -F'
ac_cv_path_GMSGFMT=/usr/bin/msgfmt
ac_cv_path_GREP=/usr/bin/grep
ac_cv_path_MSGFMT=/usr/bin/msgfmt
ac_cv_path_MSGMERGE=/usr/bin/msgmerge
ac_cv_path_SED=/usr/bin/sed
ac_cv_path_WAYLAND_SCANNER=/usr/bin/wayland-scanner
ac_cv_path_XGETTEXT=/usr/bin/xgettext
ac_cv_path_ac_pt_NM='/usr/bin/nm -B'
ac_cv_path_ac_pt_PKG_CONFIG=/usr/bin/pkg-config
ac_cv_path_install='/usr/bin/install -c'
ac_cv_path_lt_DD=/usr/bin/dd
ac_cv_path_mkdir=/usr/bin/mkdir
ac_cv_prog_AWK=mawk
ac_cv_prog_CPP='gcc -E'
ac_cv_prog_CXXCPP='c++ -E'
ac_cv_prog_ac_ct_AR=ar
ac_cv_prog_ac_ct_CC=gcc
ac_cv_prog_ac_ct_CC_FOR_BUILD=gcc
ac_cv_prog_ac_ct_CXX=c++
ac_cv_prog_ac_ct_MANIFEST_TOOL=mt
ac_cv_prog_ac_ct_OBJDUMP=objdump
ac_cv_prog_ac_ct_RANLIB=ranlib
ac_cv_prog_ac_ct_STRIP=strip
ac_cv_prog_cc_c89=
ac_cv_prog_cc_g=yes
ac_cv_prog_cc_gcc_c_o=yes
ac_cv_prog_cxx_g=yes
ac_cv_prog_make_make_set=yes
ac_cv_safe_to_define___extensions__=yes
ac_cv_sys_file_offset_bits=no
ac_cv_sys_largefile_CC=no
acl_cv_hardcode_direct=no
acl_cv_hardcode_libdir_flag_spec='${wl}-rpath ${wl}$libdir'
acl_cv_hardcode_libdir_separator=
acl_cv_hardcode_minus_L=no
acl_cv_libext=a
acl_cv_libname_spec='lib$name'
acl_cv_library_names_spec='$libname$shrext'
acl_cv_path_LD=/usr/bin/ld
acl_cv_prog_gnu_ld=yes
acl_cv_rpath=done
acl_cv_shlibext=so
acl_cv_wl=-Wl,
am_cv_CCAS_dependencies_compiler_type=gcc3
am_cv_CC_dependencies_compiler_type=gcc3
am_cv_CXX_dependencies_compiler_type=gcc3
am_cv_make_support_nested_variables=yes
am_cv_prog_cc_c_o=yes
am_cv_prog_tar_ustar=gnutar
gt_cv_func_CFLocaleCopyCurrent=no
gt_cv_func_CFPreferencesCopyAppValue=no
gt_cv_func_gnugettext1_libc=yes
lt_cv_ar_at_file=@
lt_cv_archive_cmds_need_lc=no
lt_cv_deplibs_check_method=pass_all
lt_cv_file_magic_cmd='$MAGIC_CMD'
lt_cv_file_magic_test_file=
lt_cv_ld_reload_flag=-r
lt_cv_nm_interface='BSD nm'
lt_cv_objdir=.libs
lt_cv_path_LD=/usr/bin/ld
lt_cv_path_LDCXX=/usr/bin/ld
lt_cv_path_NM='/usr/bin/nm -B'
lt_cv_path_mainfest_tool=no
lt_cv_prog_compiler_c_o=yes
lt_cv_prog_compiler_c_o_CXX=yes
lt_cv_prog_compiler_pic='-fPIC -DPIC'
lt_cv_prog_compiler_pic_CXX='-fPIC -DPIC'
lt_cv_prog_compiler_pic_works=yes
lt_cv_prog_compiler_pic_works_CXX=yes
lt_cv_prog_compiler_rtti_exceptions=no
lt_cv_prog_compiler_static_works=yes
lt_cv_prog_compiler_static_works_CXX=yes
lt_cv_prog_gnu_ld=yes
lt_cv_prog_gnu_ldcxx=yes
lt_cv_sharedlib_from_linklib_cmd='printf %s\n'
lt_cv_shlibpath_overrides_runpath=yes
lt_cv_sys_global_symbol_pipe='sed -n -e '\''s/^.*[	 ]\([ABCDGIRSTW][ABCDGIRSTW]*\)[	 ][	 ]*\([_A-Za-z][_A-Za-z0-9]*\)$/\1 \2 \2/p'\'' | sed '\''/ __gnu_lto/d'\'''
lt_cv_sys_global_symbol_to_c_name_address='sed -n -e '\''s/^: \(.*\) .*$/  {"\1", (void *) 0},/p'\'' -e '\''s/^[ABCDGIRSTW][ABCDGIRSTW]* .* \(.*\)$/  {"\1", (void *) \&\1},/p'\'''
lt_cv_sys_global_symbol_to_c_name_address_lib_prefix='sed -n -e '\''s/^: \(.*\) .*$/  {"\1", (void *) 0},/p'\'' -e '\''s/^[ABCDGIRSTW][ABCDGIRSTW]* .* \(lib.*\)$/  {"\1", (void *) \&\1},/p'\'' -e '\''s/^[ABCDGIRSTW][ABCDGIRSTW]* .* \(.*\)$/  {"lib\1", (void *) \&\1},/p'\'''
lt_cv_sys_global_symbol_to_cdecl='sed -n -e '\''s/^T .* \(.*\)$/extern int \1();/p'\'' -e '\''s/^[ABCDGIRSTW][ABCDGIRSTW]* .* \(.*\)$/extern char \1;/p'\'''
lt_cv_sys_global_symbol_to_import=
lt_cv_sys_max_cmd_len=1572864
lt_cv_to_host_file_cmd=func_convert_file_noop
lt_cv_to_tool_file_cmd=func_convert_file_noop
lt_cv_truncate_bin='/usr/bin/dd bs=4096 count=1'

## ----------------- ##
## Output variables. ##
## ----------------- ##

ACLOCAL='${SHELL} /home/rb/gtk+-3.24.0/build-aux/missing aclocal-1.16'
AMDEPBACKSLASH='\'
AMDEP_FALSE='#'
AMDEP_TRUE=''
AMTAR='$${TAR-tar}'
AM_BACKSLASH='\'
AM_DEFAULT_V='$(AM_DEFAULT_VERBOSITY)'
AM_DEFAULT_VERBOSITY='0'
AM_V='$(V)'
AR='ar'
AS='as'
ATK_CFLAGS=''
ATK_LIBS=''
ATK_PREFIX=''
ATK_REQUIRED_VERSION='2.15.1'
AUTOCONF='${SHELL} /home/rb/gtk+-3.24.0/build-aux/missing autoconf'
AUTOHEADER='${SHELL} /home/rb/gtk+-3.24.0/build-aux/missing autoheader'
AUTOMAKE='${SHELL} /home/rb/gtk+-3.24.0/build-aux/missing automake-1.16'
AWK='mawk'
BASE_DEPENDENCIES_CFLAGS=''
BASE_DEPENDENCIES_LIBS=''
BUILDOPT_INSTALL_TESTS_FALSE=''
BUILDOPT_INSTALL_TESTS_TRUE='#'
BUILD_DYNAMIC_MODULES_FALSE=''
BUILD_DYNAMIC_MODULES_TRUE=''
BUILD_EXEEXT=''
BUILD_FONT_DEMO_FALSE=''
BUILD_FONT_DEMO_TRUE=''
BUILD_OBJEXT=''
CAIRO_BACKEND_CFLAGS=''
CAIRO_BACKEND_LIBS=''
CAIRO_CFLAGS=''
CAIRO_LIBS=''
CAIRO_PREFIX=''
CAIRO_REQUIRED_VERSION='1.14.0'
CC='gcc'
CCAS='gcc'
CCASDEPMODE='depmode=gcc3'
CCASFLAGS='-g -O2'
CCDEPMODE='depmode=gcc3'
CC_FOR_BUILD='gcc'
CFLAGS='-g -O2 -Wall'
CFLAGS_FOR_BUILD='-g -O2'
COLORD_CFLAGS=''
COLORD_LIBS=''
CPP='gcc -E'
CPPFLAGS=''
CPPFLAGS_FOR_BUILD=''
CPP_FOR_BUILD='gcc -E'
CROSS_COMPILING_FALSE=''
CROSS_COMPILING_TRUE=''
CUPS_API_MAJOR=''
CUPS_API_MINOR=''
CUPS_CFLAGS=''
CUPS_CONFIG=''
CUPS_LIBS=''
CXX='c++'
CXXCPP='c++ -E'
CXXDEPMODE='depmode=gcc3'
CXXFLAGS='-g -O2'
CYGPATH_W='echo'
DEFS=''
DEPDIR='.deps'
DISABLE_EXPLICIT_DEPS_FALSE=''
DISABLE_EXPLICIT_DEPS_TRUE=''
DISABLE_ON_QUARTZ=''
DISABLE_ON_W32=''
DLLTOOL='false'
DSYMUTIL=''
DUMPBIN=''
ECHO_C=''
ECHO_N='-n'
ECHO_T=''
EGREP='/usr/bin/grep -E'
ENABLE_DOC_CROSS_REFERENCES_FALSE=''
ENABLE_DOC_CROSS_REFERENCES_TRUE=''
ENABLE_GTK_DOC_FALSE=''
ENABLE_GTK_DOC_TRUE=''
ENABLE_MAN_FALSE=''
ENABLE_MAN_TRUE=''
ENABLE_ON_X11=''
EXEEXT=''
EXE_MANIFEST_ARCHITECTURE='X86'
FGREP='/usr/bin/grep -F'
GAIL_INET_LIBS=''
GAIL_LT_CURRENT_MINUS_AGE='0'
GAIL_LT_VERSION_INFO='0:0:0'
GDK_BACKENDS='x11'
GDK_DEP_CFLAGS=''
GDK_DEP_LIBS=''
GDK_EXTRA_CFLAGS=''
GDK_EXTRA_LIBS=''
GDK_HIDDEN_VISIBILITY_CFLAGS=''
GDK_PACKAGES=''
GDK_PIXBUF_LIBS=''
GDK_PIXBUF_REQUIRED_VERSION='2.30.0'
GDK_PRIVATE_PACKAGES=''
GETTEXT_MACRO_VERSION='0.19'
GETTEXT_PACKAGE='gtk30'
GLIB_CFLAGS=''
GLIB_CFLAGS_FOR_BUILD=''
GLIB_COMPILE_RESOURCES=''
GLIB_COMPILE_SCHEMAS=''
GLIB_GENMARSHAL=''
GLIB_LIBS=''
GLIB_LIBS_FOR_BUILD=''
GLIB_MKENUMS=''
GLIB_PREFIX=''
GLIB_REQUIRED_VERSION='2.49.4'
GMODULE_CFLAGS=''
GMODULE_LIBS=''
GMSGFMT='/usr/bin/msgfmt'
GMSGFMT_015='/usr/bin/msgfmt'
GOBJECT_QUERY=''
GREP='/usr/bin/grep'
GSETTINGS_DISABLE_SCHEMAS_COMPILE=''
GSETTINGS_RULES=''
GTKDOC_CHECK=''
GTKDOC_CHECK_PATH=''
GTKDOC_DEPS_CFLAGS=''
GTKDOC_DEPS_LIBS=''
GTKDOC_MKPDF=''
GTKDOC_REBASE=''
GTK_API_VERSION='3.0'
GTK_BINARY_AGE='2400'
GTK_BINARY_VERSION='3.0.0'
GTK_DEBUG_FLAGS='-DG_ENABLE_DEBUG -DG_DISABLE_CAST_CHECKS -DGLIB_MIN_REQUIRED_VERSION=GLIB_VERSION_2_48 -DGLIB_MAX_ALLOWED_VERSION=GLIB_VERSION_2_50'
GTK_DEP_CFLAGS=''
GTK_DEP_LIBS=''
GTK_DOC_BUILD_HTML_FALSE=''
GTK_DOC_BUILD_HTML_TRUE=''
GTK_DOC_BUILD_PDF_FALSE=''
GTK_DOC_BUILD_PDF_TRUE=''
GTK_DOC_USE_LIBTOOL_FALSE=''
GTK_DOC_USE_LIBTOOL_TRUE=''
GTK_DOC_USE_REBASE_FALSE=''
GTK_DOC_USE_REBASE_TRUE=''
GTK_EXTRA_CFLAGS=''
GTK_EXTRA_LIBS=''
GTK_FONT_CHOOSER_WIDGET_CFLAGS=''
GTK_FONT_CHOOSER_WIDGET_LIBS=''
GTK_INTERFACE_AGE='0'
GTK_LINK_FLAGS=''
GTK_MAJOR_VERSION='3'
GTK_MICRO_VERSION='0'
GTK_MINOR_VERSION='24'
GTK_PACKAGES=''
GTK_PRINT_BACKENDS=''
GTK_PRIVATE_PACKAGES=''
GTK_VERSION='3.24.0'
GTK_XIM_FLAGS=''
HAVE_CLOUDPRINT_FALSE=''
HAVE_CLOUDPRINT_TRUE=''
HAVE_COLORD_FALSE=''
HAVE_COLORD_TRUE=''
HAVE_CUPS_FALSE=''
HAVE_CUPS_TRUE=''
HAVE_CXX_FALSE='#'
HAVE_CXX_TRUE=''
HAVE_GTK_DOC_FALSE=''
HAVE_GTK_DOC_TRUE=''
HAVE_HTTP_AUTHSTRING=''
HAVE_INCLUDED_IMMMODULES_FALSE=''
HAVE_INCLUDED_IMMMODULES_TRUE=''
HAVE_INTROSPECTION_FALSE=''
HAVE_INTROSPECTION_TRUE=''
HAVE_OBJC_FALSE=''
HAVE_OBJC_TRUE='#'
HAVE_PAPI_FALSE=''
HAVE_PAPI_TRUE=''
HTML_DIR=''
INCLUDED_IMMODULE_DEFINE=''
INCLUDED_IMMODULE_OBJ=''
INCLUDE_IM_AM_ET_FALSE=''
INCLUDE_IM_AM_ET_TRUE=''
INCLUDE_IM_BROADWAY_FALSE=''
INCLUDE_IM_BROADWAY_TRUE=''
INCLUDE_IM_CEDILLA_FALSE=''
INCLUDE_IM_CEDILLA_TRUE=''
INCLUDE_IM_CYRILLIC_TRANSLIT_FALSE=''
INCLUDE_IM_CYRILLIC_TRANSLIT_TRUE=''
INCLUDE_IM_IME_FALSE=''
INCLUDE_IM_IME_TRUE=''
INCLUDE_IM_INUKTITUT_FALSE=''
INCLUDE_IM_INUKTITUT_TRUE=''
INCLUDE_IM_IPA_FALSE=''
INCLUDE_IM_IPA_TRUE=''
INCLUDE_IM_MULTIPRESS_FALSE=''
INCLUDE_IM_MULTIPRESS_TRUE=''
INCLUDE_IM_QUARTZ_FALSE=''
INCLUDE_IM_QUARTZ_TRUE=''
INCLUDE_IM_THAI_FALSE=''
INCLUDE_IM_THAI_TRUE=''
INCLUDE_IM_TI_ER_FALSE=''
INCLUDE_IM_TI_ER_TRUE=''
INCLUDE_IM_TI_ET_FALSE=''
INCLUDE_IM_TI_ET_TRUE=''
INCLUDE_IM_VIQR_FALSE=''
INCLUDE_IM_VIQR_TRUE=''
INCLUDE_IM_WAYLAND_FALSE=''
INCLUDE_IM_WAYLAND_TRUE=''
INCLUDE_IM_XIM_FALSE=''
INCLUDE_IM_XIM_TRUE=''
INSTALL_DATA='${INSTALL} -m 644'
INSTALL_PROGRAM='${INSTALL}'
INSTALL_SCRIPT='${INSTALL}'
INSTALL_STRIP_PROGRAM='$(install_sh) -c -s'
INTLLIBS=''
INTL_MACOSX_LIBS=''
INTROSPECTION_CFLAGS=''
INTROSPECTION_COMPILER=''
INTROSPECTION_GENERATE=''
INTROSPECTION_GIRDIR=''
INTROSPECTION_LIBS=''
INTROSPECTION_MAKEFILE=''
INTROSPECTION_REQUIRED_VERSION='1.39.0'
INTROSPECTION_SCANNER=''
INTROSPECTION_TYPELIBDIR=''
ISO_CODES_PREFIX=''
JSON_GLIB_CFLAGS=''
JSON_GLIB_LIBS=''
LD='/usr/bin/ld'
LDFLAGS=''
LDFLAGS_FOR_BUILD=''
LIBICONV='-liconv'
LIBINTL=''
LIBOBJS=''
LIBS=''
LIBTOOL='$(SHELL) $(top_builddir)/libtool'
LIB_EXE_MACHINE_FLAG='X86'
LIPO=''
LN_S='ln -s'
LTLIBICONV='-liconv'
LTLIBINTL=''
LTLIBOBJS=''
LT_CURRENT_MINUS_AGE='0'
LT_SYS_LIBRARY_PATH=''
LT_VERSION_INFO='2400:0:2400'
MAINT=''
MAINTAINER_MODE_FALSE='#'
MAINTAINER_MODE_TRUE=''
MAKEINFO='${SHELL} /home/rb/gtk+-3.24.0/build-aux/missing makeinfo'
MANIFEST_TOOL=':'
MATH_LIB='-lm'
MKDIR_P='/usr/bin/mkdir -p'
MSGFMT='/usr/bin/msgfmt'
MSGFMT_015='/usr/bin/msgfmt'
MSGMERGE='/usr/bin/msgmerge'
MSVC_BASE_NO_TOOLSET_SET_FALSE=''
MSVC_BASE_NO_TOOLSET_SET_TRUE=''
MSVC_NO_TOOLSET_SET_FALSE=''
MSVC_NO_TOOLSET_SET_TRUE=''
MS_LIB_AVAILABLE_FALSE=''
MS_LIB_AVAILABLE_TRUE='#'
NM='/usr/bin/nm -B'
NMEDIT=''
OBJDUMP='objdump'
OBJEXT='o'
OS_DARWIN_FALSE=''
OS_DARWIN_TRUE='#'
OS_LINUX_FALSE='#'
OS_LINUX_TRUE=''
OS_UNIX_FALSE='#'
OS_UNIX_TRUE=''
OS_WIN32_FALSE=''
OS_WIN32_TRUE='#'
OTOOL64=''
OTOOL=''
PACKAGE='gtk+'
PACKAGE_BUGREPORT='http://bugzilla.gnome.org/enter_bug.cgi?product=gtk%2B'
PACKAGE_NAME='gtk+'
PACKAGE_STRING='gtk+ 3.24.0'
PACKAGE_TARNAME='gtk+'
PACKAGE_URL=''
PACKAGE_VERSION='3.24.0'
PANGO_PREFIX=''
PANGO_REQUIRED_VERSION='1.41.0'
PATH_SEPARATOR=':'
PERL=''
PKG_CONFIG='/usr/bin/pkg-config'
PKG_CONFIG_FOR_BUILD=''
PKG_CONFIG_LIBDIR=''
PKG_CONFIG_PATH=''
PLATFORM_WIN32_FALSE=''
PLATFORM_WIN32_TRUE='#'
POSUB='po'
RANLIB='ranlib'
REBUILD_SCSS_FALSE=''
REBUILD_SCSS_TRUE=''
REST_CFLAGS=''
REST_LIBS=''
SASSC=''
SED='/usr/bin/sed'
SET_MAKE=''
SHELL='/bin/bash'
SHM_LIBS='-lrt'
STRIP='strip'
TEST_PRINT_BACKEND_FALSE=''
TEST_PRINT_BACKEND_TRUE=''
USE_BROADWAY_FALSE=''
USE_BROADWAY_TRUE='#'
USE_MIR_FALSE=''
USE_MIR_TRUE='#'
USE_NLS='yes'
USE_QUARTZ_FALSE=''
USE_QUARTZ_TRUE='#'
USE_WAYLAND_FALSE=''
USE_WAYLAND_TRUE='#'
USE_WIN32_FALSE=''
USE_WIN32_TRUE='#'
USE_X11_FALSE=''
USE_X11_TRUE=''
VERSION='3.24.0'
WAYLAND_PROTOCOLS_DATADIR=''
WAYLAND_SCANNER='/usr/bin/wayland-scanner'
WIN32_GLES_FALSE=''
WIN32_GLES_TRUE=''
WINDRES=''
X11_PREFIX=''
XGETTEXT='/usr/bin/xgettext'
XGETTEXT_015='/usr/bin/xgettext'
XGETTEXT_EXTRA_OPTIONS=''
XMKMF=''
XMLCATALOG=''
XML_CATALOG_FILE=''
XSLTPROC=''
X_CFLAGS=''
X_EXTRA_LIBS=''
X_LIBS=''
X_PRE_LIBS=''
ac_ct_AR='ar'
ac_ct_CC='gcc'
ac_ct_CC_FOR_BUILD='gcc'
ac_ct_CXX='c++'
ac_ct_DUMPBIN=''
am__EXEEXT_FALSE=''
am__EXEEXT_TRUE=''
am__fastdepCCAS_FALSE='#'
am__fastdepCCAS_TRUE=''
am__fastdepCC_FALSE='#'
am__fastdepCC_TRUE=''
am__fastdepCXX_FALSE='#'
am__fastdepCXX_TRUE=''
am__include='include'
am__isrc=''
am__leading_dot='.'
am__nodep='_no'
am__quote=''
am__tar='tar --format=ustar -chf - "$$tardir"'
am__untar='tar -xf -'
bindir='${exec_prefix}/bin'
build='aarch64-unknown-linux-gnu'
build_alias=''
build_cpu='aarch64'
build_os='linux-gnu'
build_vendor='unknown'
datadir='${datarootdir}'
datarootdir='${prefix}/share'
docdir='${datarootdir}/doc/${PACKAGE_TARNAME}'
dvidir='${docdir}'
exec_prefix='NONE'
gsettingsschemadir=''
host='aarch64-unknown-linux-gnu'
host_alias=''
host_cpu='aarch64'
host_os='linux-gnu'
host_vendor='unknown'
htmldir='${docdir}'
includedir='${prefix}/include'
infodir='${datarootdir}/info'
install_sh='${SHELL} /home/rb/gtk+-3.24.0/build-aux/install-sh'
libdir='${exec_prefix}/lib'
libexecdir='${exec_prefix}/libexec'
localedir='${datarootdir}/locale'
localstatedir='${prefix}/var'
mandir='${datarootdir}/man'
mkdir_p='$(MKDIR_P)'
ms_librarian=''
oldincludedir='/usr/include'
pdfdir='${docdir}'
prefix='NONE'
program_transform_name='s,x,x,'
psdir='${docdir}'
sbindir='${exec_prefix}/sbin'
sharedstatedir='${prefix}/com'
sysconfdir='${prefix}/etc'
target_alias=''

## ----------- ##
## confdefs.h. ##
## ----------- ##

/* confdefs.h */
#define PACKAGE_NAME "gtk+"
#define PACKAGE_TARNAME "gtk+"
#define PACKAGE_VERSION "3.24.0"
#define PACKAGE_STRING "gtk+ 3.24.0"
#define PACKAGE_BUGREPORT "http://bugzilla.gnome.org/enter_bug.cgi?product=gtk%2B"
#define PACKAGE_URL ""
#define STDC_HEADERS 1
#define HAVE_SYS_TYPES_H 1
#define HAVE_SYS_STAT_H 1
#define HAVE_STDLIB_H 1
#define HAVE_STRING_H 1
#define HAVE_MEMORY_H 1
#define HAVE_STRINGS_H 1
#define HAVE_INTTYPES_H 1
#define HAVE_STDINT_H 1
#define HAVE_UNISTD_H 1
#define __EXTENSIONS__ 1
#define _ALL_SOURCE 1
#define _GNU_SOURCE 1
#define _POSIX_PTHREAD_SEMANTICS 1
#define _TANDEM_SOURCE 1
#define ENABLE_NLS 1
#define HAVE_GETTEXT 1
#define HAVE_DCGETTEXT 1
#define GETTEXT_PACKAGE "gtk30"
#define HAVE_DLFCN_H 1
#define LT_OBJDIR ".libs/"
#define HAVE_POSIX_FALLOCATE 1
#define HAVE_FLOCKFILE 1

configure: exit 1
