      Timing level               3
      Major optimality tolerance 1e-5
      Major feasibility tolerance 1e-6
1
 
 Parameters
 ==========

 Files
 -----
 Solution file..........         0       Old basis file ........         0       Standard input.........         5
 Insert file............         0       New basis file ........         0       (Printer)..............         9
 Punch file.............         0       Backup basis file......         0       (Specs file)...........         0
 Load file..............         0       Dump file..............         0       Standard output........         6

 Frequencies
 -----------
 Print frequency........       100       Check frequency........        60       Save new basis map.....       100
 Summary frequency......       100       Factorization frequency        50       Expand frequency.......     10000

 QP subproblems
 --------------
 QPsolver Cholesky......
 Scale tolerance........      .900       Minor feasibility tol..  1.00E-06       Iteration limit........     10000
 Scale option...........         0       Minor optimality  tol..  1.00E-06       Minor print level......         1
 Crash tolerance........      .100       Pivot tolerance........  3.25E-11       Partial price..........         1
 Crash option...........         3       Elastic weight.........  1.00E+04       Prtl price section ( A)       297
                                         New superbasics........        99       Prtl price section (-I)       247

 The SQP Method
 --------------
 Minimize...............                 Cold start.............                 Proximal Point method..         1
 Nonlinear objectiv vars        33       Objective Row..........         1       Function precision.....  3.00E-13
 Unbounded step size....  1.00E+20       Superbasics limit......       297       Difference interval....  5.48E-07
 Unbounded objective....  1.00E+15       Reduced Hessian dim....       297       Central difference int.  6.70E-05
 Major step limit.......  2.00E+00       Derivative linesearch..                 Derivative option......         1
 Major iterations limit.      1000       Linesearch tolerance...    .90000       Verify level...........        -1
 Minor iterations limit.       500       Penalty parameter......  0.00E+00       Major Print Level......         1
                                         Major optimality tol...  1.00E-05

 Hessian Approximation
 ---------------------
 Limited-Memory Hessian.                 Hessian updates........        10       Hessian frequency......  99999999
                                                                                 Hessian flush..........  99999999

 Nonlinear constraints
 ---------------------
 Nonlinear constraints..       246       Major feasibility tol..  1.00E-06       Violation limit........  1.00E+06
 Nonlinear Jacobian vars       297

 Miscellaneous
 -------------
 LU factor tolerance....      3.99       LU singularity tol.....  3.25E-11       Timing level...........         3
 LU update tolerance....      3.99       LU swap tolerance......  1.22E-04       Debug level............         0
 LU partial  pivoting...                 eps (machine precision)  2.22E-16       System information.....        No
                                                                                 Sticky parameters......       Yes
1
 

 

 Matrix statistics
 -----------------
               Total      Normal        Free       Fixed     Bounded
 Rows            247           0           1         246           0
 Columns         297           0           0           8         289

 No. of matrix elements                43727     Density      59.607
 Biggest  constant element        0.0000E+00  (excluding fixed columns,
 Smallest constant element        0.0000E+00   free rows, and RHS)

 No. of objective coefficients             0

 Nonlinear constraints     246     Linear constraints       1
 Nonlinear variables       297     Linear variables         0
 Jacobian  variables       297     Objective variables     33
 Total constraints         247     Total variables        297
1
 

 
 The user has defined   43760   out of   43760   first  derivatives
1
 

    Itn       LPmult  LPstep   nInf   SumInf             LPobjective   +SBS   -SBS    -BS    Pivot     L+U ncp
    100     -4.3E+00 2.9E-02     17  5.0E+00                            235    235    493  3.1E+00    4072
 

   Itns Major Minors    Step   nCon Feasible  Optimal  MeritFunction     L+U BSwap     nS  condHz Penalty
    163     0    163              1  3.7E-01  2.5E-02 -1.2500000E+00    5127           43 1.5E+01         _  r
    164     1      1 3.0E-01      2  2.7E-01  1.6E-02 -3.8640841E-01    6962           43 1.5E+01 9.0E-02 _n rl
    171     2      7 4.0E-01      3  1.7E-01  4.0E-02 -7.7924786E-01    6893           37 1.4E+01 9.0E-02 _s  l
    176     3      5 1.0E+00      5  6.8E-02  9.1E-03 -1.4025588E+00    6348    18     41 1.1E+02 9.0E-02 _ m
    177     4      1 1.0E+00      6  8.0E-03  5.4E-03 -1.3988988E+00    6360           41 1.3E+02 9.3E-02 _
    179     5      2 1.0E+00      7  2.1E-03  7.6E-05 -1.3999453E+00    6361           42 1.2E+02 9.3E-02 _
    180     6      1 1.0E+00      8  6.9E-06 (6.7E-08)-1.4000000E+00    6361           42 1.2E+02 9.3E-02 _
    182     7      2 1.0E+00     10 (3.1E-11)(3.2E-12)-1.4000000E+00    6361           42 1.2E+02 9.3E-02 _ m
1
 
 SNOPTA EXIT   0 -- finished successfully
 SNOPTA INFO   1 -- optimality conditions satisfied

 Problem name
 No. of iterations                 182   Objective value     -1.4000000000E+00
 No. of major iterations             7   Linear objective     0.0000000000E+00
 Penalty parameter           9.326E-02   Nonlinear objective -1.4000000000E+00
 No. of calls to funobj             10   No. of calls to funcon             10
 No. of superbasics                 42   No. of basic nonlinears           246
 No. of degenerate steps            23   Percentage                      12.64
 Max x                      32 4.0E+00   Max pi                    247 1.0E+00
 Max Primal infeas           0 0.0E+00   Max Dual infeas           125 6.4E-12
 Nonlinear constraint violn    3.4E-10
1
 
 Name                                    Objective Value     -1.4000000000E+00

 Status         Optimal Soln             Iteration    182    Superbasics    42

 Objective               (Min)
 RHS
 Ranges
 Bounds

 Section 1 - Rows

  Number  ...Row.. State  ...Activity...  Slack Activity  ..Lower Limit.  ..Upper Limit.  .Dual Activity    ..i
 
     298  r      1    BS          .               .                None            None         -1.0          1
     299  r      2 A  EQ          .00000          .00000          .               .               .00000      2
     300  r      3 A  EQ          .00000          .00000          .               .               .00000      3
     301  r      4 A  EQ          .00000          .00000          .               .               .00000      4
     302  r      5 A  EQ          .00000          .00000          .               .               .00000      5
     303  r      6 A  EQ          .00000          .00000          .               .               .00000      6
     304  r      7 A  EQ          .00000          .00000          .               .               .00000      7
     305  r      8 A  EQ          .00000          .00000          .               .               .00000      8
     306  r      9 A  EQ          .00000          .00000          .               .               .00000      9
     307  r     10 A  EQ          .00000          .00000          .               .               .00000     10
     308  r     11 A  EQ          .00000          .00000          .               .               .00000     11
     309  r     12 A  EQ          .00000          .00000          .               .               .00000     12
     310  r     13 A  EQ          .00000          .00000          .               .               .00000     13
     311  r     14 A  EQ          .00000          .00000          .               .               .00000     14
     312  r     15 A  EQ          .00000          .00000          .               .               .00000     15
     313  r     16 A  EQ          .00000          .00000          .               .               .00000     16
     314  r     17 A  EQ          .00000          .00000          .               .               .00000     17
     315  r     18 A  EQ          .00000          .00000          .               .               .00000     18
     316  r     19 A  EQ          .00000          .00000          .               .               .00000     19
     317  r     20 A  EQ          .00000          .00000          .               .               .00000     20
     318  r     21 A  EQ          .00000          .00000          .               .               .00000     21
     319  r     22 A  EQ          .00000          .00000          .               .               .00000     22
     320  r     23 A  EQ          .00000          .00000          .               .               .00000     23
     321  r     24 A  EQ          .00000          .00000          .               .               .00000     24
     322  r     25 A  EQ          .00000          .00000          .               .               .00000     25
     323  r     26 A  EQ          .00000          .00000          .               .               .00000     26
     324  r     27 A  EQ          .00000          .00000          .               .               .00000     27
     325  r     28 A  EQ          .00000          .00000          .               .               .00000     28
     326  r     29 A  EQ          .00000          .00000          .               .               .00000     29
     327  r     30 A  EQ          .00000          .00000          .               .               .00000     30
     328  r     31 A  EQ          .00000          .00000          .               .               .00000     31
     329  r     32 A  EQ          .00000          .00000          .               .               .00000     32
     330  r     33 A  EQ          .00000          .00000          .               .               .00000     33
     331  r     34 A  EQ          .00000          .00000          .               .               .00000     34
     332  r     35 A  EQ          .00000          .00000          .               .               .00000     35
     333  r     36 A  EQ          .00000          .00000          .               .               .00000     36
     334  r     37 A  EQ          .00000          .00000          .               .               .00000     37
     335  r     38 A  EQ          .00000          .00000          .               .               .00000     38
     336  r     39 A  EQ          .00000          .00000          .               .               .00000     39
     337  r     40 A  EQ          .00000          .00000          .               .               .00000     40
     338  r     41 A  EQ          .00000          .00000          .               .               .00000     41
     339  r     42 A  EQ          .00000          .00000          .               .               .00000     42
     340  r     43 A  EQ          .00000          .00000          .               .               .00000     43
     341  r     44 A  EQ          .00000          .00000          .               .               .00000     44
     342  r     45 A  EQ          .00000          .00000          .               .               .00000     45
     343  r     46 A  EQ          .00000          .00000          .               .               .00000     46
     344  r     47 A  EQ          .00000          .00000          .               .               .00000     47
     345  r     48 A  EQ          .00000          .00000          .               .               .00000     48
     346  r     49 A  EQ          .00000          .00000          .               .               .00000     49
     347  r     50 A  EQ          .00000          .00000          .               .               .00000     50
     348  r     51 A  EQ          .00000          .00000          .               .               .00000     51
     349  r     52 A  EQ          .00000          .00000          .               .               .00000     52
     350  r     53 A  EQ          .00000          .00000          .               .               .00000     53
     351  r     54 A  EQ          .00000          .00000          .               .               .00000     54
     352  r     55 A  EQ          .00000          .00000          .               .               .00000     55
     353  r     56 A  EQ          .00000          .00000          .               .               .00000     56
     354  r     57 A  EQ          .00000          .00000          .               .               .00000     57
     355  r     58 A  EQ          .00000          .00000          .               .               .00000     58
     356  r     59 A  EQ          .00000          .00000          .               .               .00000     59
     357  r     60 A  EQ          .00000          .00000          .               .               .00000     60
     358  r     61 A  EQ          .00000          .00000          .               .               .00000     61
     359  r     62 A  EQ          .00000          .00000          .               .               .00000     62
     360  r     63 A  EQ          .00000          .00000          .               .               .00000     63
     361  r     64 A  EQ          .00000          .00000          .               .               .00000     64
     362  r     65 A  EQ          .00000          .00000          .               .               .00000     65
     363  r     66 A  EQ          .00000          .00000          .               .               .00000     66
     364  r     67 A  EQ          .00000          .00000          .               .               .00000     67
     365  r     68 A  EQ          .00000          .00000          .               .               .00000     68
     366  r     69 A  EQ          .00000          .00000          .               .               .00000     69
     367  r     70 A  EQ          .00000          .00000          .               .               .00000     70
     368  r     71 A  EQ          .00000          .00000          .               .               .00000     71
     369  r     72 A  EQ         1.00000          .00000         1.0             1.0              .00000     72
     370  r     73 A  EQ         1.00000          .00000         1.0             1.0              .00000     73
     371  r     74 A  EQ         1.00000          .00000         1.0             1.0              .00000     74
     372  r     75 A  EQ         1.00000          .00000         1.0             1.0              .00000     75
     373  r     76 A  EQ         1.00000          .00000         1.0             1.0              .00000     76
     374  r     77 A  EQ         1.00000          .00000         1.0             1.0              .00000     77
     375  r     78 A  EQ         1.00000          .00000         1.0             1.0              .00000     78
     376  r     79 A  EQ         1.00000          .00000         1.0             1.0              .00000     79
     377  r     80 A  EQ         1.00000          .00000         1.0             1.0              .00000     80
     378  r     81 A  EQ         1.00000          .00000         1.0             1.0              .00000     81
     379  r     82 A  EQ          .00000          .00000          .               .               .00000     82
     380  r     83 A  EQ          .00000          .00000          .               .               .00000     83
     381  r     84 A  EQ          .00000          .00000          .               .               .00000     84
     382  r     85 A  EQ          .00000          .00000          .               .               .00000     85
     383  r     86 A  EQ          .00000          .00000          .               .               .00000     86
     384  r     87 A  EQ          .00000          .00000          .               .               .00000     87
     385  r     88 A  EQ          .00000          .00000          .               .               .00000     88
     386  r     89 A  EQ          .00000          .00000          .               .               .00000     89
     387  r     90 A  EQ          .00000          .00000          .               .               .00000     90
     388  r     91 A  EQ          .00000          .00000          .               .               .00000     91
     389  r     92 A  EQ          .00000          .00000          .               .               .00000     92
     390  r     93 A  EQ          .00000          .00000          .               .               .00000     93
     391  r     94 A  EQ          .00000          .00000          .               .               .00000     94
     392  r     95 A  EQ          .00000          .00000          .               .               .00000     95
     393  r     96 A  EQ          .00000          .00000          .               .               .00000     96
     394  r     97 A  EQ          .00000          .00000          .               .               .00000     97
     395  r     98 A  EQ          .00000          .00000          .               .               .00000     98
     396  r     99 A  EQ          .00000          .00000          .               .               .00000     99
     397  r    100 A  EQ          .00000          .00000          .               .               .00000    100
     398  r    101 A  EQ          .00000          .00000          .               .               .00000    101
     399  r    102 A  EQ          .00000          .00000          .               .               .00000    102
     400  r    103 A  EQ          .00000          .00000          .               .               .00000    103
     401  r    104 A  EQ          .00000          .00000          .               .               .00000    104
     402  r    105 A  EQ          .00000          .00000          .               .               .00000    105
     403  r    106 A  EQ          .00000          .00000          .               .               .00000    106
     404  r    107 A  EQ          .00000          .00000          .               .               .00000    107
     405  r    108 A  EQ          .00000          .00000          .               .               .00000    108
     406  r    109 A  EQ          .00000          .00000          .               .               .00000    109
     407  r    110 A  EQ          .00000          .00000          .               .               .00000    110
     408  r    111 A  EQ          .00000          .00000          .               .               .00000    111
     409  r    112 A  EQ          .00000          .00000          .               .               .00000    112
     410  r    113 A  EQ          .00000          .00000          .               .               .00000    113
     411  r    114 A  EQ          .00000          .00000          .               .               .00000    114
     412  r    115 A  EQ          .00000          .00000          .               .               .00000    115
     413  r    116 A  EQ          .00000          .00000          .               .               .00000    116
     414  r    117 A  EQ          .00000          .00000          .               .               .00000    117
     415  r    118 A  EQ          .00000          .00000          .               .               .00000    118
     416  r    119 A  EQ          .00000          .00000          .               .               .00000    119
     417  r    120 A  EQ          .00000          .00000          .               .               .00000    120
     418  r    121 A  EQ          .00000          .00000          .               .               .00000    121
     419  r    122 A  EQ          .00000          .00000          .               .               .00000    122
     420  r    123 A  EQ          .00000          .00000          .               .               .00000    123
     421  r    124 A  EQ          .00000          .00000          .               .               .00000    124
     422  r    125 A  EQ          .00000          .00000          .               .               .00000    125
     423  r    126 A  EQ          .00000          .00000          .               .               .00000    126
     424  r    127 A  EQ          .00000          .00000          .               .               .00000    127
     425  r    128 A  EQ          .00000          .00000          .               .               .00000    128
     426  r    129 A  EQ          .00000          .00000          .               .               .00000    129
     427  r    130 A  EQ          .00000          .00000          .               .               .00000    130
     428  r    131 A  EQ          .00000          .00000          .               .               .00000    131
     429  r    132 A  EQ          .00000          .00000          .               .               .00000    132
     430  r    133 A  EQ          .00000          .00000          .               .               .00000    133
     431  r    134 A  EQ          .00000          .00000          .               .               .00000    134
     432  r    135 A  EQ          .00000          .00000          .               .               .00000    135
     433  r    136 A  EQ          .00000          .00000          .               .               .00000    136
     434  r    137 A  EQ          .00000          .00000          .               .               .00000    137
     435  r    138 A  EQ          .00000          .00000          .               .               .00000    138
     436  r    139 A  EQ          .00000          .00000          .               .               .00000    139
     437  r    140 A  EQ          .00000          .00000          .               .               .00000    140
     438  r    141 A  EQ          .00000          .00000          .               .               .00000    141
     439  r    142 A  EQ          .00000          .00000          .               .               .00000    142
     440  r    143 A  EQ          .00000          .00000          .               .               .00000    143
     441  r    144 A  EQ          .00000          .00000          .               .               .00000    144
     442  r    145 A  EQ          .00000          .00000          .               .               .00000    145
     443  r    146 A  EQ          .00000          .00000          .               .               .00000    146
     444  r    147 A  EQ          .00000          .00000          .               .               .00000    147
     445  r    148 A  EQ          .               .               .               .               .00000    148
     446  r    149 A  EQ          .00000          .00000          .               .               .00000    149
     447  r    150 A  EQ          .00000          .00000          .               .               .00000    150
     448  r    151 A  EQ          .00000          .00000          .               .               .00000    151
     449  r    152 A  EQ          .00000          .00000          .               .               .00000    152
     450  r    153 A  EQ          .00000          .00000          .               .               .00000    153
     451  r    154 A  EQ          .00000          .00000          .               .               .00000    154
     452  r    155 A  EQ          .00000          .00000          .               .               .00000    155
     453  r    156 A  EQ          .00000          .00000          .               .               .00000    156
     454  r    157 A  EQ          .00000          .00000          .               .               .00000    157
     455  r    158 A  EQ          .00000          .00000          .               .               .00000    158
     456  r    159 A  EQ          .00000          .00000          .               .               .00000    159
     457  r    160 A  EQ          .00000          .00000          .               .               .00000    160
     458  r    161 A  EQ          .00000          .00000          .               .               .00000    161
     459  r    162 A  EQ          .00000          .00000          .               .               .00000    162
     460  r    163 A  EQ          .00000          .00000          .               .               .00000    163
     461  r    164 A  EQ          .00000          .00000          .               .               .00000    164
     462  r    165 A  EQ          .00000          .00000          .               .               .00000    165
     463  r    166 A  EQ          .00000          .00000          .               .               .00000    166
     464  r    167 A  EQ          .00000          .00000          .               .               .00000    167
     465  r    168 A  EQ          .00000          .00000          .               .               .00000    168
     466  r    169 A  EQ          .00000          .00000          .               .               .00000    169
     467  r    170 A  EQ          .00000          .00000          .               .               .00000    170
     468  r    171 A  EQ          .00000          .00000          .               .               .00000    171
     469  r    172 A  EQ          .00000          .00000          .               .               .00000    172
     470  r    173 A  EQ          .00000          .00000          .               .               .00000    173
     471  r    174 A  EQ          .00000          .00000          .               .               .00000    174
     472  r    175 A  EQ          .00000          .00000          .               .               .00000    175
     473  r    176 A  EQ          .00000          .00000          .               .               .00000    176
     474  r    177 A  EQ          .00000          .00000          .               .               .00000    177
     475  r    178 A  EQ          .00000          .00000          .               .               .         178
     476  r    179 A  EQ          .00000          .00000          .               .               .00000    179
     477  r    180 A  EQ          .00000          .00000          .               .               .00000    180
     478  r    181 A  EQ          .00000          .00000          .               .               .00000    181
     479  r    182 A  EQ          .00000          .00000          .               .               .00000    182
     480  r    183 A  EQ          .00000          .00000          .               .               .00000    183
     481  r    184 A  EQ          .00000          .00000          .               .               .00000    184
     482  r    185 A  EQ          .00000          .00000          .               .               .00000    185
     483  r    186 A  EQ          .00000          .00000          .               .               .00000    186
     484  r    187 A  EQ          .00000          .00000          .               .               .00000    187
     485  r    188 A  EQ          .00000          .00000          .               .               .00000    188
     486  r    189 A  EQ          .00000          .00000          .               .               .00000    189
     487  r    190 A  EQ          .00000          .00000          .               .               .00000    190
     488  r    191 A  EQ          .00000          .00000          .               .               .00000    191
     489  r    192 A  EQ          .00000          .00000          .               .               .00000    192
     490  r    193 A  EQ          .00000          .00000          .               .               .00000    193
     491  r    194 A  EQ          .00000          .00000          .               .               .00000    194
     492  r    195 A  EQ          .00000          .00000          .               .               .00000    195
     493  r    196 A  EQ          .00000          .00000          .               .               .00000    196
     494  r    197 A  EQ          .00000          .00000          .               .               .00000    197
     495  r    198 A  EQ          .00000          .00000          .               .               .00000    198
     496  r    199 A  EQ          .00000          .00000          .               .               .00000    199
     497  r    200 A  EQ          .00000          .00000          .               .               .00000    200
     498  r    201 A  EQ          .00000          .00000          .               .               .00000    201
     499  r    202 A  EQ          .00000          .00000          .               .               .00000    202
     500  r    203 A  EQ          .00000          .00000          .               .               .00000    203
     501  r    204 A  EQ          .00000          .00000          .               .               .00000    204
     502  r    205 A  EQ          .00000          .00000          .               .               .00000    205
     503  r    206 A  EQ          .00000          .00000          .               .               .00000    206
     504  r    207 A  EQ          .00000          .00000          .               .               .00000    207
     505  r    208 A  EQ          .00000          .00000          .               .               .00000    208
     506  r    209 A  EQ          .00000          .00000          .               .               .00000    209
     507  r    210 A  EQ          .00000          .00000          .               .               .00000    210
     508  r    211 A  EQ          .00000          .00000          .               .               .00000    211
     509  r    212 A  EQ          .00000          .00000          .               .               .00000    212
     510  r    213 A  EQ          .00000          .00000          .               .               .00000    213
     511  r    214 A  EQ          .00000          .00000          .               .               .00000    214
     512  r    215 A  EQ          .00000          .00000          .               .               .00000    215
     513  r    216 A  EQ          .00000          .00000          .               .               .00000    216
     514  r    217 A  EQ          .00000          .00000          .               .               .00000    217
     515  r    218 A  EQ          .00000          .00000          .               .               .00000    218
     516  r    219 A  EQ          .00000          .00000          .               .               .00000    219
     517  r    220 A  EQ          .00000          .00000          .               .               .00000    220
     518  r    221 A  EQ          .00000          .00000          .               .               .00000    221
     519  r    222 A  EQ         1.00000          .00000         1.0             1.0              .00000    222
     520  r    223 A  EQ         1.00000          .00000         1.0             1.0              .00000    223
     521  r    224 A  EQ         1.00000          .00000         1.0             1.0              .00000    224
     522  r    225 A  EQ         1.00000          .00000         1.0             1.0              .00000    225
     523  r    226 A  EQ         1.00000          .00000         1.0             1.0              .00000    226
     524  r    227 A  EQ         1.00000          .00000         1.0             1.0              .00000    227
     525  r    228 A  EQ         1.00000          .00000         1.0             1.0              .00000    228
     526  r    229 A  EQ         1.00000          .00000         1.0             1.0              .00000    229
     527  r    230 A  EQ         1.00000          .00000         1.0             1.0              .00000    230
     528  r    231 A  EQ         1.00000          .00000         1.0             1.0              .00000    231
     529  r    232 A  EQ          .               .               .               .               .00000    232
     530  r    233 A  EQ          .               .               .               .               .00000    233
     531  r    234 A  EQ          .               .               .               .               .00000    234
     532  r    235 A  EQ          .               .               .               .               .00000    235
     533  r    236 A  EQ          .               .               .               .               .00000    236
     534  r    237 A  EQ          .               .               .               .               .00000    237
     535  r    238 A  EQ          .               .               .               .               .00000    238
     536  r    239 A  EQ          .               .               .               .               .00000    239
     537  r    240 A  EQ          .               .               .               .               .00000    240
     538  r    241 A  EQ          .               .               .               .               .00000    241
     539  r    242 A  EQ          .               .               .               .               .         242
     540  r    243 A  EQ          .               .               .               .               .00000    243
     541  r    244 A  EQ          .               .               .               .               .00000    244
     542  r    245 A  EQ          .               .               .               .               .00000    245
     543  r    246 A  EQ          .               .               .               .               .00000    246
     544  r    247 A  EQ          .               .               .               .               .00000    247
1
 
 Section 2 - Columns

  Number  .Column. State  ...Activity...  .Obj Gradient.  ..Lower Limit.  ..Upper Limit.  Reduced Gradnt    m+j
 
       1  x      1 A  EQ         1.08182          .              1.08182         1.08182          .00000    248
       2  x      2    BS         1.08177          .            -10.00000        10.00000          .00000    249
       3  x      3    BS         1.08123          .            -10.00000        10.00000          .00000    250
       4  x      4    BS         1.07943          .            -10.00000        10.00000          .00000    251
       5  x      5    BS         1.07560          .            -10.00000        10.00000          .00000    252
       6  x      6    BS         1.06947          .            -10.00000        10.00000          .00000    253
       7  x      7    BS         1.06149          .            -10.00000        10.00000          .00000    254
       8  x      8    BS         1.05287          .            -10.00000        10.00000          .00000    255
       9  x      9    BS         1.04531          .            -10.00000        10.00000          .00000    256
      10  x     10    BS         1.04045          .            -10.00000        10.00000          .00000    257
      11  x     11    BS         1.03924          .             -4.00000         4.00000          .         258
      12  x     12 A  EQ          .               .               .               .               .00000    259
      13  x     13    BS          .01112          .            -10.00000        10.00000          .00000    260
      14  x     14    BS          .03622          .            -10.00000        10.00000          .00000    261
      15  x     15    BS          .07276          .            -10.00000        10.00000          .00000    262
      16  x     16    BS          .11711          .            -10.00000        10.00000          .00000    263
      17  x     17    BS          .16485          .            -10.00000        10.00000          .00000    264
      18  x     18    BS          .21119          .            -10.00000        10.00000          .00000    265
      19  x     19    BS          .25158          .            -10.00000        10.00000          .00000    266
      20  x     20    BS          .28216          .            -10.00000        10.00000          .00000    267
      21  x     21    BS          .30009          .            -10.00000        10.00000          .00000    268
      22  x     22    BS          .30439          .             -4.00000         4.00000          .00000    269
      23  x     23 A  EQ          .               .               .               .               .00000    270
      24  x     24    BS          .00000          .            -10.00000        10.00000          .00000    271
      25  x     25    BS          .00001          .            -10.00000        10.00000          .00000    272
      26  x     26    BS          .00005          .            -10.00000        10.00000          .00000    273
      27  x     27    BS          .00011          .            -10.00000        10.00000          .00000    274
      28  x     28    BS          .00020          .            -10.00000        10.00000          .00000    275
      29  x     29    BS          .00031          .            -10.00000        10.00000          .00000    276
      30  x     30    BS          .00042          .            -10.00000        10.00000          .00000    277
      31  x     31    BS          .00053          .            -10.00000        10.00000          .00000    278
      32  x     32    BS          .00060          .            -10.00000        10.00000          .00000    279
      33  x     33    BS          .00062          .             -4.00000         4.00000          .00000    280
      34  x     34 A  EQ          .               .               .               .               .00000    281
      35  x     35    BS         -.00964          .            -10.00000        10.00000          .00000    282
      36  x     36    BS         -.03148          .            -10.00000        10.00000          .00000    283
      37  x     37    BS         -.06343          .            -10.00000        10.00000          .00000    284
      38  x     38    BS         -.10228          .            -10.00000        10.00000          .00000    285
      39  x     39    BS         -.14408          .            -10.00000        10.00000          .00000    286
      40  x     40    BS         -.18461          .            -10.00000        10.00000          .00000    287
      41  x     41    BS         -.21981          .            -10.00000        10.00000          .00000    288
      42  x     42   SBS         -.24628          .            -10.00000        10.00000          .00000    289
      43  x     43    BS         -.26166          .            -10.00000        10.00000          .00000    290
      44  x     44    BS         -.26533          .             -4.00000         4.00000          .00000    291
      45  x     45 A  EQ          .96144          .               .96144          .96144          .00000    292
      46  x     46    BS          .96172          .            -10.00000        10.00000          .00000    293
      47  x     47    BS          .96211          .            -10.00000        10.00000          .00000    294
      48  x     48    BS          .96189          .            -10.00000        10.00000          .00000    295
      49  x     49    BS          .96023          .            -10.00000        10.00000          .00000    296
      50  x     50    BS          .95665          .            -10.00000        10.00000          .00000    297
      51  x     51    BS          .95138          .            -10.00000        10.00000          .00000    298
      52  x     52    BS          .94528          .            -10.00000        10.00000          .00000    299
      53  x     53    BS          .93967          .            -10.00000        10.00000          .         300
      54  x     54    BS          .93590          .            -10.00000        10.00000          .00000    301
      55  x     55    BS          .93493          .             -4.00000         4.00000          .00000    302
      56  x     56 A  EQ          .               .               .               .               .00000    303
      57  x     57    BS          .00024          .            -10.00000        10.00000          .00000    304
      58  x     58    BS          .00065          .            -10.00000        10.00000          .00000    305
      59  x     59    BS          .00109          .            -10.00000        10.00000          .00000    306
      60  x     60    BS          .00154          .            -10.00000        10.00000          .00000    307
      61  x     61    BS          .00202          .            -10.00000        10.00000          .00000    308
      62  x     62    BS          .00252          .            -10.00000        10.00000          .00000    309
      63  x     63    BS          .00302          .            -10.00000        10.00000          .00000    310
      64  x     64    BS          .00351          .            -10.00000        10.00000          .00000    311
      65  x     65    BS          .00388          .            -10.00000        10.00000          .00000    312
      66  x     66    BS          .00399          .             -4.00000         4.00000          .00000    313
      67  x     67 A  EQ         1.25000          .              1.25000         1.25000          .00000    314
      68  x     68    BS         1.24873          .               .90000         1.40000          .00000    315
      69  x     69    BS         1.24586          .               .90000         1.40000          .00000    316
      70  x     70    BS         1.24168          .               .90000         1.40000          .00000    317
      71  x     71    BS         1.23657          .               .90000         1.40000          .00000    318
      72  x     72    BS         1.23104          .               .90000         1.40000          .00000    319
      73  x     73    BS         1.22562          .               .90000         1.40000          .00000    320
      74  x     74    BS         1.22085          .               .90000         1.40000          .00000    321
      75  x     75    BS         1.21720          .               .90000         1.40000          .00000    322
      76  x     76    BS         1.21505          .               .90000         1.40000          .00000    323
      77  x     77    BS         1.21453          .               .90000         1.40000          .00000    324
      78  x     78   SBS          .56421          .             -1.0             1.0              .00000    325
      79  x     79   SBS          .47386          .             -1.0             1.0              .00000    326
      80  x     80   SBS          .35983          .             -1.0             1.0              .00000    327
      81  x     81    BS          .24833          .             -1.0             1.0              .         328
      82  x     82   SBS          .19768          .             -1.0             1.0              .00000    329
      83  x     83   SBS          .16011          .             -1.0             1.0              .00000    330
      84  x     84   SBS          .15123          .             -1.0             1.0              .00000    331
      85  x     85   SBS          .20444          .             -1.0             1.0              .00000    332
      86  x     86   SBS          .34237          .             -1.0             1.0              .00000    333
      87  x     87   SBS          .49068          .             -1.0             1.0              .00000    334
      88  x     88    BS          .60616          .             -1.0             1.0              .00000    335
      89  x     89    BS          .75528          .             -1.0             1.0              .         336
      90  x     90    BS          .86998          .             -1.0             1.0              .00000    337
      91  x     91   SBS          .93682          .             -1.0             1.0              .00000    338
      92  x     92   SBS          .95179          .             -1.0             1.0              .00000    339
      93  x     93   SBS          .95680          .             -1.0             1.0              .00000    340
      94  x     94   SBS          .95265          .             -1.0             1.0              .00000    341
      95  x     95    BS          .92523          .             -1.0             1.0              .00000    342
      96  x     96    BS          .83405          .             -1.0             1.0              .00000    343
      97  x     97    BS          .69138          .             -1.0             1.0              .00000    344
      98  x     98   SBS          .56057          .             -1.0             1.0              .00000    345
      99  x     99   SBS          .45278          .             -1.0             1.0              .00000    346
     100  x    100   SBS          .33713          .             -1.0             1.0              .00000    347
     101  x    101   SBS          .24637          .             -1.0             1.0              .00000    348
     102  x    102    BS          .23456          .             -1.0             1.0              .         349
     103  x    103    BS          .24270          .             -1.0             1.0              .00000    350
     104  x    104    BS          .26380          .             -1.0             1.0              .00000    351
     105  x    105   SBS          .31962          .             -1.0             1.0              .00000    352
     106  x    106   SBS          .43261          .             -1.0             1.0              .00000    353
     107  x    107   SBS          .53031          .             -1.0             1.0              .00000    354
     108  x    108 A  EQ          .               .               .               .               .00000    355
     109  x    109    BS          .31890          .               .10000         1.63495          .00000    356
     110  x    110    BS         1.03924          .             -4.00000         4.00000          .00000    357
     111  x    111    BS          .99670          .            -10.00000        10.00000          .00000    358
     112  x    112    BS          .85098          .            -10.00000        10.00000          .00000    359
     113  x    113    BS          .53661          .            -10.00000        10.00000          .00000    360
     114  x    114    BS          .05598          .            -10.00000        10.00000          .00000    361
     115  x    115    BS         -.47311          .            -10.00000        10.00000          .00000    362
     116  x    116    BS         -.88584          .            -10.00000        10.00000          .00000    363
     117  x    117    BS        -1.09427          .            -10.00000        10.00000          .00000    364
     118  x    118    BS        -1.13412          .            -10.00000        10.00000          .00000    365
     119  x    119    BS        -1.10698          .            -10.00000        10.00000          .00000    366
     120  x    120    BS        -1.09491          .            -10.00000        10.00000          .         367
     121  x    121    BS          .30439          .             -4.00000         4.00000          .00000    368
     122  x    122    BS          .42662          .            -10.00000        10.00000          .00000    369
     123  x    123    BS          .67818          .            -10.00000        10.00000          .00000    370
     124  x    124    BS          .95599          .            -10.00000        10.00000          .00000    371
     125  x    125    BS         1.10681          .            -10.00000        10.00000          .00000    372
     126  x    126    BS         1.01615          .            -10.00000        10.00000          .00000    373
     127  x    127    BS          .70206          .            -10.00000        10.00000          .00000    374
     128  x    128    BS          .29988          .            -10.00000        10.00000          .00000    375
     129  x    129    BS         -.04322          .            -10.00000        10.00000          .00000    376
     130  x    130    BS         -.24568          .            -10.00000        10.00000          .00000    377
     131  x    131    BS         -.29336          .            -10.00000        10.00000          .00000    378
     132  x    132    BS          .00062          .             -4.00000         4.00000          .00000    379
     133  x    133    BS          .00114          .            -10.00000        10.00000          .00000    380
     134  x    134    BS          .00226          .            -10.00000        10.00000          .00000    381
     135  x    135    BS          .00359          .            -10.00000        10.00000          .00000    382
     136  x    136    BS          .00450          .            -10.00000        10.00000          .00000    383
     137  x    137    BS          .00444          .            -10.00000        10.00000          .00000    384
     138  x    138    BS          .00341          .            -10.00000        10.00000          .00000    385
     139  x    139    BS          .00189          .            -10.00000        10.00000          .00000    386
     140  x    140    BS          .00051          .            -10.00000        10.00000          .00000    387
     141  x    141    BS         -.00034          .            -10.00000        10.00000          .00000    388
     142  x    142    BS         -.00054          .            -10.00000        10.00000          .00000    389
     143  x    143    BS         -.26533          .             -4.00000         4.00000          .00000    390
     144  x    144    BS         -.37214          .            -10.00000        10.00000          .00000    391
     145  x    145    BS         -.59044          .            -10.00000        10.00000          .00000    392
     146  x    146    BS         -.82684          .            -10.00000        10.00000          .00000    393
     147  x    147    BS         -.94723          .            -10.00000        10.00000          .00000    394
     148  x    148    BS         -.85966          .            -10.00000        10.00000          .00000    395
     149  x    149    BS         -.58843          .            -10.00000        10.00000          .00000    396
     150  x    150    BS         -.24937          .            -10.00000        10.00000          .00000    397
     151  x    151    BS          .03795          .            -10.00000        10.00000          .00000    398
     152  x    152    BS          .20765          .            -10.00000        10.00000          .00000    399
     153  x    153    BS          .24769          .            -10.00000        10.00000          .00000    400
     154  x    154    BS          .93493          .             -4.00000         4.00000          .00000    401
     155  x    155    BS          .89658          .            -10.00000        10.00000          .00000    402
     156  x    156    BS          .76613          .            -10.00000        10.00000          .00000    403
     157  x    157    BS          .48813          .            -10.00000        10.00000          .00000    404
     158  x    158    BS          .07103          .            -10.00000        10.00000          .00000    405
     159  x    159    BS         -.37803          .            -10.00000        10.00000          .00000    406
     160  x    160    BS         -.72165          .            -10.00000        10.00000          .00000    407
     161  x    161    BS         -.89338          .            -10.00000        10.00000          .00000    408
     162  x    162    BS         -.92648          .            -10.00000        10.00000          .00000    409
     163  x    163    BS         -.90460          .            -10.00000        10.00000          .00000    410
     164  x    164    BS         -.89480          .            -10.00000        10.00000          .00000    411
     165  x    165    BS          .00399          .             -4.00000         4.00000          .00000    412
     166  x    166    BS          .00389          .            -10.00000        10.00000          .00000    413
     167  x    167    BS          .00349          .            -10.00000        10.00000          .00000    414
     168  x    168    BS          .00250          .            -10.00000        10.00000          .00000    415
     169  x    169    BS          .00086          .            -10.00000        10.00000          .00000    416
     170  x    170    BS         -.00103          .            -10.00000        10.00000          .00000    417
     171  x    171    BS         -.00260          .            -10.00000        10.00000          .00000    418
     172  x    172    BS         -.00351          .            -10.00000        10.00000          .00000    419
     173  x    173    BS         -.00381          .            -10.00000        10.00000          .00000    420
     174  x    174    BS         -.00383          .            -10.00000        10.00000          .00000    421
     175  x    175    BS         -.00381          .            -10.00000        10.00000          .00000    422
     176  x    176    BS         1.21453          .               .30000         1.90000          .00000    423
     177  x    177    BS         1.21453          .               .90000         1.40000          .00000    424
     178  x    178    BS         1.21453          .               .90000         1.40000          .00000    425
     179  x    179    BS         1.21453          .               .90000         1.40000          .00000    426
     180  x    180    BS         1.21453          .               .90000         1.40000          .00000    427
     181  x    181    BS         1.21453          .               .90000         1.40000          .00000    428
     182  x    182    BS         1.21453          .               .90000         1.40000          .00000    429
     183  x    183    BS         1.21453          .               .90000         1.40000          .00000    430
     184  x    184    BS         1.21453          .               .90000         1.40000          .00000    431
     185  x    185    BS         1.21453          .               .90000         1.40000          .00000    432
     186  x    186    BS         1.21453          .               .90000         1.40000          .00000    433
     187  x    187    BS          .31890          .               .              1.0              .00000    434
     188  x    188   SBS         3.99575          .               .              4.00000          .00000    435
     189  x    189    BS        -1.09491          .            -10.00000        10.00000          .00000    436
     190  x    190    BS        -1.10920          .            -10.00000        10.00000          .00000    437
     191  x    191    BS        -1.12955          .            -10.00000        10.00000          .00000    438
     192  x    192    BS        -1.12932          .            -10.00000        10.00000          .00000    439
     193  x    193    BS        -1.08146          .            -10.00000        10.00000          .00000    440
     194  x    194    BS         -.97343          .            -10.00000        10.00000          .00000    441
     195  x    195    BS         -.81668          .            -10.00000        10.00000          .00000    442
     196  x    196    BS         -.64356          .            -10.00000        10.00000          .00000    443
     197  x    197    BS         -.49369          .            -10.00000        10.00000          .00000    444
     198  x    198    BS         -.39959          .            -10.00000        10.00000          .00000    445
     199  x    199    BS         -.37645          .            -10.00000        10.00000          .00000    446
     200  x    200    BS         -.29336          .            -10.00000        10.00000          .00000    447
     201  x    201    BS         -.23554          .            -10.00000        10.00000          .00000    448
     202  x    202    BS         -.10250          .            -10.00000        10.00000          .00000    449
     203  x    203    BS          .09412          .            -10.00000        10.00000          .00000    450
     204  x    204    BS          .32991          .            -10.00000        10.00000          .00000    451
     205  x    205    BS          .56891          .            -10.00000        10.00000          .00000    452
     206  x    206    BS          .77468          .            -10.00000        10.00000          .00000    453
     207  x    207    BS          .92443          .            -10.00000        10.00000          .00000    454
     208  x    208    BS         1.01544          .            -10.00000        10.00000          .00000    455
     209  x    209    BS         1.05885          .            -10.00000        10.00000          .00000    456
     210  x    210    BS         1.06810          .            -10.00000        10.00000          .00000    457
     211  x    211    BS         -.00054          .            -10.00000        10.00000          .00000    458
     212  x    212    BS         -.00024          .            -10.00000        10.00000          .00000    459
     213  x    213    BS          .00081          .            -10.00000        10.00000          .00000    460
     214  x    214    BS          .00324          .            -10.00000        10.00000          .00000    461
     215  x    215    BS          .00747          .            -10.00000        10.00000          .00000    462
     216  x    216    BS          .01335          .            -10.00000        10.00000          .00000    463
     217  x    217    BS          .02005          .            -10.00000        10.00000          .00000    464
     218  x    218    BS          .02641          .            -10.00000        10.00000          .00000    465
     219  x    219    BS          .03138          .            -10.00000        10.00000          .00000    466
     220  x    220    BS          .03431          .            -10.00000        10.00000          .00000    467
     221  x    221    BS          .03501          .            -10.00000        10.00000          .00000    468
     222  x    222    BS          .24769          .            -10.00000        10.00000          .00000    469
     223  x    223    BS          .19772          .            -10.00000        10.00000          .00000    470
     224  x    224    BS          .08321          .            -10.00000        10.00000          .00000    471
     225  x    225    BS         -.08548          .            -10.00000        10.00000          .00000    472
     226  x    226    BS         -.28730          .            -10.00000        10.00000          .00000    473
     227  x    227    BS         -.49172          .            -10.00000        10.00000          .00000    474
     228  x    228    BS         -.66718          .            -10.00000        10.00000          .00000    475
     229  x    229    BS         -.79362          .            -10.00000        10.00000          .00000    476
     230  x    230    BS         -.86892          .            -10.00000        10.00000          .00000    477
     231  x    231    BS         -.90395          .            -10.00000        10.00000          .00000    478
     232  x    232    BS         -.91129          .            -10.00000        10.00000          .00000    479
     233  x    233    BS         -.89480          .            -10.00000        10.00000          .00000    480
     234  x    234    BS         -.90801          .            -10.00000        10.00000          .00000    481
     235  x    235    BS         -.92825          .            -10.00000        10.00000          .00000    482
     236  x    236    BS         -.93361          .            -10.00000        10.00000          .00000    483
     237  x    237    BS         -.90173          .            -10.00000        10.00000          .00000    484
     238  x    238    BS         -.82115          .            -10.00000        10.00000          .00000    485
     239  x    239    BS         -.69985          .            -10.00000        10.00000          .00000    486
     240  x    240    BS         -.56390          .            -10.00000        10.00000          .00000    487
     241  x    241    BS         -.44590          .            -10.00000        10.00000          .00000    488
     242  x    242    BS         -.37203          .            -10.00000        10.00000          .00000    489
     243  x    243    BS         -.35391          .            -10.00000        10.00000          .00000    490
     244  x    244    BS         -.00381          .            -10.00000        10.00000          .00000    491
     245  x    245    BS         -.00544          .            -10.00000        10.00000          .00000    492
     246  x    246    BS         -.00906          .            -10.00000        10.00000          .00000    493
     247  x    247    BS         -.01390          .            -10.00000        10.00000          .00000    494
     248  x    248    BS         -.01900          .            -10.00000        10.00000          .00000    495
     249  x    249    BS         -.02334          .            -10.00000        10.00000          .00000    496
     250  x    250    BS         -.02619          .            -10.00000        10.00000          .00000    497
     251  x    251    BS         -.02747          .            -10.00000        10.00000          .00000    498
     252  x    252    BS         -.02769          .            -10.00000        10.00000          .00000    499
     253  x    253    BS         -.02753          .            -10.00000        10.00000          .00000    500
     254  x    254    BS         -.02746          .            -10.00000        10.00000          .00000    501
     255  x    255    BS         1.21453          .               .90000         1.40000          .00000    502
     256  x    256    BS         1.22174          .               .90000         1.40000          .00000    503
     257  x    257    BS         1.23788          .               .90000         1.40000          .00000    504
     258  x    258    BS         1.26099          .               .90000         1.40000          .00000    505
     259  x    259    BS         1.28851          .               .90000         1.40000          .00000    506
     260  x    260    BS         1.31757          .               .90000         1.40000          .00000    507
     261  x    261    BS         1.34530          .               .90000         1.40000          .00000    508
     262  x    262    BS         1.36916          .               .90000         1.40000          .00000    509
     263  x    263    BS         1.38706          .               .90000         1.40000          .00000    510
     264  x    264    BS         1.39750          .               .90000         1.40000          .00000    511
     265  x    265    UL         1.40000        -1.0              .90000         1.40000        -1.00000    512
     266  x    266   SBS          .55798          .             -1.0             1.0              .00000    513
     267  x    267    BS          .53677          .             -1.0             1.0              .00000    514
     268  x    268   SBS          .57057          .             -1.0             1.0              .00000    515
     269  x    269   SBS          .58932          .             -1.0             1.0              .00000    516
     270  x    270   SBS          .59006          .             -1.0             1.0              .00000    517
     271  x    271    BS          .58791          .             -1.0             1.0              .00000    518
     272  x    272   SBS          .58754          .             -1.0             1.0              .00000    519
     273  x    273   SBS          .58298          .             -1.0             1.0              .00000    520
     274  x    274   SBS          .57397          .             -1.0             1.0              .00000    521
     275  x    275   SBS          .57247          .             -1.0             1.0              .00000    522
     276  x    276    BS          .58513          .             -1.0             1.0              .         523
     277  x    277   SBS          .58516          .             -1.0             1.0              .00000    524
     278  x    278    BS          .55996          .             -1.0             1.0              .00000    525
     279  x    279    BS          .55060          .             -1.0             1.0              .00000    526
     280  x    280    BS          .55547          .             -1.0             1.0              .00000    527
     281  x    281   SBS          .56194          .             -1.0             1.0              .00000    528
     282  x    282    BS          .56683          .             -1.0             1.0              .00000    529
     283  x    283    BS          .57324          .             -1.0             1.0              .00000    530
     284  x    284    BS          .57994          .             -1.0             1.0              .00000    531
     285  x    285    BS          .58038          .             -1.0             1.0              .         532
     286  x    286   SBS          .58846          .             -1.0             1.0              .00000    533
     287  x    287   SBS          .60784          .             -1.0             1.0              .00000    534
     288  x    288   SBS          .60074          .             -1.0             1.0              .00000    535
     289  x    289   SBS          .59121          .             -1.0             1.0              .00000    536
     290  x    290   SBS          .58590          .             -1.0             1.0              .00000    537
     291  x    291   SBS          .58189          .             -1.0             1.0              .00000    538
     292  x    292   SBS          .57749          .             -1.0             1.0              .00000    539
     293  x    293   SBS          .57579          .             -1.0             1.0              .00000    540
     294  x    294   SBS          .57812          .             -1.0             1.0              .00000    541
     295  x    295   SBS          .57917          .             -1.0             1.0              .00000    542
     296  x    296    BS         3.99575          .              2.00000         6.00000          .00000    543
     297  x    297    BS         2.22690          .               .              8.00000          .00000    544
 
 Time for MPS input                              .00 seconds
 Time for solving problem                       1.87 seconds
 Time for solution output                        .00 seconds
 Time for constraint functions                  3.21 seconds
 Time for objective function                     .00 seconds
