Id=0x4D4D L=211500
  Id=0x0002 L=10
  Version= 3
  Id=0x3D3D L=211257
    Id=0x2100 L=15
    Ambient Light Chunk -- Unprocessed
    Id=0xAFFF L=239
      Id=0xA000 L=15
      Material Name= hbltel_1
      Id=0xA010 L=15
        Id=0x0011 L=9
      Id=0xA020 L=15
        Id=0x0011 L=9
      Id=0xA030 L=15
        Id=0x0011 L=9
      Id=0xA040 L=14
        Id=0x0030 L=8
      Id=0xA041 L=14
        Id=0x0030 L=8
      Id=0xA050 L=14
        Id=0x0030 L=8
      Id=0xA052 L=14
        Id=0x0030 L=8
      Id=0xA053 L=14
        Id=0x0030 L=8
      Id=0xA100 L=8
      Id=0xA084 L=14
        Id=0x0030 L=8
      Id=0xA200 L=81
        Id=0x0030 L=8
        Id=0xA300 L=19
        Map Name= hbltel_1.bmp
        Id=0xA354 L=10
        Map UScale= 1.0
        Id=0xA356 L=10
        Map VScale= 1.0
        Id=0xA358 L=10
        Map UOffset= 0.0
        Id=0xA358 L=10
        Map UOffset= 0.0
        Id=0xA351 L=8
    Id=0xAFFF L=239
      Id=0xA000 L=15
      Material Name= hbltel_2
      Id=0xA010 L=15
        Id=0x0011 L=9
      Id=0xA020 L=15
        Id=0x0011 L=9
      Id=0xA030 L=15
        Id=0x0011 L=9
      Id=0xA040 L=14
        Id=0x0030 L=8
      Id=0xA041 L=14
        Id=0x0030 L=8
      Id=0xA050 L=14
        Id=0x0030 L=8
      Id=0xA052 L=14
        Id=0x0030 L=8
      Id=0xA053 L=14
        Id=0x0030 L=8
      Id=0xA100 L=8
      Id=0xA084 L=14
        Id=0x0030 L=8
      Id=0xA200 L=81
        Id=0x0030 L=8
        Id=0xA300 L=19
        Map Name= hbltel_2.bmp
        Id=0xA354 L=10
        Map UScale= 1.0
        Id=0xA356 L=10
        Map VScale= 1.0
        Id=0xA358 L=10
        Map UOffset= 0.0
        Id=0xA358 L=10
        Map UOffset= 0.0
        Id=0xA351 L=8
    Id=0xAFFF L=239
      Id=0xA000 L=15
      Material Name= hbltel_4
      Id=0xA010 L=15
        Id=0x0011 L=9
      Id=0xA020 L=15
        Id=0x0011 L=9
      Id=0xA030 L=15
        Id=0x0011 L=9
      Id=0xA040 L=14
        Id=0x0030 L=8
      Id=0xA041 L=14
        Id=0x0030 L=8
      Id=0xA050 L=14
        Id=0x0030 L=8
      Id=0xA052 L=14
        Id=0x0030 L=8
      Id=0xA053 L=14
        Id=0x0030 L=8
      Id=0xA100 L=8
      Id=0xA084 L=14
        Id=0x0030 L=8
      Id=0xA200 L=81
        Id=0x0030 L=8
        Id=0xA300 L=19
        Map Name= hbltel_4.bmp
        Id=0xA354 L=10
        Map UScale= 1.0
        Id=0xA356 L=10
        Map VScale= 1.0
        Id=0xA358 L=10
        Map UOffset= 0.0
        Id=0xA358 L=10
        Map UOffset= 0.0
        Id=0xA351 L=8
    Id=0xAFFF L=239
      Id=0xA000 L=15
      Material Name= hbltel_3
      Id=0xA010 L=15
        Id=0x0011 L=9
      Id=0xA020 L=15
        Id=0x0011 L=9
      Id=0xA030 L=15
        Id=0x0011 L=9
      Id=0xA040 L=14
        Id=0x0030 L=8
      Id=0xA041 L=14
        Id=0x0030 L=8
      Id=0xA050 L=14
        Id=0x0030 L=8
      Id=0xA052 L=14
        Id=0x0030 L=8
      Id=0xA053 L=14
        Id=0x0030 L=8
      Id=0xA100 L=8
      Id=0xA084 L=14
        Id=0x0030 L=8
      Id=0xA200 L=81
        Id=0x0030 L=8
        Id=0xA300 L=19
        Map Name= hbltel_3.bmp
        Id=0xA354 L=10
        Map UScale= 1.0
        Id=0xA356 L=10
        Map VScale= 1.0
        Id=0xA358 L=10
        Map UOffset= 0.0
        Id=0xA358 L=10
        Map UOffset= 0.0
        Id=0xA351 L=8
    Id=0xAFFF L=243
      Id=0xA000 L=19
      Material Name= hbltel_wfc_1
      Id=0xA010 L=15
        Id=0x0011 L=9
      Id=0xA020 L=15
        Id=0x0011 L=9
      Id=0xA030 L=15
        Id=0x0011 L=9
      Id=0xA040 L=14
        Id=0x0030 L=8
      Id=0xA041 L=14
        Id=0x0030 L=8
      Id=0xA050 L=14
        Id=0x0030 L=8
      Id=0xA052 L=14
        Id=0x0030 L=8
      Id=0xA053 L=14
        Id=0x0030 L=8
      Id=0xA100 L=8
      Id=0xA084 L=14
        Id=0x0030 L=8
      Id=0xA200 L=81
        Id=0x0030 L=8
        Id=0xA300 L=19
        Map Name= hbltel_w.bmp
        Id=0xA354 L=10
        Map UScale= 1.0
        Id=0xA356 L=10
        Map VScale= 1.0
        Id=0xA358 L=10
        Map UOffset= 0.0
        Id=0xA358 L=10
        Map UOffset= 0.0
        Id=0xA351 L=8
    Id=0x4000 L=210037
    Name= hst
      Id=0x4100 L=210027
        Id=0x4110 L=61472
        Point Count= 5122
        Id=0x4160 L=54
        Id=0x4140 L=40984
        Mat Group Count= 5122
        Id=0x4120 L=107511
        Face Count= 7672
          Id=0x4130 L=11971
          Material= hbltel_1
          Mat Group Count= 5977
          Id=0x4130 L=2511
          Material= hbltel_2
          Mat Group Count= 1247
          Id=0x4130 L=217
          Material= hbltel_4
          Mat Group Count= 100
          Id=0x4130 L=201
          Material= hbltel_3
          Mat Group Count= 92
          Id=0x4130 L=533
          Material= hbltel_wfc_1
          Mat Group Count= 256
          Id=0x4150 L=30694
          Smooth Face Count= 7672
  Id=0xB000 L=227
  Lighting Chunk -- Unprocessed
Pos=211500
