      Timing level               3
1
 
 Parameters
 ==========

 Files
 -----
 Solution file..........         0       Old basis file ........         0       Standard input.........         5
 Insert file............         0       New basis file ........         0       (Printer)..............         9
 Punch file.............         0       Backup basis file......         0       (Specs file)...........         0
 Load file..............         0       Dump file..............         0       Standard output........         6

 Frequencies
 -----------
 Print frequency........       100       Check frequency........        60       Save new basis map.....       100
 Summary frequency......       100       Factorization frequency        50       Expand frequency.......     10000

 QP subproblems
 --------------
 QPsolver Cholesky......
 Scale tolerance........      .900       Minor feasibility tol..  1.00E-06       Iteration limit........     10000
 Scale option...........         0       Minor optimality  tol..  1.00E-06       Minor print level......         1
 Crash tolerance........      .100       Pivot tolerance........  3.25E-11       Partial price..........         1
 Crash option...........         3       Elastic weight.........  1.00E+04       Prtl price section ( A)       106
                                         New superbasics........        99       Prtl price section (-I)        53

 The SQP Method
 --------------
 Minimize...............                 Cold start.............                 Proximal Point method..         1
 Nonlinear objectiv vars       106       Objective Row..........         1       Function precision.....  3.00E-13
 Unbounded step size....  1.00E+20       Superbasics limit......       105       Difference interval....  5.48E-07
 Unbounded objective....  1.00E+15       Reduced Hessian dim....       105       Central difference int.  6.70E-05
 Major step limit.......  2.00E+00       Derivative linesearch..                 Derivative option......         1
 Major iterations limit.      1000       Linesearch tolerance...    .90000       Verify level...........        -1
 Minor iterations limit.       500       Penalty parameter......  0.00E+00       Major Print Level......         1
                                         Major optimality tol...  2.00E-06

 Hessian Approximation
 ---------------------
 Limited-Memory Hessian.                 Hessian updates........        10       Hessian frequency......  99999999
                                                                                 Hessian flush..........  99999999

 Nonlinear constraints
 ---------------------
 Nonlinear constraints..        52       Major feasibility tol..  1.00E-06       Violation limit........  1.00E+06
 Nonlinear Jacobian vars       106

 Miscellaneous
 -------------
 LU factor tolerance....      3.99       LU singularity tol.....  3.25E-11       Timing level...........         3
 LU update tolerance....      3.99       LU swap tolerance......  1.22E-04       Debug level............         0
 LU partial  pivoting...                 eps (machine precision)  2.22E-16       System information.....        No
                                                                                 Sticky parameters......       Yes
1
 

 

 Matrix statistics
 -----------------
               Total      Normal        Free       Fixed     Bounded
 Rows             53           0           1          52           0
 Columns         106           0           0           5         101

 No. of matrix elements                 3860     Density      68.708
 Biggest  constant element        0.0000E+00  (excluding fixed columns,
 Smallest constant element        0.0000E+00   free rows, and RHS)

 No. of objective coefficients             0

 Nonlinear constraints      52     Linear constraints       1
 Nonlinear variables       106     Linear variables         0
 Jacobian  variables       106     Objective variables    106
 Total constraints          53     Total variables        106
1
 

 
 The user has defined    3966   out of    3966   first  derivatives
1
 
 

   Itns Major Minors    Step   nCon Feasible  Optimal  MeritFunction     L+U BSwap     nS  condHz Penalty
     50     0     50              1  2.6E+00  4.6E-01  4.4649798E+00      92           49 2.4E+02         _  r
     51     1      1 1.7E-01      2  2.2E+00  3.6E-01  2.6589367E+00      93           49 2.5E+02         _n rl
     52     2      1 1.9E-01      3  1.8E+00  8.3E-01  2.1616851E+00      93           49 2.3E+02         _s  l
     53     3      1 1.0E+00      4  9.0E-02  2.2E-01  1.5139091E+00      93           49 2.3E+02 1.0E-02 _
     54     4      1 1.0E+00      5  7.3E-03  7.8E-02  1.2403196E+00      93           49 2.3E+02 1.0E-02 _
     55     5      1 1.0E+00      6  3.7E-03  5.9E-02  1.2001516E+00      93           49 2.2E+02 1.0E-02 _
     56     6      1 1.0E+00      7  4.3E-03  3.7E-02  1.1751511E+00      93           49 2.2E+02 1.0E-02 _
     57     7      1 1.0E+00      8  1.2E-03  2.8E-02  1.1630370E+00      93           49 2.2E+02 1.0E-02 _
     58     8      1 1.0E+00      9  6.6E-04  1.7E-02  1.1534918E+00     261    12     49 2.7E+02 1.0E-02 _
     59     9      1 1.0E+00     10  2.7E-04  9.6E-03  1.1504365E+00     261           49 2.6E+02 1.0E-02 _
     60    10      1 1.0E+00     11  1.2E-04  6.1E-03  1.1493656E+00     261           49 2.5E+02 1.0E-02 _
     61    11      1 1.0E+00     12  1.6E-05  5.6E-03  1.1488999E+00     261           49 2.5E+02 1.0E-02 _
     62    12      1 1.0E+00     13  1.1E-05  5.0E-03  1.1486080E+00     261           49 1.2E+02 1.0E-02 _  R
     63    13      1 1.0E+00     14  3.1E-06  4.7E-03  1.1484793E+00     261           49 1.5E+02 1.0E-02 _s
     64    14      1 1.0E+00     15  7.9E-05  8.4E-03  1.1481762E+00     261           49 3.0E+02 1.0E-02 _
     65    15      1 1.0E+00     16  5.7E-05  8.6E-03  1.1480163E+00     261           49 3.1E+02 1.0E-02 _
     66    16      1 1.0E+00     17  9.7E-06  6.7E-03  1.1479241E+00     261           49 3.1E+02 1.0E-02 _
     67    17      1 4.4E-01     19  5.7E-06  1.5E-03  1.1478663E+00     250     6     49 2.1E+03 1.0E-02 _
     68    18      1 1.0E+00     20  1.7E-06  1.4E-03  1.1478584E+00     250           49 2.7E+03 1.0E-02 _
     69    19      1 4.8E-01     22  1.1E-06  4.1E-04  1.1478534E+00     250           49 2.5E+03 1.0E-02 _

   Itns Major Minors    Step   nCon Feasible  Optimal  MeritFunction     L+U BSwap     nS  condHz Penalty
     70    20      1 5.1E-01     24 (5.1E-07) 3.3E-04  1.1478520E+00     250           49 2.5E+03 1.0E-02 _
     71    21      1 4.7E-01     26 (2.7E-07) 6.9E-05  1.1478517E+00     250           49 2.4E+03 1.0E-02 _
     72    22      1 1.0E+00     27 (8.4E-10) 1.3E-04  1.1478516E+00     250           49 2.4E+03 1.0E-02 _
     73    23      1 1.0E+00     28 (1.2E-09) 1.1E-04  1.1478516E+00     250           49 2.2E+03 1.0E-02 _  R
     74    24      1 1.0E+00     29 (5.1E-10) 5.2E-05  1.1478516E+00     250           49 2.2E+03 1.0E-02 _s
     75    25      1 1.0E+00     30 (3.6E-11) 2.1E-05  1.1478516E+00     250           49 2.2E+03 1.0E-02 _
     76    26      1 1.0E+00     31 (2.2E-12) 2.0E-05  1.1478516E+00     243     8     49 9.4E+01 1.0E-02 _
     77    27      1 1.0E+00     32 (8.8E-12) 2.0E-05  1.1478516E+00     243           49 1.4E+02 1.0E-02 _
     78    28      1 1.0E+00     33 (1.8E-12) 1.7E-05  1.1478515E+00     243           49 2.1E+02 1.0E-02 _
     79    29      1 1.0E+00     34 (1.9E-12) 8.5E-06  1.1478515E+00     243           49 3.7E+02 1.0E-02 _
     80    30      1 1.0E+00     35 (1.7E-12) 4.6E-06  1.1478515E+00     243           49 3.7E+02 1.0E-02 _
     81    31      1 1.0E+00     36 (7.2E-13) 3.6E-06  1.1478515E+00     243           49 3.3E+02 1.0E-02 _
     82    32      1 1.0E+00     37 (7.7E-14)(1.8E-06) 1.1478515E+00     243           49 3.5E+02 1.0E-02 _
1
 
 SNOPTA EXIT   0 -- finished successfully
 SNOPTA INFO   1 -- optimality conditions satisfied

 Problem name
 No. of iterations                  82   Objective value      1.1478515367E+00
 No. of major iterations            32   Linear objective     0.0000000000E+00
 Penalty parameter           1.002E-02   Nonlinear objective  1.1478515367E+00
 No. of calls to funobj             37   No. of calls to funcon             37
 No. of superbasics                 49   No. of basic nonlinears            52
 No. of degenerate steps             0   Percentage                        .00
 Max x                     106 5.0E+01   Max pi                     53 1.0E+00
 Max Primal infeas           0 0.0E+00   Max Dual infeas            84 3.7E-06
 Nonlinear constraint violn    9.9E-13
1
 
 Name                                    Objective Value      1.1478515367E+00

 Status         Optimal Soln             Iteration     82    Superbasics    49

 Objective               (Min)
 RHS
 Ranges
 Bounds

 Section 1 - Rows

  Number  ...Row.. State  ...Activity...  Slack Activity  ..Lower Limit.  ..Upper Limit.  .Dual Activity    ..i
 
     107  r      1    BS          .               .                None            None         -1.0          1
     108  r      2    EQ          .               .               .               .               .00204      2
     109  r      3    EQ          .00000          .00000          .               .               .01322      3
     110  r      4    EQ          .00000          .00000          .               .               .01661      4
     111  r      5    EQ          .00000          .00000          .               .               .01012      5
     112  r      6    EQ          .00000          .00000          .               .               .00396      6
     113  r      7    EQ          .00000          .00000          .               .               .00124      7
     114  r      8    EQ          .00000          .00000          .               .               .00041      8
     115  r      9    EQ          .00000          .00000          .               .               .00007      9
     116  r     10    EQ          .00000          .00000          .               .               .00007     10
     117  r     11 A  EQ          .00000          .00000          .               .               .00000     11
     118  r     12    EQ          .00000          .00000          .               .               .00001     12
     119  r     13    EQ          .00000          .00000          .               .               .00002     13
     120  r     14    EQ          .00000          .00000          .               .               .00001     14
     121  r     15 A  EQ          .00000          .00000          .               .               .00000     15
     122  r     16 A  EQ          .00000          .00000          .               .               .00000     16
     123  r     17 A  EQ          .00000          .00000          .               .               .00000     17
     124  r     18 A  EQ          .00000          .00000          .               .               .00000     18
     125  r     19 A  EQ          .00000          .00000          .               .               .00000     19
     126  r     20 A  EQ          .00000          .00000          .               .               .00000     20
     127  r     21 A  EQ          .00000          .00000          .               .               .00000     21
     128  r     22 A  EQ          .00000          .00000          .               .               .00000     22
     129  r     23 A  EQ          .00000          .00000          .               .               .00000     23
     130  r     24 A  EQ          .00000          .00000          .               .               .00000     24
     131  r     25 A  EQ          .00000          .00000          .               .               .00000     25
     132  r     26 A  EQ          .00000          .00000          .               .               .00000     26
     133  r     27 A  EQ          .00000          .00000          .               .               .00000     27
     134  r     28 A  EQ          .00000          .00000          .               .               .00000     28
     135  r     29 A  EQ          .00000          .00000          .               .               .00000     29
     136  r     30 A  EQ          .00000          .00000          .               .               .00000     30
     137  r     31 A  EQ          .00000          .00000          .               .               .00000     31
     138  r     32    EQ          .00000          .00000          .               .               .00002     32
     139  r     33    EQ          .00000          .00000          .               .              -.00005     33
     140  r     34    EQ          .00000          .00000          .               .               .00007     34
     141  r     35    EQ          .00000          .00000          .               .              -.00009     35
     142  r     36    EQ          .00000          .00000          .               .               .00010     36
     143  r     37    EQ          .00000          .00000          .               .              -.00011     37
     144  r     38    EQ          .00000          .00000          .               .               .00012     38
     145  r     39    EQ          .00000          .00000          .               .              -.00014     39
     146  r     40    EQ          .00000          .00000          .               .               .00014     40
     147  r     41    EQ          .00000          .00000          .               .              -.00018     41
     148  r     42    EQ          .00000          .00000          .               .               .00009     42
     149  r     43    EQ          .00000          .00000          .               .              -.00044     43
     150  r     44    EQ          .00000          .00000          .               .              -.00054     44
     151  r     45    EQ          .00000          .00000          .               .              -.00223     45
     152  r     46    EQ          .00000          .00000          .               .              -.00460     46
     153  r     47    EQ          .00000          .00000          .               .              -.01030     47
     154  r     48    EQ          .00000          .00000          .               .              -.01766     48
     155  r     49    EQ          .00000          .00000          .               .              -.02814     49
     156  r     50    EQ          .00000          .00000          .               .              -.03614     50
     157  r     51    EQ          .00000          .00000          .               .              -.02824     51
     158  r     52 A  EQ          .00000          .00000          .               .               .00000     52
     159  r     53    EQ          .               .               .               .               .00003     53
1
 
 Section 2 - Columns

  Number  .Column. State  ...Activity...  .Obj Gradient.  ..Lower Limit.  ..Upper Limit.  Reduced Gradnt    m+j
 
       1  x      1    EQ         1.0              .07500         1.0             1.0              .41547     54
       2  x      2   SBS          .71110          .32078       -50.00000        50.00000          .00000     55
       3  x      3    BS          .38163          .29233       -50.00000        50.00000          .00000     56
       4  x      4   SBS          .14985          .15071       -50.00000        50.00000          .00000     57
       5  x      5   SBS          .05535          .06349       -50.00000        50.00000          .00000     58
       6  x      6   SBS          .01315          .01546       -50.00000        50.00000          .00000     59
       7  x      7   SBS          .00777          .00846       -50.00000        50.00000          .00000     60
       8  x      8   SBS         -.00043         -.00038       -50.00000        50.00000          .00000     61
       9  x      9   SBS          .00282          .00174       -50.00000        50.00000          .00000     62
      10  x     10   SBS         -.00078         -.00022       -50.00000        50.00000          .00000     63
      11  x     11    BS          .00050          .00011       -50.00000        50.00000          .00000     64
      12  x     12    BS          .00022          .00030       -50.00000        50.00000          .00000     65
      13  x     13 N SBS          .00004          .00008       -50.00000        50.00000          .00000     66
      14  x     14   SBS          .00000          .00001       -50.00000        50.00000          .00000     67
      15  x     15   SBS          .00000          .00000       -50.00000        50.00000          .00000     68
      16  x     16   SBS          .00000          .00000       -50.00000        50.00000          .00000     69
      17  x     17   SBS          .00000          .00000       -50.00000        50.00000          .00000     70
      18  x     18   SBS          .00000          .00000       -50.00000        50.00000          .00000     71
      19  x     19   SBS          .00000          .00000       -50.00000        50.00000          .00000     72
      20  x     20   SBS          .00000          .00000       -50.00000        50.00000          .00000     73
      21  x     21    BS          .00000          .             -1.0             1.0              .00000     74
      22  x     22   SBS         -.40848         -.03064       -50.00000        50.00000          .00000     75
      23  x     23    BS         -.43966         -.19833       -50.00000        50.00000          .00000     76
      24  x     24    BS         -.32524         -.24914       -50.00000        50.00000          .00000     77
      25  x     25    BS         -.15097         -.15184       -50.00000        50.00000          .00000     78
      26  x     26    BS         -.05172         -.05933       -50.00000        50.00000          .00000     79
      27  x     27    BS         -.01583         -.01862       -50.00000        50.00000          .00000     80
      28  x     28    BS         -.00567         -.00618       -50.00000        50.00000          .00000     81
      29  x     29    BS         -.00120         -.00107       -50.00000        50.00000          .00000     82
      30  x     30    BS         -.00161         -.00099       -50.00000        50.00000          .00000     83
      31  x     31   SBS          .00001          .00000       -50.00000        50.00000          .00000     84
      32  x     32   SBS         -.00049         -.00011       -50.00000        50.00000          .00000     85
      33  x     33    BS         -.00023         -.00031       -50.00000        50.00000          .00000     86
      34  x     34    BS         -.00003         -.00008       -50.00000        50.00000          .00000     87
      35  x     35    BS          .00000         -.00001       -50.00000        50.00000          .00000     88
      36  x     36    BS          .00000          .00000       -50.00000        50.00000          .00000     89
      37  x     37    BS          .00000          .00000       -50.00000        50.00000          .00000     90
      38  x     38    BS          .00000          .00000       -50.00000        50.00000          .00000     91
      39  x     39    BS          .00000          .00000       -50.00000        50.00000          .00000     92
      40  x     40    BS          .00000          .00000       -50.00000        50.00000          .00000     93
      41  x     41    BS          .00000          .00000       -50.00000        50.00000          .00000     94
      42  x     42    EQ          .              -.01080          .               .              -.00002     95
      43  x     43    EQ        30.00000          .01080        30.00000        30.00000          .00005     96
      44  x     44    BS          .00000          .00000         -.20000          .20000          .00000     97
      45  x     45   SBS          .00000          .00000       -50.00000        50.00000          .00000     98
      46  x     46    BS          .00000          .00000       -50.00000        50.00000          .00000     99
      47  x     47   SBS          .00000          .00000       -50.00000        50.00000          .00000    100
      48  x     48   SBS          .00000          .00000       -50.00000        50.00000          .00000    101
      49  x     49   SBS          .00000          .00000       -50.00000        50.00000          .00000    102
      50  x     50   SBS          .00000          .00000       -50.00000        50.00000          .00000    103
      51  x     51   SBS          .00000          .00000       -50.00000        50.00000          .00000    104
      52  x     52    BS          .00000          .00000       -50.00000        50.00000          .00000    105
      53  x     53    BS          .00000          .00000       -50.00000        50.00000          .00000    106
      54  x     54   SBS          .00000          .00000       -50.00000        50.00000          .00000    107
      55  x     55    BS          .00000          .00000       -50.00000        50.00000          .00000    108
      56  x     56   SBS          .00000          .00000       -50.00000        50.00000          .00000    109
      57  x     57    BS          .00000          .00000       -50.00000        50.00000          .00000    110
      58  x     58   SBS          .00000          .00000       -50.00000        50.00000          .00000    111
      59  x     59   SBS          .00000          .00000       -50.00000        50.00000          .00000    112
      60  x     60   SBS          .00001          .00001       -50.00000        50.00000          .00000    113
      61  x     61   SBS          .00002          .00002       -50.00000        50.00000          .00000    114
      62  x     62   SBS          .00007          .00008       -50.00000        50.00000          .00000    115
      63  x     63   SBS          .00020          .00023       -50.00000        50.00000          .00000    116
      64  x     64   SBS          .00069          .00081       -50.00000        50.00000          .00000    117
      65  x     65   SBS          .00215          .00249       -50.00000        50.00000          .00000    118
      66  x     66   SBS          .00674          .00746       -50.00000        50.00000          .00000    119
      67  x     67   SBS          .01956          .02011       -50.00000        50.00000          .00000    120
      68  x     68   SBS          .05215          .04827       -50.00000        50.00000          .00000    121
      69  x     69   SBS          .12367          .09893       -50.00000        50.00000          .00000    122
      70  x     70   SBS          .25665          .16804       -50.00000        50.00000          .00000    123
      71  x     71   SBS          .45806          .22600       -50.00000        50.00000          .00000    124
      72  x     72    BS          .70525          .22563       -50.00000        50.00000          .00000    125
      73  x     73    BS          .92789          .12885       -50.00000        50.00000          .00000    126
      74  x     74    EQ         1.0              .              1.0             1.0             2.41291    127
      75  x     75   SBS         -.00001          .00000       -50.00000        50.00000          .00000    128
      76  x     76   SBS          .00000          .00000       -50.00000        50.00000          .00000    129
      77  x     77    BS          .00000          .00000       -50.00000        50.00000          .00000    130
      78  x     78    BS          .00000          .00000       -50.00000        50.00000          .00000    131
      79  x     79    BS          .00000          .00000       -50.00000        50.00000          .00000    132
      80  x     80    BS          .00000          .00000       -50.00000        50.00000          .00000    133
      81  x     81    BS          .00000          .00000       -50.00000        50.00000          .00000    134
      82  x     82   SBS          .00000          .00000       -50.00000        50.00000          .00000    135
      83  x     83    BS          .00000          .00000       -50.00000        50.00000          .00000    136
      84  x     84 N SBS          .00002          .00000       -50.00000        50.00000          .00000    137
      85  x     85   SBS         -.00579         -.00022       -50.00000        50.00000          .00000    138
      86  x     86   SBS          .00235          .00054       -50.00000        50.00000          .00000    139
      87  x     87    BS         -.00178         -.00073       -50.00000        50.00000          .00000    140
      88  x     88    BS          .00153          .00088       -50.00000        50.00000          .00000    141
      89  x     89    BS         -.00139         -.00101       -50.00000        50.00000          .00000    142
      90  x     90    BS          .00131          .00114       -50.00000        50.00000          .00000    143
      91  x     91    BS         -.00127         -.00124       -50.00000        50.00000          .00000    144
      92  x     92    BS          .00130          .00139       -50.00000        50.00000          .00000    145
      93  x     93    BS         -.00124         -.00141       -50.00000        50.00000          .00000    146
      94  x     94    BS          .00158          .00185       -50.00000        50.00000          .00000    147
      95  x     95    BS         -.00079         -.00094       -50.00000        50.00000          .00000    148
      96  x     96    BS          .00377          .00436       -50.00000        50.00000          .00000    149
      97  x     97    BS          .00491          .00543       -50.00000        50.00000          .00000    150
      98  x     98    BS          .02169          .02230       -50.00000        50.00000          .00000    151
      99  x     99    BS          .04973          .04602       -50.00000        50.00000          .00000    152
     100  x    100    BS          .12882          .10305       -50.00000        50.00000          .00000    153
     101  x    101    BS          .26977          .17662       -50.00000        50.00000          .00000    154
     102  x    102   SBS          .57028          .28137       -50.00000        50.00000          .00000    155
     103  x    103    BS         1.12976          .36144       -50.00000        50.00000          .00000    156
     104  x    104   SBS         2.03402          .28245       -50.00000        50.00000          .00000    157
     105  x    105 D  BS        30.00000         -.04119        20.00000        30.00000          .00000    158
     106  x    106    EQ        50.00000          .04119        50.00000        50.00000         -.00003    159
 
 Time for MPS input                              .00 seconds
 Time for solving problem                       3.70 seconds
 Time for solution output                        .00 seconds
 Time for constraint functions                  4.14 seconds
 Time for objective function                     .00 seconds
