This file contains any messages produced by compilers while
running configure, to aid debugging if configure makes a mistake.

It was created by wxWidgets configure 3.1.6, which was
generated by GNU Autoconf 2.69.  Invocation command line was

  $ ./configure 

## --------- ##
## Platform. ##
## --------- ##

hostname = localhost
uname -m = aarch64
uname -r = 5.10.101-14962-gede4ccb2bf53
uname -s = Linux
uname -v = #1 SMP PREEMPT Wed Apr 13 19:47:19 PDT 2022

/usr/bin/uname -p = unknown
/bin/uname -X     = 

/bin/arch              = aarch64
/usr/bin/arch -k       = unknown
/usr/convex/getsysinfo = unknown
/usr/bin/hostinfo      = unknown
/bin/machine           = unknown
/usr/bin/oslevel       = unknown
/bin/universe          = unknown

PATH: /home/rb/.local/bin
PATH: /usr/local/bin
PATH: /usr/bin
PATH: /bin
PATH: /usr/local/games
PATH: /usr/games
PATH: /home/rb/.local/bin
PATH: /sbin
PATH: /usr/local/bin
PATH: .
PATH: /home/rb/.local/bin
PATH: /sbin
PATH: /usr/local/bin
PATH: /usr/local/bin/ninja


## ----------- ##
## Core tests. ##
## ----------- ##

configure:3778: checking build system type
configure:3792: result: aarch64-unknown-linux-gnu
configure:3812: checking host system type
configure:3825: result: aarch64-unknown-linux-gnu
configure:4677: checking for toolkit
configure:4741: result: gtk
configure:13071: checking for gcc
configure:13087: found /usr/bin/gcc
configure:13098: result: gcc
configure:13327: checking for C compiler version
configure:13336: gcc --version >&5
gcc (Debian 10.2.1-6) 10.2.1 20210110
Copyright (C) 2020 Free Software Foundation, Inc.
This is free software; see the source for copying conditions.  There is NO
warranty; not even for MERCHANTABILITY or FITNESS FOR A PARTICULAR PURPOSE.

configure:13347: $? = 0
configure:13336: gcc -v >&5
Using built-in specs.
COLLECT_GCC=gcc
COLLECT_LTO_WRAPPER=/usr/lib/gcc/aarch64-linux-gnu/10/lto-wrapper
Target: aarch64-linux-gnu
Configured with: ../src/configure -v --with-pkgversion='Debian 10.2.1-6' --with-bugurl=file:///usr/share/doc/gcc-10/README.Bugs --enable-languages=c,ada,c++,go,d,fortran,objc,obj-c++,m2 --prefix=/usr --with-gcc-major-version-only --program-suffix=-10 --program-prefix=aarch64-linux-gnu- --enable-shared --enable-linker-build-id --libexecdir=/usr/lib --without-included-gettext --enable-threads=posix --libdir=/usr/lib --enable-nls --enable-bootstrap --enable-clocale=gnu --enable-libstdcxx-debug --enable-libstdcxx-time=yes --with-default-libstdcxx-abi=new --enable-gnu-unique-object --disable-libquadmath --disable-libquadmath-support --enable-plugin --enable-default-pie --with-system-zlib --enable-libphobos-checking=release --with-target-system-zlib=auto --enable-objc-gc=auto --enable-multiarch --enable-fix-cortex-a53-843419 --disable-werror --enable-checking=release --build=aarch64-linux-gnu --host=aarch64-linux-gnu --target=aarch64-linux-gnu --with-build-config=bootstrap-lto-lean --enable-link-mutex
Thread model: posix
Supported LTO compression algorithms: zlib zstd
gcc version 10.2.1 20210110 (Debian 10.2.1-6) 
configure:13347: $? = 0
configure:13336: gcc -V >&5
gcc: error: unrecognized command-line option '-V'
gcc: fatal error: no input files
compilation terminated.
configure:13347: $? = 1
configure:13336: gcc -qversion >&5
gcc: error: unrecognized command-line option '-qversion'; did you mean '--version'?
gcc: fatal error: no input files
compilation terminated.
configure:13347: $? = 1
configure:13367: checking whether the C compiler works
configure:13389: gcc    conftest.c  >&5
configure:13393: $? = 0
configure:13441: result: yes
configure:13444: checking for C compiler default output file name
configure:13446: result: a.out
configure:13452: checking for suffix of executables
configure:13459: gcc -o conftest    conftest.c  >&5
configure:13463: $? = 0
configure:13485: result: 
configure:13507: checking whether we are cross compiling
configure:13515: gcc -o conftest    conftest.c  >&5
configure:13519: $? = 0
configure:13526: ./conftest
configure:13530: $? = 0
configure:13545: result: no
configure:13550: checking for suffix of object files
configure:13572: gcc -c   conftest.c >&5
configure:13576: $? = 0
configure:13597: result: o
configure:13601: checking whether we are using the GNU C compiler
configure:13620: gcc -c   conftest.c >&5
configure:13620: $? = 0
configure:13629: result: yes
configure:13638: checking whether gcc accepts -g
configure:13658: gcc -c -g  conftest.c >&5
configure:13658: $? = 0
configure:13699: result: yes
configure:13716: checking for gcc option to accept ISO C89
configure:13779: gcc  -c   conftest.c >&5
configure:13779: $? = 0
configure:13792: result: none needed
configure:13825: checking whether we are using the Intel C compiler
configure:13845: gcc -c   conftest.c >&5
conftest.c: In function 'main':
conftest.c:16:17: error: unknown type name 'choke'
   16 |                 choke me
      |                 ^~~~~
configure:13845: $? = 1
configure: failed program was:
| /* confdefs.h */
| #define PACKAGE_NAME "wxWidgets"
| #define PACKAGE_TARNAME "wxwidgets"
| #define PACKAGE_VERSION "3.1.6"
| #define PACKAGE_STRING "wxWidgets 3.1.6"
| #define PACKAGE_BUGREPORT "wx-dev@googlegroups.com"
| #define PACKAGE_URL ""
| #define __LINUX__ 1
| /* end confdefs.h.  */
| 
| int
| main ()
| {
| 
|              #ifndef __INTEL_COMPILER
|                 choke me
|              #endif
| 
|   ;
|   return 0;
| }
configure:13855: result: no
configure:14385: checking how to run the C preprocessor
configure:14416: gcc -E  conftest.c
configure:14416: $? = 0
configure:14430: gcc -E  conftest.c
conftest.c:10:10: fatal error: ac_nonexistent.h: No such file or directory
   10 | #include <ac_nonexistent.h>
      |          ^~~~~~~~~~~~~~~~~~
compilation terminated.
configure:14430: $? = 1
configure: failed program was:
| /* confdefs.h */
| #define PACKAGE_NAME "wxWidgets"
| #define PACKAGE_TARNAME "wxwidgets"
| #define PACKAGE_VERSION "3.1.6"
| #define PACKAGE_STRING "wxWidgets 3.1.6"
| #define PACKAGE_BUGREPORT "wx-dev@googlegroups.com"
| #define PACKAGE_URL ""
| #define __LINUX__ 1
| /* end confdefs.h.  */
| #include <ac_nonexistent.h>
configure:14455: result: gcc -E
configure:14475: gcc -E  conftest.c
configure:14475: $? = 0
configure:14489: gcc -E  conftest.c
conftest.c:10:10: fatal error: ac_nonexistent.h: No such file or directory
   10 | #include <ac_nonexistent.h>
      |          ^~~~~~~~~~~~~~~~~~
compilation terminated.
configure:14489: $? = 1
configure: failed program was:
| /* confdefs.h */
| #define PACKAGE_NAME "wxWidgets"
| #define PACKAGE_TARNAME "wxwidgets"
| #define PACKAGE_VERSION "3.1.6"
| #define PACKAGE_STRING "wxWidgets 3.1.6"
| #define PACKAGE_BUGREPORT "wx-dev@googlegroups.com"
| #define PACKAGE_URL ""
| #define __LINUX__ 1
| /* end confdefs.h.  */
| #include <ac_nonexistent.h>
configure:14518: checking for grep that handles long lines and -e
configure:14576: result: /usr/bin/grep
configure:14581: checking for egrep
configure:14643: result: /usr/bin/grep -E
configure:14649: checking whether gcc needs -traditional
configure:14683: result: no
configure:14750: checking for g++
configure:14766: found /usr/bin/g++
configure:14777: result: g++
configure:14804: checking for C++ compiler version
configure:14813: g++ --version >&5
g++ (Debian 10.2.1-6) 10.2.1 20210110
Copyright (C) 2020 Free Software Foundation, Inc.
This is free software; see the source for copying conditions.  There is NO
warranty; not even for MERCHANTABILITY or FITNESS FOR A PARTICULAR PURPOSE.

configure:14824: $? = 0
configure:14813: g++ -v >&5
Using built-in specs.
COLLECT_GCC=g++
COLLECT_LTO_WRAPPER=/usr/lib/gcc/aarch64-linux-gnu/10/lto-wrapper
Target: aarch64-linux-gnu
Configured with: ../src/configure -v --with-pkgversion='Debian 10.2.1-6' --with-bugurl=file:///usr/share/doc/gcc-10/README.Bugs --enable-languages=c,ada,c++,go,d,fortran,objc,obj-c++,m2 --prefix=/usr --with-gcc-major-version-only --program-suffix=-10 --program-prefix=aarch64-linux-gnu- --enable-shared --enable-linker-build-id --libexecdir=/usr/lib --without-included-gettext --enable-threads=posix --libdir=/usr/lib --enable-nls --enable-bootstrap --enable-clocale=gnu --enable-libstdcxx-debug --enable-libstdcxx-time=yes --with-default-libstdcxx-abi=new --enable-gnu-unique-object --disable-libquadmath --disable-libquadmath-support --enable-plugin --enable-default-pie --with-system-zlib --enable-libphobos-checking=release --with-target-system-zlib=auto --enable-objc-gc=auto --enable-multiarch --enable-fix-cortex-a53-843419 --disable-werror --enable-checking=release --build=aarch64-linux-gnu --host=aarch64-linux-gnu --target=aarch64-linux-gnu --with-build-config=bootstrap-lto-lean --enable-link-mutex
Thread model: posix
Supported LTO compression algorithms: zlib zstd
gcc version 10.2.1 20210110 (Debian 10.2.1-6) 
configure:14824: $? = 0
configure:14813: g++ -V >&5
g++: error: unrecognized command-line option '-V'
g++: fatal error: no input files
compilation terminated.
configure:14824: $? = 1
configure:14813: g++ -qversion >&5
g++: error: unrecognized command-line option '-qversion'; did you mean '--version'?
g++: fatal error: no input files
compilation terminated.
configure:14824: $? = 1
configure:14828: checking whether we are using the GNU C++ compiler
configure:14847: g++ -c   conftest.cpp >&5
configure:14847: $? = 0
configure:14856: result: yes
configure:14865: checking whether g++ accepts -g
configure:14885: g++ -c -g  conftest.cpp >&5
configure:14885: $? = 0
configure:14926: result: yes
configure:14962: checking whether we are using the Intel C++ compiler
configure:14982: g++ -c   conftest.cpp >&5
conftest.cpp: In function 'int main()':
conftest.cpp:16:17: error: 'choke' was not declared in this scope
   16 |                 choke me
      |                 ^~~~~
configure:14982: $? = 1
configure: failed program was:
| /* confdefs.h */
| #define PACKAGE_NAME "wxWidgets"
| #define PACKAGE_TARNAME "wxwidgets"
| #define PACKAGE_VERSION "3.1.6"
| #define PACKAGE_STRING "wxWidgets 3.1.6"
| #define PACKAGE_BUGREPORT "wx-dev@googlegroups.com"
| #define PACKAGE_URL ""
| #define __LINUX__ 1
| /* end confdefs.h.  */
| 
| int
| main ()
| {
| 
|              #ifndef __INTEL_COMPILER
|                 choke me
|              #endif
| 
|   ;
|   return 0;
| }
configure:14992: result: no
configure:15297: checking whether we are using the Sun C++ compiler
configure:15317: g++ -c   conftest.cpp >&5
conftest.cpp: In function 'int main()':
conftest.cpp:16:17: error: 'choke' was not declared in this scope
   16 |                 choke me
      |                 ^~~~~
configure:15317: $? = 1
configure: failed program was:
| /* confdefs.h */
| #define PACKAGE_NAME "wxWidgets"
| #define PACKAGE_TARNAME "wxwidgets"
| #define PACKAGE_VERSION "3.1.6"
| #define PACKAGE_STRING "wxWidgets 3.1.6"
| #define PACKAGE_BUGREPORT "wx-dev@googlegroups.com"
| #define PACKAGE_URL ""
| #define __LINUX__ 1
| /* end confdefs.h.  */
| 
| int
| main ()
| {
| 
|              #ifndef __SUNPRO_CC
|                 choke me
|              #endif
| 
|   ;
|   return 0;
| }
configure:15327: result: no
configure:23008: checking for ar
configure:23024: found /usr/bin/ar
configure:23035: result: ar
configure:23519: checking for ANSI C header files
configure:23539: gcc -c -D_GNU_SOURCE   conftest.c >&5
configure:23539: $? = 0
configure:23612: gcc -o conftest -D_GNU_SOURCE    conftest.c  >&5
configure:23612: $? = 0
configure:23612: ./conftest
configure:23612: $? = 0
configure:23623: result: yes
configure:23636: checking for sys/types.h
configure:23636: gcc -c -D_GNU_SOURCE   conftest.c >&5
configure:23636: $? = 0
configure:23636: result: yes
configure:23636: checking for sys/stat.h
configure:23636: gcc -c -D_GNU_SOURCE   conftest.c >&5
configure:23636: $? = 0
configure:23636: result: yes
configure:23636: checking for stdlib.h
configure:23636: gcc -c -D_GNU_SOURCE   conftest.c >&5
configure:23636: $? = 0
configure:23636: result: yes
configure:23636: checking for string.h
configure:23636: gcc -c -D_GNU_SOURCE   conftest.c >&5
configure:23636: $? = 0
configure:23636: result: yes
configure:23636: checking for memory.h
configure:23636: gcc -c -D_GNU_SOURCE   conftest.c >&5
configure:23636: $? = 0
configure:23636: result: yes
configure:23636: checking for strings.h
configure:23636: gcc -c -D_GNU_SOURCE   conftest.c >&5
configure:23636: $? = 0
configure:23636: result: yes
configure:23636: checking for inttypes.h
configure:23636: gcc -c -D_GNU_SOURCE   conftest.c >&5
configure:23636: $? = 0
configure:23636: result: yes
configure:23636: checking for stdint.h
configure:23636: gcc -c -D_GNU_SOURCE   conftest.c >&5
configure:23636: $? = 0
configure:23636: result: yes
configure:23636: checking for unistd.h
configure:23636: gcc -c -D_GNU_SOURCE   conftest.c >&5
configure:23636: $? = 0
configure:23636: result: yes
configure:23651: checking for langinfo.h
configure:23651: gcc -c -D_GNU_SOURCE   conftest.c >&5
configure:23651: $? = 0
configure:23651: result: yes
configure:23651: checking for wchar.h
configure:23651: gcc -c -D_GNU_SOURCE   conftest.c >&5
configure:23651: $? = 0
configure:23651: result: yes
configure:23682: checking for sys/select.h
configure:23682: gcc -c -D_GNU_SOURCE   conftest.c >&5
configure:23682: $? = 0
configure:23682: result: yes
configure:23702: checking for cxxabi.h
configure:23702: g++ -c   conftest.cpp >&5
configure:23702: $? = 0
configure:23702: result: yes
configure:23722: checking for an ANSI C-conforming const
configure:23788: gcc -c -D_GNU_SOURCE   conftest.c >&5
configure:23788: $? = 0
configure:23795: result: yes
configure:23803: checking for inline
configure:23819: gcc -c -D_GNU_SOURCE   conftest.c >&5
configure:23819: $? = 0
configure:23827: result: inline
configure:23850: checking size of short
configure:23855: gcc -o conftest -D_GNU_SOURCE    conftest.c  >&5
configure:23855: $? = 0
configure:23855: ./conftest
configure:23855: $? = 0
configure:23869: result: 2
configure:23883: checking size of void *
configure:23888: gcc -o conftest -D_GNU_SOURCE    conftest.c  >&5
configure:23888: $? = 0
configure:23888: ./conftest
configure:23888: $? = 0
configure:23902: result: 8
configure:23916: checking size of int
configure:23921: gcc -o conftest -D_GNU_SOURCE    conftest.c  >&5
configure:23921: $? = 0
configure:23921: ./conftest
configure:23921: $? = 0
configure:23935: result: 4
configure:23949: checking size of long
configure:23954: gcc -o conftest -D_GNU_SOURCE    conftest.c  >&5
configure:23954: $? = 0
configure:23954: ./conftest
configure:23954: $? = 0
configure:23968: result: 8
configure:23982: checking size of size_t
configure:23987: gcc -o conftest -D_GNU_SOURCE    conftest.c  >&5
configure:23987: $? = 0
configure:23987: ./conftest
configure:23987: $? = 0
configure:24001: result: 8
configure:24091: checking size of long long
configure:24096: gcc -o conftest -D_GNU_SOURCE    conftest.c  >&5
configure:24096: $? = 0
configure:24096: ./conftest
configure:24096: $? = 0
configure:24110: result: 8
configure:24126: checking size of wchar_t
configure:24131: gcc -o conftest -D_GNU_SOURCE    conftest.c  >&5
configure:24131: $? = 0
configure:24131: ./conftest
configure:24131: $? = 0
configure:24162: result: 4
configure:24176: checking for va_copy
configure:24208: g++ -o conftest    conftest.cpp  >&5
conftest.cpp: In function 'int main()':
conftest.cpp:46:25: warning: ISO C++ forbids converting a string constant to 'char*' [-Wwrite-strings]
   46 |                     foo("hi", 17);
      |                         ^~~~
configure:24208: $? = 0
configure:24225: result: yes
configure:24299: checking for _FILE_OFFSET_BITS value needed for large files
configure:24320: gcc -c -D_GNU_SOURCE   conftest.c >&5
configure:24320: $? = 0
configure:24329: result: 64
configure:24385: checking if large file support is available
configure:24391: result: yes
configure:24464: checking for _LARGEFILE_SOURCE value needed for large files
configure:24483: g++ -o conftest   -D_FILE_OFFSET_BITS=64  conftest.cpp  >&5
configure:24483: $? = 0
configure:24511: result: no
configure:24543: checking whether byte ordering is bigendian
configure:24565: gcc -c -D_GNU_SOURCE   conftest.c >&5
configure:24565: $? = 0
configure:24582: gcc -c -D_GNU_SOURCE   conftest.c >&5
conftest.c: In function 'main':
conftest.c:44:2: error: unknown type name 'not'; did you mean 'ino_t'?
   44 |  not big endian
      |  ^~~
      |  ino_t
conftest.c:44:10: error: expected '=', ',', ';', 'asm' or '__attribute__' before 'endian'
   44 |  not big endian
      |          ^~~~~~
configure:24582: $? = 1
configure: failed program was:
| /* confdefs.h */
| #define PACKAGE_NAME "wxWidgets"
| #define PACKAGE_TARNAME "wxwidgets"
| #define PACKAGE_VERSION "3.1.6"
| #define PACKAGE_STRING "wxWidgets 3.1.6"
| #define PACKAGE_BUGREPORT "wx-dev@googlegroups.com"
| #define PACKAGE_URL ""
| #define __LINUX__ 1
| #define _GNU_SOURCE 1
| #define __UNIX__ 1
| #define STDC_HEADERS 1
| #define HAVE_SYS_TYPES_H 1
| #define HAVE_SYS_STAT_H 1
| #define HAVE_STDLIB_H 1
| #define HAVE_STRING_H 1
| #define HAVE_MEMORY_H 1
| #define HAVE_STRINGS_H 1
| #define HAVE_INTTYPES_H 1
| #define HAVE_STDINT_H 1
| #define HAVE_UNISTD_H 1
| #define HAVE_LANGINFO_H 1
| #define HAVE_WCHAR_H 1
| #define HAVE_SYS_SELECT_H 1
| #define HAVE_CXXABI_H 1
| #define SIZEOF_SHORT 2
| #define SIZEOF_VOID_P 8
| #define SIZEOF_INT 4
| #define SIZEOF_LONG 8
| #define SIZEOF_SIZE_T 8
| #define SIZEOF_LONG_LONG 8
| #define SIZEOF_WCHAR_T 4
| #define HAVE_VA_COPY 1
| #define _FILE_OFFSET_BITS 64
| #define HAVE_LARGEFILE_SUPPORT 1
| #define HAVE_FSEEKO 1
| /* end confdefs.h.  */
| #include <sys/types.h>
| #include <sys/param.h>
| int
| main ()
| {
| 
| #if BYTE_ORDER != BIG_ENDIAN
|  not big endian
| #endif
|   ;
|   return 0;
| }
configure:24618: result: no
configure:24770: checking for std::wstring in <string>
configure:24787: g++ -c   conftest.cpp >&5
configure:24787: $? = 0
configure:24797: result: yes
configure:24864: checking for std::istream
configure:24864: g++ -c   conftest.cpp >&5
configure:24864: $? = 0
configure:24864: g++ -c   conftest.cpp >&5
conftest.cpp: In function 'int main()':
conftest.cpp:43:26: error: expected primary-expression before ')' token
   43 | if (sizeof ((std::istream)))
      |                          ^
configure:24864: $? = 1
configure: failed program was:
| /* confdefs.h */
| #define PACKAGE_NAME "wxWidgets"
| #define PACKAGE_TARNAME "wxwidgets"
| #define PACKAGE_VERSION "3.1.6"
| #define PACKAGE_STRING "wxWidgets 3.1.6"
| #define PACKAGE_BUGREPORT "wx-dev@googlegroups.com"
| #define PACKAGE_URL ""
| #define __LINUX__ 1
| #define _GNU_SOURCE 1
| #define __UNIX__ 1
| #define STDC_HEADERS 1
| #define HAVE_SYS_TYPES_H 1
| #define HAVE_SYS_STAT_H 1
| #define HAVE_STDLIB_H 1
| #define HAVE_STRING_H 1
| #define HAVE_MEMORY_H 1
| #define HAVE_STRINGS_H 1
| #define HAVE_INTTYPES_H 1
| #define HAVE_STDINT_H 1
| #define HAVE_UNISTD_H 1
| #define HAVE_LANGINFO_H 1
| #define HAVE_WCHAR_H 1
| #define HAVE_SYS_SELECT_H 1
| #define HAVE_CXXABI_H 1
| #define SIZEOF_SHORT 2
| #define SIZEOF_VOID_P 8
| #define SIZEOF_INT 4
| #define SIZEOF_LONG 8
| #define SIZEOF_SIZE_T 8
| #define SIZEOF_LONG_LONG 8
| #define SIZEOF_WCHAR_T 4
| #define HAVE_VA_COPY 1
| #define _FILE_OFFSET_BITS 64
| #define HAVE_LARGEFILE_SUPPORT 1
| #define HAVE_FSEEKO 1
| #define HAVE_STD_WSTRING 1
| /* end confdefs.h.  */
| #include <iostream>
| 
| int
| main ()
| {
| if (sizeof ((std::istream)))
| 	    return 0;
|   ;
|   return 0;
| }
configure:24864: result: yes
configure:24876: checking for std::ostream
configure:24876: g++ -c   conftest.cpp >&5
configure:24876: $? = 0
configure:24876: g++ -c   conftest.cpp >&5
conftest.cpp: In function 'int main()':
conftest.cpp:44:26: error: expected primary-expression before ')' token
   44 | if (sizeof ((std::ostream)))
      |                          ^
configure:24876: $? = 1
configure: failed program was:
| /* confdefs.h */
| #define PACKAGE_NAME "wxWidgets"
| #define PACKAGE_TARNAME "wxwidgets"
| #define PACKAGE_VERSION "3.1.6"
| #define PACKAGE_STRING "wxWidgets 3.1.6"
| #define PACKAGE_BUGREPORT "wx-dev@googlegroups.com"
| #define PACKAGE_URL ""
| #define __LINUX__ 1
| #define _GNU_SOURCE 1
| #define __UNIX__ 1
| #define STDC_HEADERS 1
| #define HAVE_SYS_TYPES_H 1
| #define HAVE_SYS_STAT_H 1
| #define HAVE_STDLIB_H 1
| #define HAVE_STRING_H 1
| #define HAVE_MEMORY_H 1
| #define HAVE_STRINGS_H 1
| #define HAVE_INTTYPES_H 1
| #define HAVE_STDINT_H 1
| #define HAVE_UNISTD_H 1
| #define HAVE_LANGINFO_H 1
| #define HAVE_WCHAR_H 1
| #define HAVE_SYS_SELECT_H 1
| #define HAVE_CXXABI_H 1
| #define SIZEOF_SHORT 2
| #define SIZEOF_VOID_P 8
| #define SIZEOF_INT 4
| #define SIZEOF_LONG 8
| #define SIZEOF_SIZE_T 8
| #define SIZEOF_LONG_LONG 8
| #define SIZEOF_WCHAR_T 4
| #define HAVE_VA_COPY 1
| #define _FILE_OFFSET_BITS 64
| #define HAVE_LARGEFILE_SUPPORT 1
| #define HAVE_FSEEKO 1
| #define HAVE_STD_WSTRING 1
| #define HAVE_STD__ISTREAM 1
| /* end confdefs.h.  */
| #include <iostream>
| 
| int
| main ()
| {
| if (sizeof ((std::ostream)))
| 	    return 0;
|   ;
|   return 0;
| }
configure:24876: result: yes
configure:25124: checking for type_traits
configure:25124: g++ -c   conftest.cpp >&5
configure:25124: $? = 0
configure:25124: result: yes
configure:25140: checking for __sync_fetch_and_add and __sync_sub_and_fetch builtins
configure:25164: g++ -o conftest    conftest.cpp  >&5
configure:25164: $? = 0
configure:25174: result: yes
configure:25234: checking for libraries directories
configure:25316: result: /usr/lib/aarch64-linux-gnu /usr/lib
configure:25449: checking for cos
configure:25449: gcc -o conftest -D_GNU_SOURCE    conftest.c  >&5
conftest.c:65:6: warning: conflicting types for built-in function 'cos'; expected 'double(double)' [-Wbuiltin-declaration-mismatch]
   65 | char cos ();
      |      ^~~
conftest.c:53:1: note: 'cos' is declared in header '<math.h>'
   52 | # include <limits.h>
   53 | #else
/usr/bin/ld: /tmp/ccSPvpKC.o: in function `main':
conftest.c:(.text+0x8): undefined reference to `cos'
collect2: error: ld returned 1 exit status
configure:25449: $? = 1
configure: failed program was:
| /* confdefs.h */
| #define PACKAGE_NAME "wxWidgets"
| #define PACKAGE_TARNAME "wxwidgets"
| #define PACKAGE_VERSION "3.1.6"
| #define PACKAGE_STRING "wxWidgets 3.1.6"
| #define PACKAGE_BUGREPORT "wx-dev@googlegroups.com"
| #define PACKAGE_URL ""
| #define __LINUX__ 1
| #define _GNU_SOURCE 1
| #define __UNIX__ 1
| #define STDC_HEADERS 1
| #define HAVE_SYS_TYPES_H 1
| #define HAVE_SYS_STAT_H 1
| #define HAVE_STDLIB_H 1
| #define HAVE_STRING_H 1
| #define HAVE_MEMORY_H 1
| #define HAVE_STRINGS_H 1
| #define HAVE_INTTYPES_H 1
| #define HAVE_STDINT_H 1
| #define HAVE_UNISTD_H 1
| #define HAVE_LANGINFO_H 1
| #define HAVE_WCHAR_H 1
| #define HAVE_SYS_SELECT_H 1
| #define HAVE_CXXABI_H 1
| #define SIZEOF_SHORT 2
| #define SIZEOF_VOID_P 8
| #define SIZEOF_INT 4
| #define SIZEOF_LONG 8
| #define SIZEOF_SIZE_T 8
| #define SIZEOF_LONG_LONG 8
| #define SIZEOF_WCHAR_T 4
| #define HAVE_VA_COPY 1
| #define _FILE_OFFSET_BITS 64
| #define HAVE_LARGEFILE_SUPPORT 1
| #define HAVE_FSEEKO 1
| #define HAVE_STD_WSTRING 1
| #define HAVE_STD__ISTREAM 1
| #define HAVE_STD__OSTREAM 1
| #define HAVE_TYPE_TRAITS 1
| #define HAVE_GCC_ATOMIC_BUILTINS 1
| /* end confdefs.h.  */
| /* Define cos to an innocuous variant, in case <limits.h> declares cos.
|    For example, HP-UX 11i <limits.h> declares gettimeofday.  */
| #define cos innocuous_cos
| 
| /* System header to define __stub macros and hopefully few prototypes,
|     which can conflict with char cos (); below.
|     Prefer <limits.h> to <assert.h> if __STDC__ is defined, since
|     <limits.h> exists even on freestanding compilers.  */
| 
| #ifdef __STDC__
| # include <limits.h>
| #else
| # include <assert.h>
| #endif
| 
| #undef cos
| 
| /* Override any GCC internal prototype to avoid an error.
|    Use char because int might match the return type of a GCC
|    builtin and then its argument prototype would still apply.  */
| #ifdef __cplusplus
| extern "C"
| #endif
| char cos ();
| /* The GNU C library defines this for functions which it implements
|     to always fail with ENOSYS.  Some functions are actually named
|     something starting with __ and the normal name is an alias.  */
| #if defined __stub_cos || defined __stub___cos
| choke me
| #endif
| 
| int
| main ()
| {
| return cos ();
|   ;
|   return 0;
| }
configure:25449: result: no
configure:25460: checking for floor
configure:25460: gcc -o conftest -D_GNU_SOURCE    conftest.c  >&5
conftest.c:65:6: warning: conflicting types for built-in function 'floor'; expected 'double(double)' [-Wbuiltin-declaration-mismatch]
   65 | char floor ();
      |      ^~~~~
conftest.c:53:1: note: 'floor' is declared in header '<math.h>'
   52 | # include <limits.h>
   53 | #else
/usr/bin/ld: /tmp/ccgWe21I.o: in function `main':
conftest.c:(.text+0x8): undefined reference to `floor'
collect2: error: ld returned 1 exit status
configure:25460: $? = 1
configure: failed program was:
| /* confdefs.h */
| #define PACKAGE_NAME "wxWidgets"
| #define PACKAGE_TARNAME "wxwidgets"
| #define PACKAGE_VERSION "3.1.6"
| #define PACKAGE_STRING "wxWidgets 3.1.6"
| #define PACKAGE_BUGREPORT "wx-dev@googlegroups.com"
| #define PACKAGE_URL ""
| #define __LINUX__ 1
| #define _GNU_SOURCE 1
| #define __UNIX__ 1
| #define STDC_HEADERS 1
| #define HAVE_SYS_TYPES_H 1
| #define HAVE_SYS_STAT_H 1
| #define HAVE_STDLIB_H 1
| #define HAVE_STRING_H 1
| #define HAVE_MEMORY_H 1
| #define HAVE_STRINGS_H 1
| #define HAVE_INTTYPES_H 1
| #define HAVE_STDINT_H 1
| #define HAVE_UNISTD_H 1
| #define HAVE_LANGINFO_H 1
| #define HAVE_WCHAR_H 1
| #define HAVE_SYS_SELECT_H 1
| #define HAVE_CXXABI_H 1
| #define SIZEOF_SHORT 2
| #define SIZEOF_VOID_P 8
| #define SIZEOF_INT 4
| #define SIZEOF_LONG 8
| #define SIZEOF_SIZE_T 8
| #define SIZEOF_LONG_LONG 8
| #define SIZEOF_WCHAR_T 4
| #define HAVE_VA_COPY 1
| #define _FILE_OFFSET_BITS 64
| #define HAVE_LARGEFILE_SUPPORT 1
| #define HAVE_FSEEKO 1
| #define HAVE_STD_WSTRING 1
| #define HAVE_STD__ISTREAM 1
| #define HAVE_STD__OSTREAM 1
| #define HAVE_TYPE_TRAITS 1
| #define HAVE_GCC_ATOMIC_BUILTINS 1
| /* end confdefs.h.  */
| /* Define floor to an innocuous variant, in case <limits.h> declares floor.
|    For example, HP-UX 11i <limits.h> declares gettimeofday.  */
| #define floor innocuous_floor
| 
| /* System header to define __stub macros and hopefully few prototypes,
|     which can conflict with char floor (); below.
|     Prefer <limits.h> to <assert.h> if __STDC__ is defined, since
|     <limits.h> exists even on freestanding compilers.  */
| 
| #ifdef __STDC__
| # include <limits.h>
| #else
| # include <assert.h>
| #endif
| 
| #undef floor
| 
| /* Override any GCC internal prototype to avoid an error.
|    Use char because int might match the return type of a GCC
|    builtin and then its argument prototype would still apply.  */
| #ifdef __cplusplus
| extern "C"
| #endif
| char floor ();
| /* The GNU C library defines this for functions which it implements
|     to always fail with ENOSYS.  Some functions are actually named
|     something starting with __ and the normal name is an alias.  */
| #if defined __stub_floor || defined __stub___floor
| choke me
| #endif
| 
| int
| main ()
| {
| return floor ();
|   ;
|   return 0;
| }
configure:25460: result: no
configure:25469: checking if floating point functions link without -lm
configure:25475: result: no
configure:25483: checking for sin
configure:25483: gcc -o conftest -D_GNU_SOURCE    conftest.c  -lm >&5
conftest.c:65:6: warning: conflicting types for built-in function 'sin'; expected 'double(double)' [-Wbuiltin-declaration-mismatch]
   65 | char sin ();
      |      ^~~
conftest.c:53:1: note: 'sin' is declared in header '<math.h>'
   52 | # include <limits.h>
   53 | #else
configure:25483: $? = 0
configure:25483: result: yes
configure:25494: checking for ceil
configure:25494: gcc -o conftest -D_GNU_SOURCE    conftest.c  -lm >&5
conftest.c:66:6: warning: conflicting types for built-in function 'ceil'; expected 'double(double)' [-Wbuiltin-declaration-mismatch]
   66 | char ceil ();
      |      ^~~~
conftest.c:54:1: note: 'ceil' is declared in header '<math.h>'
   53 | # include <limits.h>
   54 | #else
configure:25494: $? = 0
configure:25494: result: yes
configure:25503: checking if floating point functions link with -lm
configure:25506: result: yes
configure:25584: checking for strtoull
configure:25611: g++ -o conftest    conftest.cpp  -lm >&5
configure:25611: $? = 0
configure:25621: result: yes
configure:25695: checking for pkg-config
configure:25713: found /usr/bin/pkg-config
configure:25725: result: /usr/bin/pkg-config
configure:25750: checking pkg-config is at least version 0.9.0
configure:25753: result: yes
configure:25797: checking for LIBPCRE
configure:25805: $PKG_CONFIG --exists --print-errors "libpcre2-$pcre_suffix"
Package libpcre2-32 was not found in the pkg-config search path.
Perhaps you should add the directory containing `libpcre2-32.pc'
to the PKG_CONFIG_PATH environment variable
No package 'libpcre2-32' found
configure:25808: $? = 1
configure:25823: $PKG_CONFIG --exists --print-errors "libpcre2-$pcre_suffix"
Package libpcre2-32 was not found in the pkg-config search path.
Perhaps you should add the directory containing `libpcre2-32.pc'
to the PKG_CONFIG_PATH environment variable
No package 'libpcre2-32' found
configure:25826: $? = 1
No package 'libpcre2-32' found
configure:25877: checking whether pcre submodule exists
configure:25891: result: yes
configure:26029: checking for zlib.h >= 1.1.4
configure:26057: gcc -o conftest -D_GNU_SOURCE    conftest.c  -lm >&5
configure:26057: $? = 0
configure:26057: ./conftest
configure:26057: $? = 0
configure:26068: result: yes
configure:26070: checking for zlib.h
configure:26070: result: yes
configure:26079: checking for deflate in -lz
configure:26104: gcc -o conftest -D_GNU_SOURCE    conftest.c -lz   -lm >&5
configure:26104: $? = 0
configure:26113: result: yes
configure:26168: checking for png.h > 0.90
configure:26193: gcc -o conftest -D_GNU_SOURCE    conftest.c  -lm >&5
configure:26193: $? = 0
configure:26193: ./conftest
configure:26193: $? = 0
configure:26204: result: yes
configure:26206: checking for png.h
configure:26206: result: yes
configure:26215: checking for png_sig_cmp in -lpng
configure:26240: gcc -o conftest -D_GNU_SOURCE    conftest.c -lpng -lz -lm  -lm >&5
configure:26240: $? = 0
configure:26249: result: yes
configure:26298: checking for jpeglib.h
configure:26319: gcc -c -D_GNU_SOURCE   conftest.c >&5
conftest.c:52:30: fatal error: jpeglib.h: No such file or directory
   52 |                     #include <jpeglib.h>
      |                              ^~~~~~~~~~~
compilation terminated.
configure:26319: $? = 1
configure: failed program was:
| /* confdefs.h */
| #define PACKAGE_NAME "wxWidgets"
| #define PACKAGE_TARNAME "wxwidgets"
| #define PACKAGE_VERSION "3.1.6"
| #define PACKAGE_STRING "wxWidgets 3.1.6"
| #define PACKAGE_BUGREPORT "wx-dev@googlegroups.com"
| #define PACKAGE_URL ""
| #define __LINUX__ 1
| #define _GNU_SOURCE 1
| #define __UNIX__ 1
| #define STDC_HEADERS 1
| #define HAVE_SYS_TYPES_H 1
| #define HAVE_SYS_STAT_H 1
| #define HAVE_STDLIB_H 1
| #define HAVE_STRING_H 1
| #define HAVE_MEMORY_H 1
| #define HAVE_STRINGS_H 1
| #define HAVE_INTTYPES_H 1
| #define HAVE_STDINT_H 1
| #define HAVE_UNISTD_H 1
| #define HAVE_LANGINFO_H 1
| #define HAVE_WCHAR_H 1
| #define HAVE_SYS_SELECT_H 1
| #define HAVE_CXXABI_H 1
| #define SIZEOF_SHORT 2
| #define SIZEOF_VOID_P 8
| #define SIZEOF_INT 4
| #define SIZEOF_LONG 8
| #define SIZEOF_SIZE_T 8
| #define SIZEOF_LONG_LONG 8
| #define SIZEOF_WCHAR_T 4
| #define HAVE_VA_COPY 1
| #define _FILE_OFFSET_BITS 64
| #define HAVE_LARGEFILE_SUPPORT 1
| #define HAVE_FSEEKO 1
| #define HAVE_STD_WSTRING 1
| #define HAVE_STD__ISTREAM 1
| #define HAVE_STD__OSTREAM 1
| #define HAVE_TYPE_TRAITS 1
| #define HAVE_GCC_ATOMIC_BUILTINS 1
| #define HAVE_SIN 1
| #define HAVE_CEIL 1
| #define HAVE_STRTOULL 1
| #define wxUSE_REGEX 1
| #define wxUSE_ZLIB 1
| #define wxUSE_LIBPNG 1
| #define wxUSE_LIBJPEG 1
| /* end confdefs.h.  */
| 
|                     #undef HAVE_STDLIB_H
|                     #include <stdio.h>
|                     #include <jpeglib.h>
| 
| int
| main ()
| {
| 
| 
|   ;
|   return 0;
| }
configure:26329: result: no
configure:26379: WARNING: system jpeg library not found, will use built-in instead
configure:26446: checking whether jpeglib.h file exists
configure:26460: result: yes
configure:26532: checking for jbg_dec_init in -ljbig
configure:26557: gcc -o conftest -D_GNU_SOURCE    conftest.c -ljbig   -lm >&5
/usr/bin/ld: cannot find -ljbig
collect2: error: ld returned 1 exit status
configure:26557: $? = 1
configure: failed program was:
| /* confdefs.h */
| #define PACKAGE_NAME "wxWidgets"
| #define PACKAGE_TARNAME "wxwidgets"
| #define PACKAGE_VERSION "3.1.6"
| #define PACKAGE_STRING "wxWidgets 3.1.6"
| #define PACKAGE_BUGREPORT "wx-dev@googlegroups.com"
| #define PACKAGE_URL ""
| #define __LINUX__ 1
| #define _GNU_SOURCE 1
| #define __UNIX__ 1
| #define STDC_HEADERS 1
| #define HAVE_SYS_TYPES_H 1
| #define HAVE_SYS_STAT_H 1
| #define HAVE_STDLIB_H 1
| #define HAVE_STRING_H 1
| #define HAVE_MEMORY_H 1
| #define HAVE_STRINGS_H 1
| #define HAVE_INTTYPES_H 1
| #define HAVE_STDINT_H 1
| #define HAVE_UNISTD_H 1
| #define HAVE_LANGINFO_H 1
| #define HAVE_WCHAR_H 1
| #define HAVE_SYS_SELECT_H 1
| #define HAVE_CXXABI_H 1
| #define SIZEOF_SHORT 2
| #define SIZEOF_VOID_P 8
| #define SIZEOF_INT 4
| #define SIZEOF_LONG 8
| #define SIZEOF_SIZE_T 8
| #define SIZEOF_LONG_LONG 8
| #define SIZEOF_WCHAR_T 4
| #define HAVE_VA_COPY 1
| #define _FILE_OFFSET_BITS 64
| #define HAVE_LARGEFILE_SUPPORT 1
| #define HAVE_FSEEKO 1
| #define HAVE_STD_WSTRING 1
| #define HAVE_STD__ISTREAM 1
| #define HAVE_STD__OSTREAM 1
| #define HAVE_TYPE_TRAITS 1
| #define HAVE_GCC_ATOMIC_BUILTINS 1
| #define HAVE_SIN 1
| #define HAVE_CEIL 1
| #define HAVE_STRTOULL 1
| #define wxUSE_REGEX 1
| #define wxUSE_ZLIB 1
| #define wxUSE_LIBPNG 1
| #define wxUSE_LIBJPEG 1
| /* end confdefs.h.  */
| 
| /* Override any GCC internal prototype to avoid an error.
|    Use char because int might match the return type of a GCC
|    builtin and then its argument prototype would still apply.  */
| #ifdef __cplusplus
| extern "C"
| #endif
| char jbg_dec_init ();
| int
| main ()
| {
| return jbg_dec_init ();
|   ;
|   return 0;
| }
configure:26566: result: no
configure:26583: checking for LIBTIFF
configure:26591: $PKG_CONFIG --exists --print-errors "libtiff-4"
Package libtiff-4 was not found in the pkg-config search path.
Perhaps you should add the directory containing `libtiff-4.pc'
to the PKG_CONFIG_PATH environment variable
No package 'libtiff-4' found
configure:26594: $? = 1
configure:26609: $PKG_CONFIG --exists --print-errors "libtiff-4"
Package libtiff-4 was not found in the pkg-config search path.
Perhaps you should add the directory containing `libtiff-4.pc'
to the PKG_CONFIG_PATH environment variable
No package 'libtiff-4' found
configure:26612: $? = 1
No package 'libtiff-4' found
configure:26641: result: not found via pkg-config
configure:26658: checking for tiffio.h
configure:26658: gcc -c -D_GNU_SOURCE   conftest.c >&5
conftest.c:53:10: fatal error: tiffio.h: No such file or directory
   53 | #include <tiffio.h>
      |          ^~~~~~~~~~
compilation terminated.
configure:26658: $? = 1
configure: failed program was:
| /* confdefs.h */
| #define PACKAGE_NAME "wxWidgets"
| #define PACKAGE_TARNAME "wxwidgets"
| #define PACKAGE_VERSION "3.1.6"
| #define PACKAGE_STRING "wxWidgets 3.1.6"
| #define PACKAGE_BUGREPORT "wx-dev@googlegroups.com"
| #define PACKAGE_URL ""
| #define __LINUX__ 1
| #define _GNU_SOURCE 1
| #define __UNIX__ 1
| #define STDC_HEADERS 1
| #define HAVE_SYS_TYPES_H 1
| #define HAVE_SYS_STAT_H 1
| #define HAVE_STDLIB_H 1
| #define HAVE_STRING_H 1
| #define HAVE_MEMORY_H 1
| #define HAVE_STRINGS_H 1
| #define HAVE_INTTYPES_H 1
| #define HAVE_STDINT_H 1
| #define HAVE_UNISTD_H 1
| #define HAVE_LANGINFO_H 1
| #define HAVE_WCHAR_H 1
| #define HAVE_SYS_SELECT_H 1
| #define HAVE_CXXABI_H 1
| #define SIZEOF_SHORT 2
| #define SIZEOF_VOID_P 8
| #define SIZEOF_INT 4
| #define SIZEOF_LONG 8
| #define SIZEOF_SIZE_T 8
| #define SIZEOF_LONG_LONG 8
| #define SIZEOF_WCHAR_T 4
| #define HAVE_VA_COPY 1
| #define _FILE_OFFSET_BITS 64
| #define HAVE_LARGEFILE_SUPPORT 1
| #define HAVE_FSEEKO 1
| #define HAVE_STD_WSTRING 1
| #define HAVE_STD__ISTREAM 1
| #define HAVE_STD__OSTREAM 1
| #define HAVE_TYPE_TRAITS 1
| #define HAVE_GCC_ATOMIC_BUILTINS 1
| #define HAVE_SIN 1
| #define HAVE_CEIL 1
| #define HAVE_STRTOULL 1
| #define wxUSE_REGEX 1
| #define wxUSE_ZLIB 1
| #define wxUSE_LIBPNG 1
| #define wxUSE_LIBJPEG 1
| #define wxUSE_LIBTIFF 1
| /* end confdefs.h.  */
| 
| 
| 
| #include <tiffio.h>
configure:26658: result: no
configure:26792: WARNING: system tiff library not found, will use built-in instead
configure:26801: checking whether tiff.h file exists
configure:26815: result: yes
configure:26954: checking for expat.h
configure:26954: gcc -c -D_GNU_SOURCE   conftest.c >&5
configure:26954: $? = 0
configure:26954: result: yes
configure:26962: checking if expat.h is valid C++ header
configure:26985: g++ -c   conftest.cpp >&5
configure:26985: $? = 0
configure:27001: result: yes
configure:27004: checking for XML_ParserCreate in -lexpat
configure:27029: gcc -o conftest -D_GNU_SOURCE    conftest.c -lexpat   -lm >&5
configure:27029: $? = 0
configure:27038: result: yes
configure:27346: checking for LIBCURL
configure:27354: $PKG_CONFIG --exists --print-errors "libcurl"
Package libcurl was not found in the pkg-config search path.
Perhaps you should add the directory containing `libcurl.pc'
to the PKG_CONFIG_PATH environment variable
No package 'libcurl' found
configure:27357: $? = 1
configure:27372: $PKG_CONFIG --exists --print-errors "libcurl"
Package libcurl was not found in the pkg-config search path.
Perhaps you should add the directory containing `libcurl.pc'
to the PKG_CONFIG_PATH environment variable
No package 'libcurl' found
configure:27375: $? = 1
No package 'libcurl' found
configure:27405: result: not found
configure:27503: checking for GTK+ version
configure:27512: result: 
configure:27606: checking for pkg-config
configure:27636: result: /usr/bin/pkg-config
configure:27661: checking pkg-config is at least version 0.16
configure:27664: result: yes
configure:27678: checking for GTK+ - version >= 3.0.0
configure:27803: result: no
configure:27831: gcc -o conftest -D_GNU_SOURCE     conftest.c  -lm  >&5
conftest.c:52:10: fatal error: gtk/gtk.h: No such file or directory
   52 | #include <gtk/gtk.h>
      |          ^~~~~~~~~~~
compilation terminated.
configure:27831: $? = 1
configure: failed program was:
| /* confdefs.h */
| #define PACKAGE_NAME "wxWidgets"
| #define PACKAGE_TARNAME "wxwidgets"
| #define PACKAGE_VERSION "3.1.6"
| #define PACKAGE_STRING "wxWidgets 3.1.6"
| #define PACKAGE_BUGREPORT "wx-dev@googlegroups.com"
| #define PACKAGE_URL ""
| #define __LINUX__ 1
| #define _GNU_SOURCE 1
| #define __UNIX__ 1
| #define STDC_HEADERS 1
| #define HAVE_SYS_TYPES_H 1
| #define HAVE_SYS_STAT_H 1
| #define HAVE_STDLIB_H 1
| #define HAVE_STRING_H 1
| #define HAVE_MEMORY_H 1
| #define HAVE_STRINGS_H 1
| #define HAVE_INTTYPES_H 1
| #define HAVE_STDINT_H 1
| #define HAVE_UNISTD_H 1
| #define HAVE_LANGINFO_H 1
| #define HAVE_WCHAR_H 1
| #define HAVE_SYS_SELECT_H 1
| #define HAVE_CXXABI_H 1
| #define SIZEOF_SHORT 2
| #define SIZEOF_VOID_P 8
| #define SIZEOF_INT 4
| #define SIZEOF_LONG 8
| #define SIZEOF_SIZE_T 8
| #define SIZEOF_LONG_LONG 8
| #define SIZEOF_WCHAR_T 4
| #define HAVE_VA_COPY 1
| #define _FILE_OFFSET_BITS 64
| #define HAVE_LARGEFILE_SUPPORT 1
| #define HAVE_FSEEKO 1
| #define HAVE_STD_WSTRING 1
| #define HAVE_STD__ISTREAM 1
| #define HAVE_STD__OSTREAM 1
| #define HAVE_TYPE_TRAITS 1
| #define HAVE_GCC_ATOMIC_BUILTINS 1
| #define HAVE_SIN 1
| #define HAVE_CEIL 1
| #define HAVE_STRTOULL 1
| #define wxUSE_REGEX 1
| #define wxUSE_ZLIB 1
| #define wxUSE_LIBPNG 1
| #define wxUSE_LIBJPEG 1
| #define wxUSE_LIBTIFF 1
| #define wxUSE_XML 1
| /* end confdefs.h.  */
| 
| #include <gtk/gtk.h>
| #include <stdio.h>
| 
| int
| main ()
| {
|  return ((gtk_major_version) || (gtk_minor_version) || (gtk_micro_version));
|   ;
|   return 0;
| }
configure:27932: checking for pkg-config
configure:27962: result: /usr/bin/pkg-config
configure:27987: checking pkg-config is at least version 0.7
configure:27990: result: yes
configure:28001: checking for GTK+ - version >= 2.6.0
configure:28131: result: no
configure:28159: gcc -o conftest -D_GNU_SOURCE     conftest.c  -lm  >&5
conftest.c:52:10: fatal error: gtk/gtk.h: No such file or directory
   52 | #include <gtk/gtk.h>
      |          ^~~~~~~~~~~
compilation terminated.
configure:28159: $? = 1
configure: failed program was:
| /* confdefs.h */
| #define PACKAGE_NAME "wxWidgets"
| #define PACKAGE_TARNAME "wxwidgets"
| #define PACKAGE_VERSION "3.1.6"
| #define PACKAGE_STRING "wxWidgets 3.1.6"
| #define PACKAGE_BUGREPORT "wx-dev@googlegroups.com"
| #define PACKAGE_URL ""
| #define __LINUX__ 1
| #define _GNU_SOURCE 1
| #define __UNIX__ 1
| #define STDC_HEADERS 1
| #define HAVE_SYS_TYPES_H 1
| #define HAVE_SYS_STAT_H 1
| #define HAVE_STDLIB_H 1
| #define HAVE_STRING_H 1
| #define HAVE_MEMORY_H 1
| #define HAVE_STRINGS_H 1
| #define HAVE_INTTYPES_H 1
| #define HAVE_STDINT_H 1
| #define HAVE_UNISTD_H 1
| #define HAVE_LANGINFO_H 1
| #define HAVE_WCHAR_H 1
| #define HAVE_SYS_SELECT_H 1
| #define HAVE_CXXABI_H 1
| #define SIZEOF_SHORT 2
| #define SIZEOF_VOID_P 8
| #define SIZEOF_INT 4
| #define SIZEOF_LONG 8
| #define SIZEOF_SIZE_T 8
| #define SIZEOF_LONG_LONG 8
| #define SIZEOF_WCHAR_T 4
| #define HAVE_VA_COPY 1
| #define _FILE_OFFSET_BITS 64
| #define HAVE_LARGEFILE_SUPPORT 1
| #define HAVE_FSEEKO 1
| #define HAVE_STD_WSTRING 1
| #define HAVE_STD__ISTREAM 1
| #define HAVE_STD__OSTREAM 1
| #define HAVE_TYPE_TRAITS 1
| #define HAVE_GCC_ATOMIC_BUILTINS 1
| #define HAVE_SIN 1
| #define HAVE_CEIL 1
| #define HAVE_STRTOULL 1
| #define wxUSE_REGEX 1
| #define wxUSE_ZLIB 1
| #define wxUSE_LIBPNG 1
| #define wxUSE_LIBJPEG 1
| #define wxUSE_LIBTIFF 1
| #define wxUSE_XML 1
| /* end confdefs.h.  */
| 
| #include <gtk/gtk.h>
| #include <stdio.h>
| 
| int
| main ()
| {
|  return ((gtk_major_version) || (gtk_minor_version) || (gtk_micro_version));
|   ;
|   return 0;
| }
configure:28215: checking for pkg-config
configure:28246: result: /usr/bin/pkg-config
configure:28267: checking for GTK+ - version >= 3.90.0
configure:28392: result: no
configure:28420: gcc -o conftest -D_GNU_SOURCE     conftest.c  -lm  >&5
conftest.c:52:10: fatal error: gtk/gtk.h: No such file or directory
   52 | #include <gtk/gtk.h>
      |          ^~~~~~~~~~~
compilation terminated.
configure:28420: $? = 1
configure: failed program was:
| /* confdefs.h */
| #define PACKAGE_NAME "wxWidgets"
| #define PACKAGE_TARNAME "wxwidgets"
| #define PACKAGE_VERSION "3.1.6"
| #define PACKAGE_STRING "wxWidgets 3.1.6"
| #define PACKAGE_BUGREPORT "wx-dev@googlegroups.com"
| #define PACKAGE_URL ""
| #define __LINUX__ 1
| #define _GNU_SOURCE 1
| #define __UNIX__ 1
| #define STDC_HEADERS 1
| #define HAVE_SYS_TYPES_H 1
| #define HAVE_SYS_STAT_H 1
| #define HAVE_STDLIB_H 1
| #define HAVE_STRING_H 1
| #define HAVE_MEMORY_H 1
| #define HAVE_STRINGS_H 1
| #define HAVE_INTTYPES_H 1
| #define HAVE_STDINT_H 1
| #define HAVE_UNISTD_H 1
| #define HAVE_LANGINFO_H 1
| #define HAVE_WCHAR_H 1
| #define HAVE_SYS_SELECT_H 1
| #define HAVE_CXXABI_H 1
| #define SIZEOF_SHORT 2
| #define SIZEOF_VOID_P 8
| #define SIZEOF_INT 4
| #define SIZEOF_LONG 8
| #define SIZEOF_SIZE_T 8
| #define SIZEOF_LONG_LONG 8
| #define SIZEOF_WCHAR_T 4
| #define HAVE_VA_COPY 1
| #define _FILE_OFFSET_BITS 64
| #define HAVE_LARGEFILE_SUPPORT 1
| #define HAVE_FSEEKO 1
| #define HAVE_STD_WSTRING 1
| #define HAVE_STD__ISTREAM 1
| #define HAVE_STD__OSTREAM 1
| #define HAVE_TYPE_TRAITS 1
| #define HAVE_GCC_ATOMIC_BUILTINS 1
| #define HAVE_SIN 1
| #define HAVE_CEIL 1
| #define HAVE_STRTOULL 1
| #define wxUSE_REGEX 1
| #define wxUSE_ZLIB 1
| #define wxUSE_LIBPNG 1
| #define wxUSE_LIBJPEG 1
| #define wxUSE_LIBTIFF 1
| #define wxUSE_XML 1
| /* end confdefs.h.  */
| 
| #include <gtk/gtk.h>
| #include <stdio.h>
| 
| int
| main ()
| {
|  return ((gtk_get_major_version()) || (gtk_get_minor_version()) || (gtk_get_micro_version()));
|   ;
|   return 0;
| }
configure:28502: checking for gtk-config
configure:28533: result: no
configure:28542: checking for GTK - version >= 1.2.7
configure:28663: result: no
configure:28776: checking for gtk-config
configure:28807: result: no
configure:28816: checking for GTK - version >= 1.2.3
configure:28937: result: no
configure:29039: error: 
The development files for GTK+ were not found. For GTK+ 2, please
ensure that pkg-config is in the path and that gtk+-2.0.pc is
installed. For GTK+ 1.2 please check that gtk-config is in the path,
and that the version is 1.2.3 or above. Also check that the
libraries returned by 'pkg-config gtk+-2.0 --libs' or 'gtk-config
--libs' are in the LD_LIBRARY_PATH or equivalent.
                            

## ---------------- ##
## Cache variables. ##
## ---------------- ##

ac_cv_build=aarch64-unknown-linux-gnu
ac_cv_c_bigendian=no
ac_cv_c_compiler_gnu=yes
ac_cv_c_const=yes
ac_cv_c_inline=inline
ac_cv_cxx_compiler_gnu=yes
ac_cv_env_CAIRO_CFLAGS_set=
ac_cv_env_CAIRO_CFLAGS_value=
ac_cv_env_CAIRO_LIBS_set=
ac_cv_env_CAIRO_LIBS_value=
ac_cv_env_CCC_set=
ac_cv_env_CCC_value=
ac_cv_env_CC_set=
ac_cv_env_CC_value=
ac_cv_env_CFLAGS_set=
ac_cv_env_CFLAGS_value=
ac_cv_env_CPPFLAGS_set=
ac_cv_env_CPPFLAGS_value=
ac_cv_env_CPP_set=
ac_cv_env_CPP_value=
ac_cv_env_CXXFLAGS_set=
ac_cv_env_CXXFLAGS_value=
ac_cv_env_CXX_set=
ac_cv_env_CXX_value=
ac_cv_env_DIRECTFB_CFLAGS_set=
ac_cv_env_DIRECTFB_CFLAGS_value=
ac_cv_env_DIRECTFB_LIBS_set=
ac_cv_env_DIRECTFB_LIBS_value=
ac_cv_env_EGL_CFLAGS_set=
ac_cv_env_EGL_CFLAGS_value=
ac_cv_env_EGL_LIBS_set=
ac_cv_env_EGL_LIBS_value=
ac_cv_env_GLU_CFLAGS_set=
ac_cv_env_GLU_CFLAGS_value=
ac_cv_env_GLU_LIBS_set=
ac_cv_env_GLU_LIBS_value=
ac_cv_env_GL_CFLAGS_set=
ac_cv_env_GL_CFLAGS_value=
ac_cv_env_GL_LIBS_set=
ac_cv_env_GL_LIBS_value=
ac_cv_env_GNOMEVFS_CFLAGS_set=
ac_cv_env_GNOMEVFS_CFLAGS_value=
ac_cv_env_GNOMEVFS_LIBS_set=
ac_cv_env_GNOMEVFS_LIBS_value=
ac_cv_env_GSPELL_CFLAGS_set=
ac_cv_env_GSPELL_CFLAGS_value=
ac_cv_env_GSPELL_LIBS_set=
ac_cv_env_GSPELL_LIBS_value=
ac_cv_env_GST_CFLAGS_set=
ac_cv_env_GST_CFLAGS_value=
ac_cv_env_GST_LIBS_set=
ac_cv_env_GST_LIBS_value=
ac_cv_env_GTKPRINT_CFLAGS_set=
ac_cv_env_GTKPRINT_CFLAGS_value=
ac_cv_env_GTKPRINT_LIBS_set=
ac_cv_env_GTKPRINT_LIBS_value=
ac_cv_env_LDFLAGS_set=
ac_cv_env_LDFLAGS_value=
ac_cv_env_LIBCURL_CFLAGS_set=
ac_cv_env_LIBCURL_CFLAGS_value=
ac_cv_env_LIBCURL_LIBS_set=
ac_cv_env_LIBCURL_LIBS_value=
ac_cv_env_LIBNOTIFY_CFLAGS_set=
ac_cv_env_LIBNOTIFY_CFLAGS_value=
ac_cv_env_LIBNOTIFY_LIBS_set=
ac_cv_env_LIBNOTIFY_LIBS_value=
ac_cv_env_LIBPCRE_CFLAGS_set=
ac_cv_env_LIBPCRE_CFLAGS_value=
ac_cv_env_LIBPCRE_LIBS_set=
ac_cv_env_LIBPCRE_LIBS_value=
ac_cv_env_LIBSECRET_CFLAGS_set=
ac_cv_env_LIBSECRET_CFLAGS_value=
ac_cv_env_LIBSECRET_LIBS_set=
ac_cv_env_LIBSECRET_LIBS_value=
ac_cv_env_LIBS_set=
ac_cv_env_LIBS_value=
ac_cv_env_LIBTIFF_CFLAGS_set=
ac_cv_env_LIBTIFF_CFLAGS_value=
ac_cv_env_LIBTIFF_LIBS_set=
ac_cv_env_LIBTIFF_LIBS_value=
ac_cv_env_MesaGL_CFLAGS_set=
ac_cv_env_MesaGL_CFLAGS_value=
ac_cv_env_MesaGL_LIBS_set=
ac_cv_env_MesaGL_LIBS_value=
ac_cv_env_PANGOFT2_CFLAGS_set=
ac_cv_env_PANGOFT2_CFLAGS_value=
ac_cv_env_PANGOFT2_LIBS_set=
ac_cv_env_PANGOFT2_LIBS_value=
ac_cv_env_PANGOXFT_CFLAGS_set=
ac_cv_env_PANGOXFT_CFLAGS_value=
ac_cv_env_PANGOXFT_LIBS_set=
ac_cv_env_PANGOXFT_LIBS_value=
ac_cv_env_PKG_CONFIG_set=
ac_cv_env_PKG_CONFIG_value=
ac_cv_env_PRIVATE_FONTS_CFLAGS_set=
ac_cv_env_PRIVATE_FONTS_CFLAGS_value=
ac_cv_env_PRIVATE_FONTS_LIBS_set=
ac_cv_env_PRIVATE_FONTS_LIBS_value=
ac_cv_env_QT5_CFLAGS_set=
ac_cv_env_QT5_CFLAGS_value=
ac_cv_env_QT5_LIBS_set=
ac_cv_env_QT5_LIBS_value=
ac_cv_env_SDL_CFLAGS_set=
ac_cv_env_SDL_CFLAGS_value=
ac_cv_env_SDL_LIBS_set=
ac_cv_env_SDL_LIBS_value=
ac_cv_env_SM_CFLAGS_set=
ac_cv_env_SM_CFLAGS_value=
ac_cv_env_SM_LIBS_set=
ac_cv_env_SM_LIBS_value=
ac_cv_env_WAYLAND_EGL_CFLAGS_set=
ac_cv_env_WAYLAND_EGL_CFLAGS_value=
ac_cv_env_WAYLAND_EGL_LIBS_set=
ac_cv_env_WAYLAND_EGL_LIBS_value=
ac_cv_env_WEBKIT_CFLAGS_set=
ac_cv_env_WEBKIT_CFLAGS_value=
ac_cv_env_WEBKIT_LIBS_set=
ac_cv_env_WEBKIT_LIBS_value=
ac_cv_env_XMKMF_set=
ac_cv_env_XMKMF_value=
ac_cv_env_XTST_CFLAGS_set=
ac_cv_env_XTST_CFLAGS_value=
ac_cv_env_XTST_LIBS_set=
ac_cv_env_XTST_LIBS_value=
ac_cv_env_Xinerama_CFLAGS_set=
ac_cv_env_Xinerama_CFLAGS_value=
ac_cv_env_Xinerama_LIBS_set=
ac_cv_env_Xinerama_LIBS_value=
ac_cv_env_Xxf86vm_CFLAGS_set=
ac_cv_env_Xxf86vm_CFLAGS_value=
ac_cv_env_Xxf86vm_LIBS_set=
ac_cv_env_Xxf86vm_LIBS_value=
ac_cv_env_build_alias_set=
ac_cv_env_build_alias_value=
ac_cv_env_host_alias_set=
ac_cv_env_host_alias_value=
ac_cv_env_target_alias_set=
ac_cv_env_target_alias_value=
ac_cv_func_ceil=yes
ac_cv_func_cos=no
ac_cv_func_floor=no
ac_cv_func_sin=yes
ac_cv_header_cxxabi_h=yes
ac_cv_header_expat_h=yes
ac_cv_header_inttypes_h=yes
ac_cv_header_jpeglib_h=no
ac_cv_header_langinfo_h=yes
ac_cv_header_memory_h=yes
ac_cv_header_png_h=yes
ac_cv_header_stdc=yes
ac_cv_header_stdint_h=yes
ac_cv_header_stdlib_h=yes
ac_cv_header_string_h=yes
ac_cv_header_strings_h=yes
ac_cv_header_sys_select_h=yes
ac_cv_header_sys_stat_h=yes
ac_cv_header_sys_types_h=yes
ac_cv_header_tiffio_h=no
ac_cv_header_type_traits=yes
ac_cv_header_unistd_h=yes
ac_cv_header_wchar_h=yes
ac_cv_header_zlib_h=yes
ac_cv_host=aarch64-unknown-linux-gnu
ac_cv_lib_expat_XML_ParserCreate=yes
ac_cv_lib_jbig_jbg_dec_init=no
ac_cv_lib_png_png_sig_cmp=yes
ac_cv_lib_z_deflate=yes
ac_cv_objext=o
ac_cv_path_EGREP='/usr/bin/grep -E'
ac_cv_path_GREP=/usr/bin/grep
ac_cv_path_GTK_CONFIG=no
ac_cv_path_PKG_CONFIG=/usr/bin/pkg-config
ac_cv_path_ac_pt_PKG_CONFIG=/usr/bin/pkg-config
ac_cv_prog_CPP='gcc -E'
ac_cv_prog_ac_ct_AR=ar
ac_cv_prog_ac_ct_CC=gcc
ac_cv_prog_ac_ct_CXX=g++
ac_cv_prog_cc_c89=
ac_cv_prog_cc_g=yes
ac_cv_prog_cxx_g=yes
ac_cv_prog_gcc_traditional=no
ac_cv_sizeof_int=4
ac_cv_sizeof_long=8
ac_cv_sizeof_long_long=8
ac_cv_sizeof_short=2
ac_cv_sizeof_size_t=8
ac_cv_sizeof_void_p=8
ac_cv_sizeof_wchar_t=4
ac_cv_sys_file_offset_bits=64
ac_cv_sys_largefile_source=no
ac_cv_type_std__istream=yes
ac_cv_type_std__ostream=yes
bakefile_cv_c_compiler___INTEL_COMPILER=no
bakefile_cv_cxx_compiler___INTEL_COMPILER=no
bakefile_cv_cxx_compiler___SUNPRO_CC=no
wx_cv_cc_gcc_atomic_builtins=yes
wx_cv_class_stdstring=yes
wx_cv_expat_is_not_broken=yes
wx_cv_func_strtoull=yes
wx_cv_func_va_copy=yes
wx_cv_lib_gtk=none
wx_cv_std_libfullpath='/usr/lib/aarch64-linux-gnu /usr/lib'
wx_cv_std_libpath=lib
wx_cv_use_aboutdlg='wxUSE_ABOUTDLG=${DEFAULT_wxUSE_ABOUTDLG:-yes}'
wx_cv_use_accel='wxUSE_ACCEL=${DEFAULT_wxUSE_ACCEL:-yes}'
wx_cv_use_accessibility='wxUSE_ACCESSIBILITY=${DEFAULT_wxUSE_ACCESSIBILITY:-yes}'
wx_cv_use_actindicator='wxUSE_ACTIVITYINDICATOR=${DEFAULT_wxUSE_ACTIVITYINDICATOR:-yes}'
wx_cv_use_addremovectrl='wxUSE_ADDREMOVECTRL=${DEFAULT_wxUSE_ADDREMOVECTRL:-yes}'
wx_cv_use_all_features='wxUSE_ALL_FEATURES=${DEFAULT_wxUSE_ALL_FEATURES:-yes}'
wx_cv_use_animatectrl='wxUSE_ANIMATIONCTRL=${DEFAULT_wxUSE_ANIMATIONCTRL:-yes}'
wx_cv_use_any='wxUSE_ANY=${DEFAULT_wxUSE_ANY:-yes}'
wx_cv_use_apple_ieee='wxUSE_APPLE_IEEE=${DEFAULT_wxUSE_APPLE_IEEE:-yes}'
wx_cv_use_arcstream='wxUSE_ARCHIVE_STREAMS=${DEFAULT_wxUSE_ARCHIVE_STREAMS:-yes}'
wx_cv_use_artstd='wxUSE_ARTPROVIDER_STD=${DEFAULT_wxUSE_ARTPROVIDER_STD:-yes}'
wx_cv_use_arttango='wxUSE_ARTPROVIDER_TANGO=${DEFAULT_wxUSE_ARTPROVIDER_TANGO:-yes}'
wx_cv_use_aui='wxUSE_AUI=${DEFAULT_wxUSE_AUI:-yes}'
wx_cv_use_autoidman='wxUSE_AUTOID_MANAGEMENT=${DEFAULT_wxUSE_AUTOID_MANAGEMENT:-yes}'
wx_cv_use_backtrace='wxUSE_STACKWALKER=${DEFAULT_wxUSE_STACKWALKER:-yes}'
wx_cv_use_bannerwindow='wxUSE_BANNERWINDOW=${DEFAULT_wxUSE_BANNERWINDOW:-yes}'
wx_cv_use_base64='wxUSE_BASE64=${DEFAULT_wxUSE_BASE64:-yes}'
wx_cv_use_baseevtloop='wxUSE_CONSOLE_EVENTLOOP=${DEFAULT_wxUSE_CONSOLE_EVENTLOOP:-yes}'
wx_cv_use_bmpbutton='wxUSE_BMPBUTTON=${DEFAULT_wxUSE_BMPBUTTON:-yes}'
wx_cv_use_bmpcombobox='wxUSE_BITMAPCOMBOBOX=${DEFAULT_wxUSE_BITMAPCOMBOBOX:-yes}'
wx_cv_use_busyinfo='wxUSE_BUSYINFO=${DEFAULT_wxUSE_BUSYINFO:-yes}'
wx_cv_use_button='wxUSE_BUTTON=${DEFAULT_wxUSE_BUTTON:-yes}'
wx_cv_use_calendar='wxUSE_CALCTRL=${DEFAULT_wxUSE_CALCTRL:-yes}'
wx_cv_use_caret='wxUSE_CARET=${DEFAULT_wxUSE_CARET:-yes}'
wx_cv_use_catch_segvs='wxUSE_ON_FATAL_EXCEPTION=${DEFAULT_wxUSE_ON_FATAL_EXCEPTION:-yes}'
wx_cv_use_checkbox='wxUSE_CHECKBOX=${DEFAULT_wxUSE_CHECKBOX:-yes}'
wx_cv_use_checklst='wxUSE_CHECKLST=${DEFAULT_wxUSE_CHECKLST:-yes}'
wx_cv_use_choice='wxUSE_CHOICE=${DEFAULT_wxUSE_CHOICE:-yes}'
wx_cv_use_choicebook='wxUSE_CHOICEBOOK=${DEFAULT_wxUSE_CHOICEBOOK:-yes}'
wx_cv_use_choicedlg='wxUSE_CHOICEDLG=${DEFAULT_wxUSE_CHOICEDLG:-yes}'
wx_cv_use_clipboard='wxUSE_CLIPBOARD=${DEFAULT_wxUSE_CLIPBOARD:-yes}'
wx_cv_use_cmdline='wxUSE_CMDLINE_PARSER=${DEFAULT_wxUSE_CMDLINE_PARSER:-yes}'
wx_cv_use_coldlg='wxUSE_COLOURDLG=${DEFAULT_wxUSE_COLOURDLG:-yes}'
wx_cv_use_collpane='wxUSE_COLLPANE=${DEFAULT_wxUSE_COLLPANE:-yes}'
wx_cv_use_colourpicker='wxUSE_COLOURPICKERCTRL=${DEFAULT_wxUSE_COLOURPICKERCTRL:-yes}'
wx_cv_use_combobox='wxUSE_COMBOBOX=${DEFAULT_wxUSE_COMBOBOX:-yes}'
wx_cv_use_comboctrl='wxUSE_COMBOCTRL=${DEFAULT_wxUSE_COMBOCTRL:-yes}'
wx_cv_use_commandlinkbutton='wxUSE_COMMANDLINKBUTTON=${DEFAULT_wxUSE_COMMANDLINKBUTTON:-yes}'
wx_cv_use_commondlg='wxUSE_COMMONDLGS=${DEFAULT_wxUSE_COMMONDLGS:-yes}'
wx_cv_use_compat28='WXWIN_COMPATIBILITY_2_8=${DEFAULT_WXWIN_COMPATIBILITY_2_8:-no}'
wx_cv_use_compat30='WXWIN_COMPATIBILITY_3_0=${DEFAULT_WXWIN_COMPATIBILITY_3_0:-yes}'
wx_cv_use_config='wxUSE_CONFIG=${DEFAULT_wxUSE_CONFIG:-yes}'
wx_cv_use_constraints='wxUSE_CONSTRAINTS=${DEFAULT_wxUSE_CONSTRAINTS:-yes}'
wx_cv_use_controls='wxUSE_CONTROLS=${DEFAULT_wxUSE_CONTROLS:-yes}'
wx_cv_use_creddlg='wxUSE_CREDENTIALDLG=${DEFAULT_wxUSE_CREDENTIALDLG:-yes}'
wx_cv_use_dataobj='wxUSE_DATAOBJ=${DEFAULT_wxUSE_DATAOBJ:-yes}'
wx_cv_use_dataviewctrl='wxUSE_DATAVIEWCTRL=${DEFAULT_wxUSE_DATAVIEWCTRL:-yes}'
wx_cv_use_datepick='wxUSE_DATEPICKCTRL=${DEFAULT_wxUSE_DATEPICKCTRL:-yes}'
wx_cv_use_datetime='wxUSE_DATETIME=${DEFAULT_wxUSE_DATETIME:-yes}'
wx_cv_use_dccache='wxUSE_DC_CACHEING=${DEFAULT_wxUSE_DC_CACHEING:-yes}'
wx_cv_use_dctransform='wxUSE_DC_TRANSFORM_MATRIX=${DEFAULT_wxUSE_DC_TRANSFORM_MATRIX:-yes}'
wx_cv_use_debug_cntxt='wxUSE_DEBUG_CONTEXT=${DEFAULT_wxUSE_DEBUG_CONTEXT:-no}'
wx_cv_use_debug_flag='wxUSE_DEBUG_FLAG=${DEFAULT_wxUSE_DEBUG_FLAG:-yes}'
wx_cv_use_debug_gdb='wxUSE_DEBUG_GDB=${DEFAULT_wxUSE_DEBUG_GDB:-no}'
wx_cv_use_debug_info='wxUSE_DEBUG_INFO=${DEFAULT_wxUSE_DEBUG_INFO:-no}'
wx_cv_use_debugreport='wxUSE_DEBUGREPORT=${DEFAULT_wxUSE_DEBUGREPORT:-yes}'
wx_cv_use_detect_sm='wxUSE_DETECT_SM=${DEFAULT_wxUSE_DETECT_SM:-yes}'
wx_cv_use_dialupman='wxUSE_DIALUP_MANAGER=${DEFAULT_wxUSE_DIALUP_MANAGER:-yes}'
wx_cv_use_dirdlg='wxUSE_DIRDLG=${DEFAULT_wxUSE_DIRDLG:-yes}'
wx_cv_use_dirpicker='wxUSE_DIRPICKERCTRL=${DEFAULT_wxUSE_DIRPICKERCTRL:-yes}'
wx_cv_use_display='wxUSE_DISPLAY=${DEFAULT_wxUSE_DISPLAY:-yes}'
wx_cv_use_dmalloc='wxUSE_DMALLOC=${DEFAULT_wxUSE_DMALLOC:-yes}'
wx_cv_use_dnd='wxUSE_DRAG_AND_DROP=${DEFAULT_wxUSE_DRAG_AND_DROP:-yes}'
wx_cv_use_docview='wxUSE_DOC_VIEW_ARCHITECTURE=${DEFAULT_wxUSE_DOC_VIEW_ARCHITECTURE:-yes}'
wx_cv_use_dragimage='wxUSE_DRAGIMAGE=${DEFAULT_wxUSE_DRAGIMAGE:-yes}'
wx_cv_use_dynamicloader='wxUSE_DYNAMIC_LOADER=${DEFAULT_wxUSE_DYNAMIC_LOADER:-yes}'
wx_cv_use_dynlib='wxUSE_DYNLIB_CLASS=${DEFAULT_wxUSE_DYNLIB_CLASS:-yes}'
wx_cv_use_editablebox='wxUSE_EDITABLELISTBOX=${DEFAULT_wxUSE_EDITABLELISTBOX:-yes}'
wx_cv_use_epollloop='wxUSE_EPOLL_DISPATCHER=${DEFAULT_wxUSE_EPOLL_DISPATCHER:-yes}'
wx_cv_use_exceptions='wxUSE_EXCEPTIONS=${DEFAULT_wxUSE_EXCEPTIONS:-yes}'
wx_cv_use_expat=wxUSE_EXPAT=yes
wx_cv_use_extended_rtti='wxUSE_EXTENDED_RTTI=${DEFAULT_wxUSE_EXTENDED_RTTI:-no}'
wx_cv_use_ffile='wxUSE_FFILE=${DEFAULT_wxUSE_FFILE:-yes}'
wx_cv_use_file='wxUSE_FILE=${DEFAULT_wxUSE_FILE:-yes}'
wx_cv_use_filectrl='wxUSE_FILECTRL=${DEFAULT_wxUSE_FILECTRL:-yes}'
wx_cv_use_filedlg='wxUSE_FILEDLG=${DEFAULT_wxUSE_FILEDLG:-yes}'
wx_cv_use_filehistory='wxUSE_FILE_HISTORY=${DEFAULT_wxUSE_FILE_HISTORY:-yes}'
wx_cv_use_filepicker='wxUSE_FILEPICKERCTRL=${DEFAULT_wxUSE_FILEPICKERCTRL:-yes}'
wx_cv_use_fileproto='wxUSE_PROTOCOL_FILE=${DEFAULT_wxUSE_PROTOCOL_FILE:-yes}'
wx_cv_use_filesystem='wxUSE_FILESYSTEM=${DEFAULT_wxUSE_FILESYSTEM:-yes}'
wx_cv_use_finddlg='wxUSE_FINDREPLDLG=${DEFAULT_wxUSE_FINDREPLDLG:-yes}'
wx_cv_use_fontdlg='wxUSE_FONTDLG=${DEFAULT_wxUSE_FONTDLG:-yes}'
wx_cv_use_fontenum='wxUSE_FONTENUM=${DEFAULT_wxUSE_FONTENUM:-yes}'
wx_cv_use_fontmap='wxUSE_FONTMAP=${DEFAULT_wxUSE_FONTMAP:-yes}'
wx_cv_use_fontpicker='wxUSE_FONTPICKERCTRL=${DEFAULT_wxUSE_FONTPICKERCTRL:-yes}'
wx_cv_use_fs_archive='wxUSE_FS_ARCHIVE=${DEFAULT_wxUSE_FS_ARCHIVE:-yes}'
wx_cv_use_fs_inet='wxUSE_FS_INET=${DEFAULT_wxUSE_FS_INET:-yes}'
wx_cv_use_fs_zip='wxUSE_FS_ZIP=${DEFAULT_wxUSE_FS_ZIP:-yes}'
wx_cv_use_fsvolume='wxUSE_FSVOLUME=${DEFAULT_wxUSE_FSVOLUME:-yes}'
wx_cv_use_fswatcher='wxUSE_FSWATCHER=${DEFAULT_wxUSE_FSWATCHER:-yes}'
wx_cv_use_ftp='wxUSE_PROTOCOL_FTP=${DEFAULT_wxUSE_PROTOCOL_FTP:-yes}'
wx_cv_use_gauge='wxUSE_GAUGE=${DEFAULT_wxUSE_GAUGE:-yes}'
wx_cv_use_geometry='wxUSE_GEOMETRY=${DEFAULT_wxUSE_GEOMETRY:-yes}'
wx_cv_use_gif='wxUSE_GIF=${DEFAULT_wxUSE_GIF:-yes}'
wx_cv_use_glcanvasegl='wxUSE_GLCANVAS_EGL=${DEFAULT_wxUSE_GLCANVAS_EGL:-yes}'
wx_cv_use_gnomevfs='wxUSE_LIBGNOMEVFS=${DEFAULT_wxUSE_LIBGNOMEVFS:-yes}'
wx_cv_use_gpe='wxUSE_GPE=${DEFAULT_wxUSE_GPE:-no}'
wx_cv_use_graphics_ctx='wxUSE_GRAPHICS_CONTEXT=${DEFAULT_wxUSE_GRAPHICS_CONTEXT:-yes}'
wx_cv_use_grid='wxUSE_GRID=${DEFAULT_wxUSE_GRID:-yes}'
wx_cv_use_gtkprint='wxUSE_GTKPRINT=${DEFAULT_wxUSE_GTKPRINT:-yes}'
wx_cv_use_gui='wxUSE_GUI=${DEFAULT_wxUSE_GUI:-yes}'
wx_cv_use_headerctrl='wxUSE_HEADERCTRL=${DEFAULT_wxUSE_HEADERCTRL:-yes}'
wx_cv_use_help='wxUSE_HELP=${DEFAULT_wxUSE_HELP:-yes}'
wx_cv_use_hotkey='wxUSE_HOTKEY=${DEFAULT_wxUSE_HOTKEY:-yes}'
wx_cv_use_html='wxUSE_HTML=${DEFAULT_wxUSE_HTML:-yes}'
wx_cv_use_htmlhelp='wxUSE_WXHTML_HELP=${DEFAULT_wxUSE_WXHTML_HELP:-yes}'
wx_cv_use_http='wxUSE_PROTOCOL_HTTP=${DEFAULT_wxUSE_PROTOCOL_HTTP:-yes}'
wx_cv_use_hyperlink='wxUSE_HYPERLINKCTRL=${DEFAULT_wxUSE_HYPERLINKCTRL:-yes}'
wx_cv_use_ico_cur='wxUSE_ICO_CUR=${DEFAULT_wxUSE_ICO_CUR:-yes}'
wx_cv_use_iff='wxUSE_IFF=${DEFAULT_wxUSE_IFF:-yes}'
wx_cv_use_image='wxUSE_IMAGE=${DEFAULT_wxUSE_IMAGE:-yes}'
wx_cv_use_imaglist='wxUSE_IMAGLIST=${DEFAULT_wxUSE_IMAGLIST:-yes}'
wx_cv_use_infobar='wxUSE_INFOBAR=${DEFAULT_wxUSE_INFOBAR:-yes}'
wx_cv_use_intl='wxUSE_INTL=${DEFAULT_wxUSE_INTL:-yes}'
wx_cv_use_ipc='wxUSE_IPC=${DEFAULT_wxUSE_IPC:-yes}'
wx_cv_use_ipv6='wxUSE_IPV6=${DEFAULT_wxUSE_IPV6:-yes}'
wx_cv_use_joystick='wxUSE_JOYSTICK=${DEFAULT_wxUSE_JOYSTICK:-yes}'
wx_cv_use_libcurl='wxUSE_LIBCURL=${DEFAULT_wxUSE_LIBCURL:-yes}'
wx_cv_use_libiconv='wxUSE_LIBICONV=${DEFAULT_wxUSE_LIBICONV:-yes}'
wx_cv_use_libjbig='wxUSE_LIBJBIG=${DEFAULT_wxUSE_LIBJBIG:-yes}'
wx_cv_use_libjpeg=wxUSE_LIBJPEG=yes
wx_cv_use_liblzma='wxUSE_LIBLZMA=${DEFAULT_wxUSE_LIBLZMA:-yes}'
wx_cv_use_libmspack='wxUSE_LIBMSPACK=${DEFAULT_wxUSE_LIBMSPACK:-yes}'
wx_cv_use_libnotify='wxUSE_LIBNOTIFY=${DEFAULT_wxUSE_LIBNOTIFY:-yes}'
wx_cv_use_libpng=wxUSE_LIBPNG=yes
wx_cv_use_libtiff=wxUSE_LIBTIFF=yes
wx_cv_use_libxpm=wxUSE_LIBXPM=yes
wx_cv_use_listbook='wxUSE_LISTBOOK=${DEFAULT_wxUSE_LISTBOOK:-yes}'
wx_cv_use_listbox='wxUSE_LISTBOX=${DEFAULT_wxUSE_LISTBOX:-yes}'
wx_cv_use_listctrl='wxUSE_LISTCTRL=${DEFAULT_wxUSE_LISTCTRL:-yes}'
wx_cv_use_log='wxUSE_LOG=${DEFAULT_wxUSE_LOG:-yes}'
wx_cv_use_logdialog='wxUSE_LOGDIALOG=${DEFAULT_wxUSE_LOGDIALOG:-yes}'
wx_cv_use_loggui='wxUSE_LOGGUI=${DEFAULT_wxUSE_LOGGUI:-yes}'
wx_cv_use_logwin='wxUSE_LOGWINDOW=${DEFAULT_wxUSE_LOGWINDOW:-yes}'
wx_cv_use_longlong='wxUSE_LONGLONG=${DEFAULT_wxUSE_LONGLONG:-yes}'
wx_cv_use_markup='wxUSE_MARKUP=${DEFAULT_wxUSE_MARKUP:-yes}'
wx_cv_use_mdi='wxUSE_MDI=${DEFAULT_wxUSE_MDI:-yes}'
wx_cv_use_mdidoc='wxUSE_MDI_ARCHITECTURE=${DEFAULT_wxUSE_MDI_ARCHITECTURE:-yes}'
wx_cv_use_mediactrl='wxUSE_MEDIACTRL=${DEFAULT_wxUSE_MEDIACTRL:-yes}'
wx_cv_use_mem_tracing='wxUSE_MEM_TRACING=${DEFAULT_wxUSE_MEM_TRACING:-no}'
wx_cv_use_menubar='wxUSE_MENUBAR=${DEFAULT_wxUSE_MENUBAR:-yes}'
wx_cv_use_menus='wxUSE_MENUS=${DEFAULT_wxUSE_MENUS:-yes}'
wx_cv_use_metafile='wxUSE_METAFILE=${DEFAULT_wxUSE_METAFILE:-yes}'
wx_cv_use_mimetype='wxUSE_MIMETYPE=${DEFAULT_wxUSE_MIMETYPE:-yes}'
wx_cv_use_miniframe='wxUSE_MINIFRAME=${DEFAULT_wxUSE_MINIFRAME:-yes}'
wx_cv_use_monolithic='wxUSE_MONOLITHIC=${DEFAULT_wxUSE_MONOLITHIC:-no}'
wx_cv_use_mousewheel='wxUSE_MOUSEWHEEL=${DEFAULT_wxUSE_MOUSEWHEEL:-yes}'
wx_cv_use_msgdlg='wxUSE_MSGDLG=${DEFAULT_wxUSE_MSGDLG:-yes}'
wx_cv_use_mshtmlhelp='wxUSE_MS_HTML_HELP=${DEFAULT_wxUSE_MS_HTML_HELP:-yes}'
wx_cv_use_nanox='wxUSE_NANOX=${DEFAULT_wxUSE_NANOX:-no}'
wx_cv_use_nativedvc='wxUSE_NATIVE_DATAVIEWCTRL=${DEFAULT_wxUSE_NATIVE_DATAVIEWCTRL:-yes}'
wx_cv_use_no_exceptions='wxUSE_NO_EXCEPTIONS=${DEFAULT_wxUSE_NO_EXCEPTIONS:-no}'
wx_cv_use_no_rtti='wxUSE_NO_RTTI=${DEFAULT_wxUSE_NO_RTTI:-no}'
wx_cv_use_notebook='wxUSE_NOTEBOOK=${DEFAULT_wxUSE_NOTEBOOK:-yes}'
wx_cv_use_notifmsg='wxUSE_NOTIFICATION_MESSAGE=${DEFAULT_wxUSE_NOTIFICATION_MESSAGE:-yes}'
wx_cv_use_numberdlg='wxUSE_NUMBERDLG=${DEFAULT_wxUSE_NUMBERDLG:-yes}'
wx_cv_use_odcombobox='wxUSE_ODCOMBOBOX=${DEFAULT_wxUSE_ODCOMBOBOX:-yes}'
wx_cv_use_official_build='wxUSE_OFFICIAL_BUILD=${DEFAULT_wxUSE_OFFICIAL_BUILD:-no}'
wx_cv_use_ole='wxUSE_OLE=${DEFAULT_wxUSE_OLE:-yes}'
wx_cv_use_opengl='wxUSE_OPENGL=${DEFAULT_wxUSE_OPENGL:-yes}'
wx_cv_use_optimise='wxUSE_OPTIMISE=${DEFAULT_wxUSE_OPTIMISE:-yes}'
wx_cv_use_ownerdrawn='wxUSE_OWNER_DRAWN=${DEFAULT_wxUSE_OWNER_DRAWN:-yes}'
wx_cv_use_palette='wxUSE_PALETTE=${DEFAULT_wxUSE_PALETTE:-yes}'
wx_cv_use_pch='wxUSE_PCH=${DEFAULT_wxUSE_PCH:-no}'
wx_cv_use_pcx='wxUSE_PCX=${DEFAULT_wxUSE_PCX:-yes}'
wx_cv_use_permissive='wxUSE_PERMISSIVE=${DEFAULT_wxUSE_PERMISSIVE:-no}'
wx_cv_use_pic='wxUSE_PIC=${DEFAULT_wxUSE_PIC:-yes}'
wx_cv_use_plugins='wxUSE_PLUGINS=${DEFAULT_wxUSE_PLUGINS:-no}'
wx_cv_use_pnm='wxUSE_PNM=${DEFAULT_wxUSE_PNM:-yes}'
wx_cv_use_popupwin='wxUSE_POPUPWIN=${DEFAULT_wxUSE_POPUPWIN:-yes}'
wx_cv_use_postscript='wxUSE_POSTSCRIPT=${DEFAULT_wxUSE_POSTSCRIPT:-yes}'
wx_cv_use_prefseditor='wxUSE_PREFERENCES_EDITOR=${DEFAULT_wxUSE_PREFERENCES_EDITOR:-yes}'
wx_cv_use_printarch='wxUSE_PRINTING_ARCHITECTURE=${DEFAULT_wxUSE_PRINTING_ARCHITECTURE:-yes}'
wx_cv_use_printfposparam='wxUSE_PRINTF_POS_PARAMS=${DEFAULT_wxUSE_PRINTF_POS_PARAMS:-yes}'
wx_cv_use_privatefonts='wxUSE_PRIVATE_FONTS=${DEFAULT_wxUSE_PRIVATE_FONTS:-yes}'
wx_cv_use_profile='wxUSE_PROFILE=${DEFAULT_wxUSE_PROFILE:-no}'
wx_cv_use_progressdlg='wxUSE_PROGRESSDLG=${DEFAULT_wxUSE_PROGRESSDLG:-yes}'
wx_cv_use_propgrid='wxUSE_PROPGRID=${DEFAULT_wxUSE_PROPGRID:-yes}'
wx_cv_use_protocol='wxUSE_PROTOCOL=${DEFAULT_wxUSE_PROTOCOL:-yes}'
wx_cv_use_protocol_file='wxUSE_PROTOCOL_FILE=${DEFAULT_wxUSE_PROTOCOL_FILE:-yes}'
wx_cv_use_protocol_ftp='wxUSE_PROTOCOL_FTP=${DEFAULT_wxUSE_PROTOCOL_FTP:-yes}'
wx_cv_use_protocol_http='wxUSE_PROTOCOL_HTTP=${DEFAULT_wxUSE_PROTOCOL_HTTP:-yes}'
wx_cv_use_protocols='wxUSE_PROTOCOL=${DEFAULT_wxUSE_PROTOCOL:-yes}'
wx_cv_use_ps_in_msw='wxUSE_POSTSCRIPT_ARCHITECTURE_IN_MSW=${DEFAULT_wxUSE_POSTSCRIPT_ARCHITECTURE_IN_MSW:-yes}'
wx_cv_use_radiobox='wxUSE_RADIOBOX=${DEFAULT_wxUSE_RADIOBOX:-yes}'
wx_cv_use_radiobtn='wxUSE_RADIOBTN=${DEFAULT_wxUSE_RADIOBTN:-yes}'
wx_cv_use_rearrangectrl='wxUSE_REARRANGECTRL=${DEFAULT_wxUSE_REARRANGECTRL:-yes}'
wx_cv_use_regex=wxUSE_REGEX=yes
wx_cv_use_regkey='wxUSE_REGKEY=${DEFAULT_wxUSE_REGKEY:-yes}'
wx_cv_use_repro_build='wxUSE_REPRODUCIBLE_BUILD=${DEFAULT_wxUSE_REPRODUCIBLE_BUILD:-no}'
wx_cv_use_ribbon='wxUSE_RIBBON=${DEFAULT_wxUSE_RIBBON:-yes}'
wx_cv_use_richmsgdlg='wxUSE_RICHMSGDLG=${DEFAULT_wxUSE_RICHMSGDLG:-yes}'
wx_cv_use_richtext='wxUSE_RICHTEXT=${DEFAULT_wxUSE_RICHTEXT:-yes}'
wx_cv_use_richtooltip='wxUSE_RICHTOOLTIP=${DEFAULT_wxUSE_RICHTOOLTIP:-yes}'
wx_cv_use_rpath='wxUSE_RPATH=${DEFAULT_wxUSE_RPATH:-yes}'
wx_cv_use_sash='wxUSE_SASH=${DEFAULT_wxUSE_SASH:-yes}'
wx_cv_use_scrollbar='wxUSE_SCROLLBAR=${DEFAULT_wxUSE_SCROLLBAR:-yes}'
wx_cv_use_sdl='wxUSE_LIBSDL=${DEFAULT_wxUSE_LIBSDL:-yes}'
wx_cv_use_searchctrl='wxUSE_SEARCHCTRL=${DEFAULT_wxUSE_SEARCHCTRL:-yes}'
wx_cv_use_secretstore='wxUSE_SECRETSTORE=${DEFAULT_wxUSE_SECRETSTORE:-yes}'
wx_cv_use_selectloop='wxUSE_SELECT_DISPATCHER=${DEFAULT_wxUSE_SELECT_DISPATCHER:-yes}'
wx_cv_use_shared='wxUSE_SHARED=${DEFAULT_wxUSE_SHARED:-yes}'
wx_cv_use_slider='wxUSE_SLIDER=${DEFAULT_wxUSE_SLIDER:-yes}'
wx_cv_use_snglinst='wxUSE_SNGLINST_CHECKER=${DEFAULT_wxUSE_SNGLINST_CHECKER:-yes}'
wx_cv_use_sockets='wxUSE_SOCKETS=${DEFAULT_wxUSE_SOCKETS:-yes}'
wx_cv_use_sound='wxUSE_SOUND=${DEFAULT_wxUSE_SOUND:-yes}'
wx_cv_use_spellcheck='wxUSE_SPELLCHECK=${DEFAULT_wxUSE_SPELLCHECK:-yes}'
wx_cv_use_spinbtn='wxUSE_SPINBTN=${DEFAULT_wxUSE_SPINBTN:-yes}'
wx_cv_use_spinctrl='wxUSE_SPINCTRL=${DEFAULT_wxUSE_SPINCTRL:-yes}'
wx_cv_use_splash='wxUSE_SPLASH=${DEFAULT_wxUSE_SPLASH:-yes}'
wx_cv_use_splines='wxUSE_SPLINES=${DEFAULT_wxUSE_SPLINES:-yes}'
wx_cv_use_splitter='wxUSE_SPLITTER=${DEFAULT_wxUSE_SPLITTER:-yes}'
wx_cv_use_statbmp='wxUSE_STATBMP=${DEFAULT_wxUSE_STATBMP:-yes}'
wx_cv_use_statbox='wxUSE_STATBOX=${DEFAULT_wxUSE_STATBOX:-yes}'
wx_cv_use_statline='wxUSE_STATLINE=${DEFAULT_wxUSE_STATLINE:-yes}'
wx_cv_use_stattext='wxUSE_STATTEXT=${DEFAULT_wxUSE_STATTEXT:-yes}'
wx_cv_use_statusbar='wxUSE_STATUSBAR=${DEFAULT_wxUSE_STATUSBAR:-yes}'
wx_cv_use_stc='wxUSE_STC=${DEFAULT_wxUSE_STC:-yes}'
wx_cv_use_std_containers='wxUSE_STD_CONTAINERS=${DEFAULT_wxUSE_STD_CONTAINERS:-no}'
wx_cv_use_std_containers_compat='wxUSE_STD_CONTAINERS_COMPATIBLY=${DEFAULT_wxUSE_STD_CONTAINERS_COMPATIBLY:-no}'
wx_cv_use_std_iostreams='wxUSE_STD_IOSTREAM=${DEFAULT_wxUSE_STD_IOSTREAM:-no}'
wx_cv_use_std_string='wxUSE_STD_STRING=${DEFAULT_wxUSE_STD_STRING:-no}'
wx_cv_use_std_string_conv_in_wxstring='wxUSE_STD_STRING_CONV_IN_WXSTRING=${DEFAULT_wxUSE_STD_STRING_CONV_IN_WXSTRING:-no}'
wx_cv_use_stdpaths='wxUSE_STDPATHS=${DEFAULT_wxUSE_STDPATHS:-yes}'
wx_cv_use_stl='wxUSE_STL=${DEFAULT_wxUSE_STL:-no}'
wx_cv_use_stopwatch='wxUSE_STOPWATCH=${DEFAULT_wxUSE_STOPWATCH:-yes}'
wx_cv_use_streams='wxUSE_STREAMS=${DEFAULT_wxUSE_STREAMS:-yes}'
wx_cv_use_subdirs='wxWITH_SUBDIRS=${DEFAULT_wxWITH_SUBDIRS:-yes}'
wx_cv_use_svg='wxUSE_SVG=${DEFAULT_wxUSE_SVG:-yes}'
wx_cv_use_sys_libs='wxUSE_SYS_LIBS=${DEFAULT_wxUSE_SYS_LIBS:-yes}'
wx_cv_use_sysoptions='wxUSE_SYSTEM_OPTIONS=${DEFAULT_wxUSE_SYSTEM_OPTIONS:-yes}'
wx_cv_use_tarstream='wxUSE_TARSTREAM=${DEFAULT_wxUSE_TARSTREAM:-yes}'
wx_cv_use_taskbaricon='wxUSE_TASKBARICON=${DEFAULT_wxUSE_TASKBARICON:-yes}'
wx_cv_use_tbarnative='wxUSE_TOOLBAR_NATIVE=${DEFAULT_wxUSE_TOOLBAR_NATIVE:-yes}'
wx_cv_use_tests='wxUSE_TESTS_SUBDIR=${DEFAULT_wxUSE_TESTS_SUBDIR:-yes}'
wx_cv_use_textbuf='wxUSE_TEXTBUFFER=${DEFAULT_wxUSE_TEXTBUFFER:-yes}'
wx_cv_use_textctrl='wxUSE_TEXTCTRL=${DEFAULT_wxUSE_TEXTCTRL:-yes}'
wx_cv_use_textdlg='wxUSE_TEXTDLG=${DEFAULT_wxUSE_TEXTDLG:-yes}'
wx_cv_use_textfile='wxUSE_TEXTFILE=${DEFAULT_wxUSE_TEXTFILE:-yes}'
wx_cv_use_tga='wxUSE_TGA=${DEFAULT_wxUSE_TGA:-yes}'
wx_cv_use_threads='wxUSE_THREADS=${DEFAULT_wxUSE_THREADS:-yes}'
wx_cv_use_timepick='wxUSE_TIMEPICKCTRL=${DEFAULT_wxUSE_TIMEPICKCTRL:-yes}'
wx_cv_use_timer='wxUSE_TIMER=${DEFAULT_wxUSE_TIMER:-yes}'
wx_cv_use_tipdlg='wxUSE_STARTUP_TIPS=${DEFAULT_wxUSE_STARTUP_TIPS:-yes}'
wx_cv_use_tipwindow='wxUSE_TIPWINDOW=${DEFAULT_wxUSE_TIPWINDOW:-yes}'
wx_cv_use_tls='wxUSE_COMPILER_TLS=${DEFAULT_wxUSE_COMPILER_TLS:-yes}'
wx_cv_use_togglebtn='wxUSE_TOGGLEBTN=${DEFAULT_wxUSE_TOGGLEBTN:-yes}'
wx_cv_use_toolbar='wxUSE_TOOLBAR=${DEFAULT_wxUSE_TOOLBAR:-yes}'
wx_cv_use_toolbook='wxUSE_TOOLBOOK=${DEFAULT_wxUSE_TOOLBOOK:-yes}'
wx_cv_use_tooltips='wxUSE_TOOLTIPS=${DEFAULT_wxUSE_TOOLTIPS:-yes}'
wx_cv_use_treebook='wxUSE_TREEBOOK=${DEFAULT_wxUSE_TREEBOOK:-yes}'
wx_cv_use_treectrl='wxUSE_TREECTRL=${DEFAULT_wxUSE_TREECTRL:-yes}'
wx_cv_use_treelist='wxUSE_TREELISTCTRL=${DEFAULT_wxUSE_TREELISTCTRL:-yes}'
wx_cv_use_uiactionsim='wxUSE_UIACTIONSIMULATOR=${DEFAULT_wxUSE_UIACTIONSIMULATOR:-yes}'
wx_cv_use_unicode='wxUSE_UNICODE=${DEFAULT_wxUSE_UNICODE:-yes}'
wx_cv_use_universal='wxUSE_UNIVERSAL=${DEFAULT_wxUSE_UNIVERSAL:-no}'
wx_cv_use_unsafe_conv_in_wxstring='wxUSE_UNSAFE_WXSTRING_CONV=${DEFAULT_wxUSE_UNSAFE_WXSTRING_CONV:-yes}'
wx_cv_use_url='wxUSE_URL=${DEFAULT_wxUSE_URL:-yes}'
wx_cv_use_utf8=wxUSE_UNICODE_UTF8=no
wx_cv_use_utf8only='wxUSE_UNICODE_UTF8_LOCALE=${DEFAULT_wxUSE_UNICODE_UTF8_LOCALE:-no}'
wx_cv_use_uxtheme='wxUSE_UXTHEME=${DEFAULT_wxUSE_UXTHEME:-yes}'
wx_cv_use_validators='wxUSE_VALIDATORS=${DEFAULT_wxUSE_VALIDATORS:-yes}'
wx_cv_use_vararg_macros='wxUSE_VARARG_MACROS=${DEFAULT_wxUSE_VARARG_MACROS:-yes}'
wx_cv_use_variant='wxUSE_VARIANT=${DEFAULT_wxUSE_VARIANT:-yes}'
wx_cv_use_visibility='wxUSE_VISIBILITY=${DEFAULT_wxUSE_VISIBILITY:-yes}'
wx_cv_use_webrequest='wxUSE_WEBREQUEST=${DEFAULT_wxUSE_WEBREQUEST:-yes}'
wx_cv_use_webview='wxUSE_WEBVIEW=${DEFAULT_wxUSE_WEBVIEW:-yes}'
wx_cv_use_webviewie='wxUSE_WEBVIEW_IE=${DEFAULT_wxUSE_WEBVIEW_IE:-yes}'
wx_cv_use_webviewwebkit='wxUSE_WEBVIEW_WEBKIT=${DEFAULT_wxUSE_WEBVIEW_WEBKIT:-yes}'
wx_cv_use_winhttp='wxUSE_WINHTTP=${DEFAULT_wxUSE_WINHTTP:-yes}'
wx_cv_use_wizarddlg='wxUSE_WIZARDDLG=${DEFAULT_wxUSE_WIZARDDLG:-yes}'
wx_cv_use_wxdib='wxUSE_DIB=${DEFAULT_wxUSE_DIB:-yes}'
wx_cv_use_xlocale='wxUSE_XLOCALE=${DEFAULT_wxUSE_XLOCALE:-yes}'
wx_cv_use_xpm='wxUSE_XPM=${DEFAULT_wxUSE_XPM:-yes}'
wx_cv_use_xrc='wxUSE_XRC=${DEFAULT_wxUSE_XRC:-yes}'
wx_cv_use_xtest='wxUSE_XTEST=${DEFAULT_wxUSE_XTEST:-yes}'
wx_cv_use_zipstream='wxUSE_ZIPSTREAM=${DEFAULT_wxUSE_ZIPSTREAM:-yes}'
wx_cv_use_zlib=wxUSE_ZLIB=yes

## ----------------- ##
## Output variables. ##
## ----------------- ##

AIX_CXX_LD=''
AR='ar'
AROPTIONS=''
BK_DEPS=''
BK_MAKE_PCH=''
BUILT_WX_LIBS=''
CAIRO_CFLAGS=''
CAIRO_LIBS=''
CC='gcc'
CFLAGS='-D_GNU_SOURCE '
CFLAGS_VISIBILITY=''
COND_BUILD_debug=''
COND_BUILD_debug_DEBUG_INFO_default=''
COND_BUILD_release=''
COND_BUILD_release_DEBUG_INFO_default=''
COND_DEBUG_FLAG_0=''
COND_DEBUG_INFO_0=''
COND_DEBUG_INFO_1=''
COND_DEPS_TRACKING_0=''
COND_DEPS_TRACKING_1=''
COND_GCC_PCH_1=''
COND_ICC_PCH_1=''
COND_MONOLITHIC_0=''
COND_MONOLITHIC_0_SHARED_0=''
COND_MONOLITHIC_0_SHARED_0_USE_AUI_1=''
COND_MONOLITHIC_0_SHARED_0_USE_GUI_1=''
COND_MONOLITHIC_0_SHARED_0_USE_GUI_1_USE_HTML_1=''
COND_MONOLITHIC_0_SHARED_0_USE_GUI_1_USE_MEDIA_1=''
COND_MONOLITHIC_0_SHARED_0_USE_GUI_1_USE_QA_1=''
COND_MONOLITHIC_0_SHARED_0_USE_GUI_1_USE_WEBVIEW_1=''
COND_MONOLITHIC_0_SHARED_0_USE_PROPGRID_1=''
COND_MONOLITHIC_0_SHARED_0_USE_RIBBON_1=''
COND_MONOLITHIC_0_SHARED_0_USE_RICHTEXT_1=''
COND_MONOLITHIC_0_SHARED_0_USE_STC_1=''
COND_MONOLITHIC_0_SHARED_0_USE_XML_1=''
COND_MONOLITHIC_0_SHARED_0_USE_XRC_1=''
COND_MONOLITHIC_0_SHARED_1=''
COND_MONOLITHIC_0_SHARED_1_USE_AUI_1=''
COND_MONOLITHIC_0_SHARED_1_USE_GUI_1=''
COND_MONOLITHIC_0_SHARED_1_USE_GUI_1_USE_HTML_1=''
COND_MONOLITHIC_0_SHARED_1_USE_GUI_1_USE_MEDIA_1=''
COND_MONOLITHIC_0_SHARED_1_USE_GUI_1_USE_QA_1=''
COND_MONOLITHIC_0_SHARED_1_USE_GUI_1_USE_WEBVIEW_1=''
COND_MONOLITHIC_0_SHARED_1_USE_PROPGRID_1=''
COND_MONOLITHIC_0_SHARED_1_USE_RIBBON_1=''
COND_MONOLITHIC_0_SHARED_1_USE_RICHTEXT_1_USE_XML_1=''
COND_MONOLITHIC_0_SHARED_1_USE_STC_1=''
COND_MONOLITHIC_0_SHARED_1_USE_XML_1=''
COND_MONOLITHIC_0_SHARED_1_USE_XML_1_USE_XRC_1=''
COND_MONOLITHIC_0_USE_AUI_1=''
COND_MONOLITHIC_0_USE_GUI_1=''
COND_MONOLITHIC_0_USE_GUI_1_USE_MEDIA_1=''
COND_MONOLITHIC_0_USE_HTML_1=''
COND_MONOLITHIC_0_USE_MEDIA_1=''
COND_MONOLITHIC_0_USE_PROPGRID_1=''
COND_MONOLITHIC_0_USE_QA_1=''
COND_MONOLITHIC_0_USE_RIBBON_1=''
COND_MONOLITHIC_0_USE_RICHTEXT_1=''
COND_MONOLITHIC_0_USE_STC_1=''
COND_MONOLITHIC_0_USE_WEBVIEW_1=''
COND_MONOLITHIC_0_USE_XML_1=''
COND_MONOLITHIC_0_USE_XRC_1=''
COND_MONOLITHIC_1=''
COND_MONOLITHIC_1_SHARED_0=''
COND_MONOLITHIC_1_SHARED_1=''
COND_MONOLITHIC_1_USE_STC_1=''
COND_OFFICIAL_BUILD_0_PLATFORM_WIN32_1=''
COND_OFFICIAL_BUILD_1_PLATFORM_WIN32_1=''
COND_PLATFORM_MACOSX_0_USE_SOVERCYGWIN_0_USE_SOVERSION_1=''
COND_PLATFORM_MACOSX_0_USE_SOVERSION_1=''
COND_PLATFORM_MACOSX_1=''
COND_PLATFORM_MACOSX_1_PLATFORM_WIN32_1_SHARED_0=''
COND_PLATFORM_MACOSX_1_TOOLKIT_GTK_TOOLKIT_VERSION_2_USE_GUI_1=''
COND_PLATFORM_MACOSX_1_TOOLKIT_GTK_TOOLKIT_VERSION_3_USE_GUI_1=''
COND_PLATFORM_MACOSX_1_TOOLKIT_GTK_TOOLKIT_VERSION_4_USE_GUI_1=''
COND_PLATFORM_MACOSX_1_TOOLKIT_OSX_COCOA_USE_GUI_1=''
COND_PLATFORM_MACOSX_1_TOOLKIT_OSX_COCOA_USE_GUI_1_WXUNIV_0=''
COND_PLATFORM_MACOSX_1_TOOLKIT_OSX_IPHONE_USE_GUI_1=''
COND_PLATFORM_MACOSX_1_TOOLKIT_OSX_IPHONE_USE_GUI_1_WXUNIV_0=''
COND_PLATFORM_MACOSX_1_USE_GUI_1=''
COND_PLATFORM_MACOSX_1_USE_OPENGL_1=''
COND_PLATFORM_MACOSX_1_USE_SOVERSION_1=''
COND_PLATFORM_OS2_1=''
COND_PLATFORM_UNIX_0=''
COND_PLATFORM_UNIX_1=''
COND_PLATFORM_UNIX_1_TOOLKIT_GTK_TOOLKIT_VERSION_2_USE_GUI_1=''
COND_PLATFORM_UNIX_1_TOOLKIT_GTK_TOOLKIT_VERSION_3_USE_GUI_1=''
COND_PLATFORM_UNIX_1_TOOLKIT_GTK_TOOLKIT_VERSION_4_USE_GUI_1=''
COND_PLATFORM_UNIX_1_USE_GUI_1=''
COND_PLATFORM_UNIX_1_USE_PLUGINS_0=''
COND_PLATFORM_WIN32_0=''
COND_PLATFORM_WIN32_0_TOOLKIT_GTK_TOOLKIT_VERSION_3=''
COND_PLATFORM_WIN32_0_TOOLKIT_GTK_TOOLKIT_VERSION_4=''
COND_PLATFORM_WIN32_1=''
COND_PLATFORM_WIN32_1_SHARED_0=''
COND_PLATFORM_WIN32_1_TOOLKIT_GTK_TOOLKIT_VERSION_2_USE_GUI_1=''
COND_PLATFORM_WIN32_1_TOOLKIT_GTK_TOOLKIT_VERSION_3_USE_GUI_1=''
COND_PLATFORM_WIN32_1_TOOLKIT_GTK_TOOLKIT_VERSION_4_USE_GUI_1=''
COND_PLATFORM_WIN32_1_TOOLKIT_QT_USE_GUI_1_WXUNIV_0=''
COND_PYTHON=''
COND_SHARED_0=''
COND_SHARED_0_TOOLKIT_MAC_WXUNIV_0=''
COND_SHARED_0_TOOLKIT_MSW_WXUNIV_0=''
COND_SHARED_0_USE_GUI_1_USE_OPENGL_1=''
COND_SHARED_0_USE_GUI_1_wxUSE_LIBJPEG_builtin=''
COND_SHARED_0_USE_GUI_1_wxUSE_LIBPNG_builtin=''
COND_SHARED_0_USE_GUI_1_wxUSE_LIBTIFF_builtin=''
COND_SHARED_0_USE_STC_1=''
COND_SHARED_0_wxUSE_EXPAT_builtin=''
COND_SHARED_0_wxUSE_REGEX_builtin=''
COND_SHARED_0_wxUSE_ZLIB_builtin=''
COND_SHARED_1=''
COND_SHARED_1_USE_GUI_1=''
COND_SHARED_1_USE_GUI_1_USE_OPENGL_1=''
COND_TOOLKIT_=''
COND_TOOLKIT_COCOA=''
COND_TOOLKIT_DFB=''
COND_TOOLKIT_DFB_USE_GUI_1=''
COND_TOOLKIT_GTK=''
COND_TOOLKIT_GTK_TOOLKIT_VERSION_2=''
COND_TOOLKIT_GTK_TOOLKIT_VERSION_2_USE_GUI_1=''
COND_TOOLKIT_GTK_TOOLKIT_VERSION_2_USE_GUI_1_WXUNIV_0=''
COND_TOOLKIT_GTK_TOOLKIT_VERSION_3=''
COND_TOOLKIT_GTK_TOOLKIT_VERSION_3_USE_GUI_1=''
COND_TOOLKIT_GTK_TOOLKIT_VERSION_3_USE_GUI_1_WXUNIV_0=''
COND_TOOLKIT_GTK_TOOLKIT_VERSION_4=''
COND_TOOLKIT_GTK_TOOLKIT_VERSION_4_USE_GUI_1=''
COND_TOOLKIT_GTK_TOOLKIT_VERSION_4_USE_GUI_1_WXUNIV_0=''
COND_TOOLKIT_GTK_TOOLKIT_VERSION_=''
COND_TOOLKIT_GTK_TOOLKIT_VERSION__USE_GUI_1=''
COND_TOOLKIT_GTK_TOOLKIT_VERSION__USE_GUI_1_WXUNIV_0=''
COND_TOOLKIT_GTK_USE_GUI_1=''
COND_TOOLKIT_MAC=''
COND_TOOLKIT_MOTIF=''
COND_TOOLKIT_MOTIF_USE_GUI_1=''
COND_TOOLKIT_MOTIF_USE_GUI_1_WXUNIV_0=''
COND_TOOLKIT_MSW=''
COND_TOOLKIT_MSW_USE_GUI_1=''
COND_TOOLKIT_MSW_USE_GUI_1_WXUNIV_0=''
COND_TOOLKIT_OSX_CARBON=''
COND_TOOLKIT_OSX_COCOA=''
COND_TOOLKIT_OSX_COCOA_USE_GUI_1=''
COND_TOOLKIT_OSX_COCOA_USE_GUI_1_WXUNIV_0=''
COND_TOOLKIT_OSX_COCOA_WXUNIV_0=''
COND_TOOLKIT_OSX_IPHONE=''
COND_TOOLKIT_OSX_IPHONE_USE_GUI_1=''
COND_TOOLKIT_OSX_IPHONE_USE_GUI_1_WXUNIV_0=''
COND_TOOLKIT_QT=''
COND_TOOLKIT_QT_USE_GUI_1_WXUNIV_0=''
COND_TOOLKIT_X11=''
COND_TOOLKIT_X11_USE_GUI_1=''
COND_UNICODE_1=''
COND_USE_CAIRO_1=''
COND_USE_EXCEPTIONS_0=''
COND_USE_EXCEPTIONS_1=''
COND_USE_GUI_0=''
COND_USE_GUI_1=''
COND_USE_GUI_1_USE_OPENGL_1=''
COND_USE_GUI_1_WXUNIV_0=''
COND_USE_GUI_1_WXUNIV_1=''
COND_USE_GUI_1_wxUSE_LIBJPEG_builtin=''
COND_USE_GUI_1_wxUSE_LIBPNG_builtin=''
COND_USE_GUI_1_wxUSE_LIBTIFF_builtin=''
COND_USE_OPENGL_1=''
COND_USE_PCH_1=''
COND_USE_PLUGINS_0=''
COND_USE_RTTI_0=''
COND_USE_RTTI_1=''
COND_USE_SOTWOSYMLINKS_1=''
COND_USE_SOVERCYGWIN_1_USE_SOVERSION_1=''
COND_USE_SOVERLINUX_1=''
COND_USE_SOVERSION_0=''
COND_USE_SOVERSION_1_USE_SOVERSOLARIS_1=''
COND_USE_SOVERSOLARIS_1=''
COND_USE_STC_1=''
COND_USE_THREADS_0=''
COND_USE_THREADS_1=''
COND_USE_WEBVIEW_WEBKIT2_1=''
COND_USE_XML_1=''
COND_USE_XRC_1=''
COND_WINDOWS_IMPLIB_1=''
COND_WITH_PLUGIN_SDL_1=''
COND_WXUNIV_1=''
COND_wxUSE_EXPAT_builtin=''
COND_wxUSE_LIBJPEG_builtin=''
COND_wxUSE_LIBPNG_builtin=''
COND_wxUSE_LIBTIFF_builtin=''
COND_wxUSE_REGEX_builtin=''
COND_wxUSE_ZLIB_builtin=''
CPP='gcc -E'
CPPFLAGS=''
CXX='g++'
CXXFLAGS=''
CXXFLAGS_VISIBILITY=''
DEBUG_FLAG=''
DEBUG_INFO=''
DEFS=''
DEPS_TRACKING=''
DIRECTFB_CFLAGS=''
DIRECTFB_LIBS=''
DISTDIR=''
DLLIMP_SUFFIX=''
DLLPREFIX=''
DLLPREFIX_MODULE=''
DLLTOOL=''
DMALLOC_LIBS=''
DYLIB_RPATH_INSTALL=''
DYLIB_RPATH_POSTLINK=''
ECHO_C=''
ECHO_N='-n'
ECHO_T=''
EGL_CFLAGS=''
EGL_LIBS=''
EGREP='/usr/bin/grep -E'
EXEEXT=''
EXTRALIBS=''
EXTRALIBS_GUI=''
EXTRALIBS_HTML=''
EXTRALIBS_MEDIA=''
EXTRALIBS_OPENGL=''
EXTRALIBS_SDL=''
EXTRALIBS_STC=''
EXTRALIBS_WEBVIEW=''
EXTRALIBS_XML=''
GCC='yes'
GCC_PCH=''
GLU_CFLAGS=''
GLU_LIBS=''
GL_CFLAGS=''
GL_LIBS=''
GNOMEVFS_CFLAGS=''
GNOMEVFS_LIBS=''
GREP='/usr/bin/grep'
GSPELL_CFLAGS=''
GSPELL_LIBS=''
GST_CFLAGS=''
GST_LIBS=''
GTKPRINT_CFLAGS=''
GTKPRINT_LIBS=''
GTK_CFLAGS=''
GTK_CONFIG='no'
GTK_LIBS=''
GUIDIST=''
GXX_VERSION=''
HAVE_CXX11=''
HAVE_CXX14=''
HAVE_CXX17=''
HAVE_CXX20=''
HEADER_PAD_OPTION=''
HOST_SUFFIX=''
ICC_PCH=''
ICC_PCH_CREATE_SWITCH=''
ICC_PCH_USE_SWITCH=''
IF_GNU_MAKE=''
INSTALL_DATA=''
INSTALL_DIR=''
INSTALL_PROGRAM=''
INSTALL_SCRIPT=''
LDFLAGS=''
LDFLAGS_GL=''
LDFLAGS_GUI=''
LIBCURL_CFLAGS=''
LIBCURL_LIBS=''
LIBEXT=''
LIBICONV=''
LIBNOTIFY_CFLAGS=''
LIBNOTIFY_LIBS=''
LIBOBJS=''
LIBPCRE_CFLAGS=''
LIBPCRE_LIBS=''
LIBPREFIX=''
LIBS=' -lm'
LIBSECRET_CFLAGS=''
LIBSECRET_LIBS=''
LIBTIFF_CFLAGS=''
LIBTIFF_LIBS=''
LN_S=''
LTLIBOBJS=''
MAKE_SET=''
MONOLITHIC=''
MesaGL_CFLAGS=''
MesaGL_LIBS=''
NM=''
OBJCXXFLAGS=''
OBJEXT='o'
OFFICIAL_BUILD=''
OPENGL_LIBS=''
PACKAGE_BUGREPORT='wx-dev@googlegroups.com'
PACKAGE_NAME='wxWidgets'
PACKAGE_STRING='wxWidgets 3.1.6'
PACKAGE_TARNAME='wxwidgets'
PACKAGE_URL=''
PACKAGE_VERSION='3.1.6'
PANGOFT2_CFLAGS=''
PANGOFT2_LIBS=''
PANGOXFT_CFLAGS=''
PANGOXFT_LIBS=''
PATH_SEPARATOR=':'
PIC_FLAG=''
PKG_CONFIG='/usr/bin/pkg-config'
PLATFORM_BEOS=''
PLATFORM_MAC=''
PLATFORM_MACOS=''
PLATFORM_MACOSX=''
PLATFORM_UNIX=''
PLATFORM_WIN32=''
PRIVATE_FONTS_CFLAGS=''
PRIVATE_FONTS_LIBS=''
PYTHON=''
QT5_CFLAGS=''
QT5_LIBS=''
RANLIB=''
RESCOMP=''
SAMPLES_CXXFLAGS=''
SAMPLES_RPATH_FLAG=''
SAMPLES_SUBDIRS=''
SDL_CFLAGS=''
SDL_CONFIG=''
SDL_LIBS=''
SET_MAKE=''
SHARED=''
SHARED_LD_CC=''
SHARED_LD_CXX=''
SHARED_LD_MODULE_CC=''
SHARED_LD_MODULE_CXX=''
SHELL='/bin/bash'
SM_CFLAGS=''
SM_LIBS=''
SONAME_FLAG=''
SO_SUFFIX=''
SO_SUFFIX_MODULE=''
STD_BASE_LIBS=''
STD_GUI_LIBS=''
STRIP=''
TOOLCHAIN_FULLNAME=''
TOOLCHAIN_NAME=''
TOOLKIT=''
TOOLKIT_DIR=''
TOOLKIT_LOWERCASE=''
TOOLKIT_VERSION=''
UNICODE=''
USE_DPI_AWARE_MANIFEST='2'
USE_GUI='1'
USE_MACVERSION=''
USE_PLUGINS=''
USE_SOTWOSYMLINKS=''
USE_SOVERCYGWIN=''
USE_SOVERLINUX=''
USE_SOVERSION=''
USE_SOVERSOLARIS=''
USE_XML='1'
VENDOR='custom'
WAYLAND_EGL_CFLAGS=''
WAYLAND_EGL_LIBS=''
WEBKIT_CFLAGS=''
WEBKIT_LIBS=''
WIDGET_SET=''
WINDOWS_IMPLIB=''
WINDRES=''
WITH_PLUGIN_SDL=''
WXCONFIG_CFLAGS=''
WXCONFIG_CPPFLAGS=' -D_FILE_OFFSET_BITS=64'
WXCONFIG_CXXFLAGS=''
WXCONFIG_LDFLAGS=''
WXCONFIG_LDFLAGS_GUI=''
WXCONFIG_LIBS=''
WXCONFIG_RESFLAGS=''
WXCONFIG_RPATH=''
WXUNIV=''
WX_CFLAGS=''
WX_CHARTYPE=''
WX_CPPFLAGS=''
WX_CXXFLAGS=''
WX_FLAVOUR=''
WX_LDFLAGS=''
WX_LIBRARY_BASENAME_GUI=''
WX_LIBRARY_BASENAME_NOGUI=''
WX_LIB_FLAVOUR=''
WX_RELEASE='3.1'
WX_SUBVERSION='3.1.6.0'
WX_VERSION='3.1.6'
WX_VERSION_TAG=''
XMKMF=''
XTST_CFLAGS=''
XTST_LIBS=''
X_CFLAGS=''
X_EXTRA_LIBS=''
X_LIBS=''
X_PRE_LIBS=''
Xinerama_CFLAGS=''
Xinerama_LIBS=''
Xxf86vm_CFLAGS=''
Xxf86vm_LIBS=''
ac_ct_CC='gcc'
ac_ct_CXX='g++'
bindir='${exec_prefix}/bin'
build='aarch64-unknown-linux-gnu'
build_alias=''
build_cpu='aarch64'
build_os='linux-gnu'
build_vendor='unknown'
cross_compiling='no'
datadir='${datarootdir}'
datarootdir='${prefix}/share'
dlldir=''
docdir='${datarootdir}/doc/${PACKAGE_TARNAME}'
dvidir='${docdir}'
exec_prefix='NONE'
host='aarch64-unknown-linux-gnu'
host_alias=''
host_cpu='aarch64'
host_os='linux-gnu'
host_vendor='unknown'
htmldir='${docdir}'
includedir='${prefix}/include'
infodir='${datarootdir}/info'
libdir='${exec_prefix}/lib'
libexecdir='${exec_prefix}/libexec'
localedir='${datarootdir}/locale'
localstatedir='${prefix}/var'
mandir='${datarootdir}/man'
oldincludedir='/usr/include'
pdfdir='${docdir}'
prefix='NONE'
program_transform_name='s,x,x,'
psdir='${docdir}'
runstatedir='${localstatedir}/run'
sbindir='${exec_prefix}/sbin'
sharedstatedir='${prefix}/com'
subdirs=''
subdirs_extra=''
sysconfdir='${prefix}/etc'
target_alias=''
wxCFLAGS_C99=''
wxPCRE2_CODE_UNIT_WIDTH='32'
wxUSE_EXPAT='sys'
wxUSE_LIBJPEG='builtin'
wxUSE_LIBPNG='sys'
wxUSE_LIBTIFF='builtin'
wxUSE_REGEX='builtin'
wxUSE_XML='yes'
wxUSE_ZLIB='sys'
wx_top_builddir='/home/rb/wxWidgets-3.1.6'

## ----------- ##
## confdefs.h. ##
## ----------- ##

/* confdefs.h */
#define PACKAGE_NAME "wxWidgets"
#define PACKAGE_TARNAME "wxwidgets"
#define PACKAGE_VERSION "3.1.6"
#define PACKAGE_STRING "wxWidgets 3.1.6"
#define PACKAGE_BUGREPORT "wx-dev@googlegroups.com"
#define PACKAGE_URL ""
#define __LINUX__ 1
#define _GNU_SOURCE 1
#define __UNIX__ 1
#define STDC_HEADERS 1
#define HAVE_SYS_TYPES_H 1
#define HAVE_SYS_STAT_H 1
#define HAVE_STDLIB_H 1
#define HAVE_STRING_H 1
#define HAVE_MEMORY_H 1
#define HAVE_STRINGS_H 1
#define HAVE_INTTYPES_H 1
#define HAVE_STDINT_H 1
#define HAVE_UNISTD_H 1
#define HAVE_LANGINFO_H 1
#define HAVE_WCHAR_H 1
#define HAVE_SYS_SELECT_H 1
#define HAVE_CXXABI_H 1
#define SIZEOF_SHORT 2
#define SIZEOF_VOID_P 8
#define SIZEOF_INT 4
#define SIZEOF_LONG 8
#define SIZEOF_SIZE_T 8
#define SIZEOF_LONG_LONG 8
#define SIZEOF_WCHAR_T 4
#define HAVE_VA_COPY 1
#define _FILE_OFFSET_BITS 64
#define HAVE_LARGEFILE_SUPPORT 1
#define HAVE_FSEEKO 1
#define HAVE_STD_WSTRING 1
#define HAVE_STD__ISTREAM 1
#define HAVE_STD__OSTREAM 1
#define HAVE_TYPE_TRAITS 1
#define HAVE_GCC_ATOMIC_BUILTINS 1
#define HAVE_SIN 1
#define HAVE_CEIL 1
#define HAVE_STRTOULL 1
#define wxUSE_REGEX 1
#define wxUSE_ZLIB 1
#define wxUSE_LIBPNG 1
#define wxUSE_LIBJPEG 1
#define wxUSE_LIBTIFF 1
#define wxUSE_XML 1

configure: exit 1
