      Timing level               3
1
 
 Parameters
 ==========

 Files
 -----
 Solution file..........         0       Old basis file ........         0       Standard input.........         5
 Insert file............         0       New basis file ........         0       (Printer)..............         9
 Punch file.............         0       Backup basis file......         0       (Specs file)...........         0
 Load file..............         0       Dump file..............         0       Standard output........         6

 Frequencies
 -----------
 Print frequency........       100       Check frequency........        60       Save new basis map.....       100
 Summary frequency......       100       Factorization frequency        50       Expand frequency.......     10000

 QP subproblems
 --------------
 QPsolver Cholesky......
 Scale tolerance........      .900       Minor feasibility tol..  1.00E-06       Iteration limit........     10000
 Scale option...........         0       Minor optimality  tol..  1.00E-06       Minor print level......         1
 Crash tolerance........      .100       Pivot tolerance........  3.25E-11       Partial price..........         1
 Crash option...........         3       Elastic weight.........  1.00E+04       Prtl price section ( A)        99
                                         New superbasics........        99       Prtl price section (-I)        49

 The SQP Method
 --------------
 Minimize...............                 Cold start.............                 Proximal Point method..         1
 Nonlinear objectiv vars        99       Objective Row..........         1       Function precision.....  3.00E-13
 Unbounded step size....  1.00E+20       Superbasics limit......        99       Difference interval....  5.48E-07
 Unbounded objective....  1.00E+15       Reduced Hessian dim....        99       Central difference int.  6.70E-05
 Major step limit.......  2.00E+00       Derivative linesearch..                 Derivative option......         1
 Major iterations limit.      1000       Linesearch tolerance...    .90000       Verify level...........        -1
 Minor iterations limit.       500       Penalty parameter......  0.00E+00       Major Print Level......         1
                                         Major optimality tol...  2.00E-06

 Hessian Approximation
 ---------------------
 Limited-Memory Hessian.                 Hessian updates........        10       Hessian frequency......  99999999
                                                                                 Hessian flush..........  99999999

 Nonlinear constraints
 ---------------------
 Nonlinear constraints..        48       Major feasibility tol..  1.00E-06       Violation limit........  1.00E+06
 Nonlinear Jacobian vars        99

 Miscellaneous
 -------------
 LU factor tolerance....      3.99       LU singularity tol.....  3.25E-11       Timing level...........         3
 LU update tolerance....      3.99       LU swap tolerance......  1.22E-04       Debug level............         0
 LU partial  pivoting...                 eps (machine precision)  2.22E-16       System information.....        No
                                                                                 Sticky parameters......       Yes
1
 

 

 Matrix statistics
 -----------------
               Total      Normal        Free       Fixed     Bounded
 Rows             49           0           1          48           0
 Columns          99           0           0           4          95

 No. of matrix elements                 4016     Density      82.787
 Biggest  constant element        0.0000E+00  (excluding fixed columns,
 Smallest constant element        0.0000E+00   free rows, and RHS)

 No. of objective coefficients             0

 Nonlinear constraints      48     Linear constraints       1
 Nonlinear variables        99     Linear variables         0
 Jacobian  variables        99     Objective variables     99
 Total constraints          49     Total variables         99
1
 

 
 The user has defined    4115   out of    4115   first  derivatives
1
 
 

   Itns Major Minors    Step   nCon Feasible  Optimal  MeritFunction     L+U BSwap     nS  condHz Penalty
     47     0     47              1 (9.0E-16) 3.0E+00  5.0000000E+01      49           47 2.4E+02         _  r
     48     1      1 1.9E-01      2  2.7E-01  1.3E+00  3.1936741E+01      49           47 2.2E+02         _n rl
     49     2      1 1.6E-01      3  4.7E-01  6.5E-01  2.2491628E+01      49           47 2.2E+02         _s  l
     50     3      1 1.0E+00      4  1.3E+00  1.2E+00  7.7557977E+00      49           47 2.8E+02         _
     51     4      1 1.0E+00      5  5.6E-01  8.1E-01  5.2293349E+00      49           47 3.0E+02 9.5E-03 _
     52     5      1 1.0E+00      6  3.8E-01  3.3E-01  2.9813501E+00      49           47 3.0E+02 9.5E-03 _
     53     6      1 1.0E+00      7  1.6E-01  1.6E-01  1.9514559E+00      49           47 2.8E+02 9.5E-03 _
     54     7      1 1.0E+00      8  1.7E-01  6.2E-02  1.5254643E+00      49           47 2.8E+02 9.5E-03 _
     55     8      1 1.0E+00      9  5.2E-02  5.4E-02  1.3815620E+00     262    11     47 3.0E+01 9.5E-03 _
     56     9      1 1.0E+00     10  1.8E-02  4.1E-02  1.2680443E+00     262           47 3.0E+01 9.5E-03 _
     57    10      1 1.0E+00     11  3.4E-03  3.4E-02  1.2279410E+00     262           47 3.2E+01 9.5E-03 _
     58    11      1 1.0E+00     12  1.2E-03  2.8E-02  1.2116013E+00     262           47 3.7E+01 9.5E-03 _
     59    12      1 1.0E+00     13  2.6E-03  2.0E-02  1.1955530E+00     262           47 3.4E+01 9.5E-03 _  R
     60    13      1 1.0E+00     14  8.2E-05  1.9E-02  1.1894329E+00     262           47 3.9E+01 9.5E-03 _s
     61    14      1 1.0E+00     15  3.9E-03  9.2E-02  1.1815697E+00     262           47 4.3E+01 9.5E-03 _
     62    15      1 1.0E+00     16  1.0E-03  8.5E-02  1.1745668E+00     262           47 4.3E+01 9.5E-03 _
     63    16      1 1.0E+00     17  4.6E-04  4.8E-02  1.1693665E+00     262           47 4.3E+01 9.5E-03 _
     64    17      1 1.0E+00     18  1.3E-04  2.2E-02  1.1642927E+00     266     3     47 1.0E+02 9.5E-03 _
     65    18      1 1.0E+00     19  3.1E-04  2.6E-02  1.1620859E+00     266           47 1.4E+02 9.5E-03 _
     66    19      1 1.0E+00     20  5.0E-04  1.3E-02  1.1577071E+00     266           47 2.0E+02 9.5E-03 _

   Itns Major Minors    Step   nCon Feasible  Optimal  MeritFunction     L+U BSwap     nS  condHz Penalty
     67    20      1 1.0E+00     21  4.3E-04  2.5E-02  1.1553625E+00     266           47 3.3E+02 9.5E-03 _
     68    21      1 1.0E+00     22  1.9E-04  3.1E-02  1.1527701E+00     266           47 4.5E+02 9.5E-03 _
     69    22      1 1.0E+00     23  3.1E-04  1.8E-02  1.1506660E+00     266           47 5.3E+02 9.5E-03 _
     70    23      1 1.0E+00     24  1.3E-04  5.4E-03  1.1487939E+00     266           47 1.5E+02 9.5E-03 _  R
     71    24      1 1.0E+00     25  8.2E-06  4.3E-03  1.1483772E+00     266           47 1.9E+02 9.5E-03 _s
     72    25      1 1.0E+00     26  5.0E-05  5.7E-03  1.1480215E+00     266           47 2.5E+02 9.5E-03 _
     73    26      1 1.0E+00     27  1.2E-05  3.4E-03  1.1479240E+00     266     3     47 6.2E+01 9.5E-03 _
     74    27      1 1.0E+00     28  2.9E-06  1.5E-03  1.1478541E+00     266           47 6.8E+01 9.5E-03 _
     75    28      1 1.0E+00     29  1.7E-06  1.9E-03  1.1478206E+00     266           47 1.2E+02 9.5E-03 _
     76    29      1 1.0E+00     30  5.1E-06  1.7E-03  1.1477857E+00     266           47 1.9E+02 9.5E-03 _
     77    30      1 1.0E+00     31  6.0E-06  7.2E-04  1.1477715E+00     266           47 1.9E+02 9.5E-03 _
     78    31      1 1.0E+00     32 (3.0E-07) 3.2E-04  1.1477674E+00     266           47 1.8E+02 9.5E-03 _
     79    32      1 1.0E+00     33 (7.0E-08) 2.1E-04  1.1477657E+00     266           47 2.2E+02 9.5E-03 _
     80    33      1 1.0E+00     34 (2.8E-07) 1.4E-04  1.1477631E+00     266           47 2.2E+02 9.5E-03 _
     81    34      1 1.0E+00     35 (2.7E-08) 1.2E-04  1.1477621E+00     266           47 2.3E+02 9.5E-03 _  R
     82    35      1 1.0E+00     36 (8.9E-08) 7.4E-05  1.1477616E+00     258     4     47 2.1E+02 9.5E-03 _s
     83    36      1 1.0E+00     37 (4.2E-08) 4.4E-05  1.1477616E+00     258           47 2.0E+02 9.5E-03 _
     84    37      1 1.0E+00     38 (3.3E-09) 1.5E-05  1.1477615E+00     258           47 2.1E+02 9.5E-03 _
     85    38      1 1.0E+00     39 (5.6E-10) 1.4E-05  1.1477615E+00     258           47 2.0E+02 9.5E-03 _
     86    39      1 1.0E+00     40 (1.5E-10) 5.0E-06  1.1477615E+00     258           47 2.0E+02 9.5E-03 _

   Itns Major Minors    Step   nCon Feasible  Optimal  MeritFunction     L+U BSwap     nS  condHz Penalty
     87    40      1 1.0E+00     41 (4.8E-11) 2.7E-06  1.1477615E+00     258           47 2.0E+02 9.5E-03 _
     88    41      1 1.0E+00     42 (1.5E-12)(5.2E-07) 1.1477615E+00     258           47 2.0E+02 9.5E-03 _
1
 
 SNOPTA EXIT   0 -- finished successfully
 SNOPTA INFO   1 -- optimality conditions satisfied

 Problem name
 No. of iterations                  88   Objective value      1.1477615351E+00
 No. of major iterations            41   Linear objective     0.0000000000E+00
 Penalty parameter           9.518E-03   Nonlinear objective  1.1477615351E+00
 No. of calls to funobj             42   No. of calls to funcon             42
 No. of superbasics                 47   No. of basic nonlinears            48
 No. of degenerate steps             0   Percentage                        .00
 Max x                      99 5.0E+01   Max pi                     49 1.0E+00
 Max Primal infeas           0 0.0E+00   Max Dual infeas            23 1.0E-06
 Nonlinear constraint violn    1.1E-11
1
 
 Name                                    Objective Value      1.1477615351E+00

 Status         Optimal Soln             Iteration     88    Superbasics    47

 Objective               (Min)
 RHS
 Ranges
 Bounds

 Section 1 - Rows

  Number  ...Row.. State  ...Activity...  Slack Activity  ..Lower Limit.  ..Upper Limit.  .Dual Activity    ..i
 
     100  r      1    BS          .               .                None            None         -1.0          1
     101  r      2    EQ          .00000          .00000          .               .               .00052      2
     102  r      3    EQ          .00000          .00000          .               .               .00332      3
     103  r      4    EQ          .00000          .00000          .               .               .00582      4
     104  r      5    EQ          .00000          .00000          .               .               .00670      5
     105  r      6    EQ          .00000          .00000          .               .               .00549      6
     106  r      7    EQ          .00000          .00000          .               .               .00349      7
     107  r      8    EQ          .00000          .00000          .               .               .00185      8
     108  r      9    EQ          .00000          .00000          .               .               .00086      9
     109  r     10    EQ          .00000          .00000          .               .               .00036     10
     110  r     11    EQ          .00000          .00000          .               .               .00014     11
     111  r     12    EQ          .00000          .00000          .               .               .00005     12
     112  r     13    EQ          .00000          .00000          .               .               .00002     13
     113  r     14    EQ          .00000          .00000          .               .               .00001     14
     114  r     15    EQ          .00000          .00000          .               .               .00000     15
     115  r     16 A  EQ          .00000          .00000          .               .               .00000     16
     116  r     17 A  EQ          .00000          .00000          .               .               .00000     17
     117  r     18 A  EQ          .00000          .00000          .               .               .00000     18
     118  r     19 A  EQ          .00000          .00000          .               .               .00000     19
     119  r     20 A  EQ          .00000          .00000          .               .               .00000     20
     120  r     21 A  EQ          .00000          .00000          .               .               .00000     21
     121  r     22 A  EQ          .00000          .00000          .               .               .00000     22
     122  r     23 A  EQ          .00000          .00000          .               .               .00000     23
     123  r     24 A  EQ          .00000          .00000          .               .               .00000     24
     124  r     25 A  EQ          .00000          .00000          .               .               .00000     25
     125  r     26 A  EQ          .00000          .00000          .               .               .00000     26
     126  r     27 A  EQ          .00000          .00000          .               .               .00000     27
     127  r     28 A  EQ          .00000          .00000          .               .               .00000     28
     128  r     29 A  EQ          .00000          .00000          .               .               .00000     29
     129  r     30    EQ          .00000          .00000          .               .               .00000     30
     130  r     31    EQ          .00000          .00000          .               .              -.00001     31
     131  r     32    EQ          .00000          .00000          .               .               .00002     32
     132  r     33    EQ          .00000          .00000          .               .              -.00002     33
     133  r     34    EQ          .00000          .00000          .               .               .00002     34
     134  r     35    EQ          .00000          .00000          .               .              -.00002     35
     135  r     36    EQ          .00000          .00000          .               .               .00002     36
     136  r     37    EQ          .00000          .00000          .               .              -.00003     37
     137  r     38    EQ          .00000          .00000          .               .               .00002     38
     138  r     39    EQ          .00000          .00000          .               .              -.00007     39
     139  r     40    EQ          .00000          .00000          .               .              -.00005     40
     140  r     41    EQ          .00000          .00000          .               .              -.00027     41
     141  r     42    EQ          .00000          .00000          .               .              -.00052     42
     142  r     43    EQ          .00000          .00000          .               .              -.00132     43
     143  r     44    EQ          .00000          .00000          .               .              -.00256     44
     144  r     45    EQ          .00000          .00000          .               .              -.00479     45
     145  r     46    EQ          .00000          .00000          .               .              -.00760     46
     146  r     47    EQ          .00000          .00000          .               .              -.01109     47
     147  r     48    EQ          .00000          .00000          .               .              -.01340     48
     148  r     49    EQ          .00000          .00000          .               .              -.00967     49
1
 
 Section 2 - Columns

  Number  .Column. State  ...Activity...  .Obj Gradient.  ..Lower Limit.  ..Upper Limit.  Reduced Gradnt    m+j
 
       1  x      1    EQ         1.0              .03125         1.0             1.0              .41422     50
       2  x      2    BS          .85974          .16461       -50.00000        50.00000          .00000     51
       3  x      3    BS          .63427          .21558       -50.00000        50.00000          .00000     52
       4  x      4    BS          .41379          .19856       -50.00000        50.00000          .00000     53
       5  x      5   SBS          .23954          .14563       -50.00000        50.00000          .00000     54
       6  x      6   SBS          .12269          .08847       -50.00000        50.00000          .00000     55
       7  x      7   SBS          .05708          .04661       -50.00000        50.00000          .00000     56
       8  x      8   SBS          .02398          .02139       -50.00000        50.00000          .00000     57
       9  x      9   SBS          .00980          .00926       -50.00000        50.00000          .00000     58
      10  x     10   SBS          .00352          .00343       -50.00000        50.00000          .00000     59
      11  x     11   SBS          .00153          .00150       -50.00000        50.00000          .00000     60
      12  x     12   SBS          .00038          .00037       -50.00000        50.00000          .00000     61
      13  x     13   SBS          .00033          .00030       -50.00000        50.00000          .00000     62
      14  x     14   SBS         -.00004         -.00003       -50.00000        50.00000          .00000     63
      15  x     15   SBS          .00015          .00011       -50.00000        50.00000          .00000     64
      16  x     16   SBS         -.00008         -.00006       -50.00000        50.00000          .00000     65
      17  x     17   SBS          .00010          .00005       -50.00000        50.00000          .00000     66
      18  x     18    BS         -.00007         -.00003       -50.00000        50.00000          .00000     67
      19  x     19    BS          .00007          .00002       -50.00000        50.00000          .00000     68
      20  x     20    BS         -.00004          .00000       -50.00000        50.00000          .00000     69
      21  x     21   SBS          .00000          .00000       -50.00000        50.00000          .00000     70
      22  x     22   SBS          .00000          .00000       -50.00000        50.00000          .00000     71
      23  x     23   SBS          .00000          .00000       -50.00000        50.00000          .00000     72
      24  x     24   SBS          .00000          .00000       -50.00000        50.00000          .00000     73
      25  x     25   SBS          .00000          .00000       -50.00000        50.00000          .00000     74
      26  x     26   SBS          .00000          .00000       -50.00000        50.00000          .00000     75
      27  x     27   SBS          .00000          .00000       -50.00000        50.00000          .00000     76
      28  x     28   SBS          .00000          .00000       -50.00000        50.00000          .00000     77
      29  x     29   SBS          .00000          .00000       -50.00000        50.00000          .00000     78
      30  x     30    BS          .00000          .00000       -50.00000        50.00000          .00000     79
      31  x     31    BS          .00001          .00000       -50.00000        50.00000          .00000     80
      32  x     32    BS          .00001          .00000       -50.00000        50.00000          .00000     81
      33  x     33   SBS          .00001          .00001       -50.00000        50.00000          .00000     82
      34  x     34   SBS          .00002          .00002       -50.00000        50.00000          .00000     83
      35  x     35   SBS          .00006          .00005       -50.00000        50.00000          .00000     84
      36  x     36   SBS          .00012          .00011       -50.00000        50.00000          .00000     85
      37  x     37   SBS          .00033          .00031       -50.00000        50.00000          .00000     86
      38  x     38   SBS          .00083          .00081       -50.00000        50.00000          .00000     87
      39  x     39   SBS          .00225          .00220       -50.00000        50.00000          .00000     88
      40  x     40   SBS          .00591          .00570       -50.00000        50.00000          .00000     89
      41  x     41   SBS          .01525          .01405       -50.00000        50.00000          .00000     90
      42  x     42   SBS          .03711          .03180       -50.00000        50.00000          .00000     91
      43  x     43   SBS          .08398          .06477       -50.00000        50.00000          .00000     92
      44  x     44   SBS          .17252          .11501       -50.00000        50.00000          .00000     93
      45  x     45   SBS          .31719          .17306       -50.00000        50.00000          .00000     94
      46  x     46   SBS          .51581          .21208       -50.00000        50.00000          .00000     95
      47  x     47    BS          .74378          .19830       -50.00000        50.00000          .00000     96
      48  x     48    BS          .93953          .10872       -50.00000        50.00000          .00000     97
      49  x     49    EQ         1.0              .              1.0             1.0             2.41377     98
      50  x     50   SBS         -.41414         -.01294       -50.00000        50.00000          .00000     99
      51  x     51   SBS         -.43365         -.08303       -50.00000        50.00000          .00000    100
      52  x     52   SBS         -.42840         -.14561       -50.00000        50.00000          .00000    101
      53  x     53    BS         -.34920         -.16756       -50.00000        50.00000          .00000    102
      54  x     54    BS         -.22590         -.13734       -50.00000        50.00000          .00000    103
      55  x     55    BS         -.12113         -.08735       -50.00000        50.00000          .00000    104
      56  x     56    BS         -.05665         -.04626       -50.00000        50.00000          .00000    105
      57  x     57    BS         -.02419         -.02157       -50.00000        50.00000          .00000    106
      58  x     58    BS         -.00960         -.00908       -50.00000        50.00000          .00000    107
      59  x     59    BS         -.00369         -.00360       -50.00000        50.00000          .00000    108
      60  x     60    BS         -.00138         -.00135       -50.00000        50.00000          .00000    109
      61  x     61    BS         -.00052         -.00050       -50.00000        50.00000          .00000    110
      62  x     62    BS         -.00021         -.00020       -50.00000        50.00000          .00000    111
      63  x     63    BS         -.00007         -.00006       -50.00000        50.00000          .00000    112
      64  x     64    BS         -.00006         -.00004       -50.00000        50.00000          .00000    113
      65  x     65    BS          .00000          .00000       -50.00000        50.00000          .00000    114
      66  x     66    BS         -.00003         -.00002       -50.00000        50.00000          .00000    115
      67  x     67   SBS          .00002          .00001       -50.00000        50.00000          .00000    116
      68  x     68   SBS         -.00002         -.00001       -50.00000        50.00000          .00000    117
      69  x     69   SBS          .00001          .00000       -50.00000        50.00000          .00000    118
      70  x     70    BS          .00000          .00000       -50.00000        50.00000          .00000    119
      71  x     71    BS          .00000          .00000       -50.00000        50.00000          .00000    120
      72  x     72    BS          .00000          .00000       -50.00000        50.00000          .00000    121
      73  x     73    BS          .00000          .00000       -50.00000        50.00000          .00000    122
      74  x     74    BS          .00000          .00000       -50.00000        50.00000          .00000    123
      75  x     75    BS          .00000          .00000       -50.00000        50.00000          .00000    124
      76  x     76    BS          .00000          .00000       -50.00000        50.00000          .00000    125
      77  x     77    BS          .00000          .00000       -50.00000        50.00000          .00000    126
      78  x     78   SBS         -.00365         -.00011       -50.00000        50.00000          .00000    127
      79  x     79   SBS          .00149          .00028       -50.00000        50.00000          .00000    128
      80  x     80   SBS         -.00112         -.00038       -50.00000        50.00000          .00000    129
      81  x     81    BS          .00097          .00047       -50.00000        50.00000          .00000    130
      82  x     82    BS         -.00086         -.00052       -50.00000        50.00000          .00000    131
      83  x     83    BS          .00085          .00061       -50.00000        50.00000          .00000    132
      84  x     84    BS         -.00075         -.00061       -50.00000        50.00000          .00000    133
      85  x     85    BS          .00093          .00083       -50.00000        50.00000          .00000    134
      86  x     86    BS         -.00050         -.00048       -50.00000        50.00000          .00000    135
      87  x     87    BS          .00170          .00166       -50.00000        50.00000          .00000    136
      88  x     88    BS          .00132          .00129       -50.00000        50.00000          .00000    137
      89  x     89    BS          .00694          .00668       -50.00000        50.00000          .00000    138
      90  x     90    BS          .01410          .01299       -50.00000        50.00000          .00000    139
      91  x     91    BS          .03850          .03299       -50.00000        50.00000          .00000    140
      92  x     92    BS          .08297          .06399       -50.00000        50.00000          .00000    141
      93  x     93    BS          .17975          .11983       -50.00000        50.00000          .00000    142
      94  x     94    BS          .34804          .18989       -50.00000        50.00000          .00000    143
      95  x     95   SBS          .67461          .27737       -50.00000        50.00000          .00000    144
      96  x     96    BS         1.25660          .33502       -50.00000        50.00000          .00000    145
      97  x     97   SBS         2.08810          .24163       -50.00000        50.00000          .00000    146
      98  x     98    EQ          .              -.02296          .               .               .00000    147
      99  x     99    EQ        50.00000          .02296        50.00000        50.00000          .00000    148
 
 Time for MPS input                              .00 seconds
 Time for solving problem                       1.51 seconds
 Time for solution output                        .00 seconds
 Time for constraint functions                  1.54 seconds
 Time for objective function                     .00 seconds
